<?xml version="1.0" encoding="UTF-8"?>
<coverage generated="1781130996239" clover="3.2.0">
  <project timestamp="1781130996240" name="All files">
    <metrics statements="1856" coveredstatements="878" conditionals="2212" coveredconditionals="750" methods="581" coveredmethods="160" elements="4649" coveredelements="1788" complexity="0" loc="1856" ncloc="1856" packages="32" files="129" classes="129"/>
    <package name="components.Layout">
      <metrics statements="15" coveredstatements="8" conditionals="33" coveredconditionals="9" methods="7" coveredmethods="1"/>
      <file name="SarakAnalyticalPage.tsx" path="C:\Users\Igor\Desktop\Sarak\X - Trabalho\Code\Biblioteca\Sarak-Lib-UI-Core\src\components\Layout\SarakAnalyticalPage.tsx">
        <metrics statements="15" coveredstatements="8" conditionals="33" coveredconditionals="9" methods="7" coveredmethods="1"/>
        <line num="22" count="3" type="stmt"/>
        <line num="29" count="1" type="stmt"/>
        <line num="30" count="1" type="stmt"/>
        <line num="31" count="1" type="stmt"/>
        <line num="33" count="1" type="stmt"/>
        <line num="34" count="1" type="stmt"/>
        <line num="36" count="1" type="cond" truecount="1" falsecount="1"/>
        <line num="37" count="0" type="stmt"/>
        <line num="44" count="0" type="stmt"/>
        <line num="53" count="0" type="stmt"/>
        <line num="76" count="0" type="stmt"/>
        <line num="79" count="0" type="stmt"/>
        <line num="89" count="0" type="stmt"/>
        <line num="92" count="0" type="stmt"/>
        <line num="103" count="1" type="stmt"/>
      </file>
    </package>
    <package name="components.atomic.Cards">
      <metrics statements="89" coveredstatements="65" conditionals="185" coveredconditionals="103" methods="21" coveredmethods="11"/>
      <file name="SarakActionCard.tsx" path="C:\Users\Igor\Desktop\Sarak\X - Trabalho\Code\Biblioteca\Sarak-Lib-UI-Core\src\components\atomic\Cards\SarakActionCard.tsx">
        <metrics statements="35" coveredstatements="29" conditionals="67" coveredconditionals="37" methods="6" coveredmethods="4"/>
        <line num="16" count="3" type="cond" truecount="1" falsecount="0"/>
        <line num="17" count="1" type="stmt"/>
        <line num="18" count="1" type="cond" truecount="1" falsecount="1"/>
        <line num="19" count="1" type="stmt"/>
        <line num="21" count="1" type="stmt"/>
        <line num="22" count="7" type="cond" truecount="2" falsecount="0"/>
        <line num="23" count="3" type="stmt"/>
        <line num="24" count="3" type="cond" truecount="2" falsecount="0"/>
        <line num="25" count="0" type="stmt"/>
        <line num="28" count="1" type="cond" truecount="2" falsecount="0"/>
        <line num="29" count="1" type="stmt"/>
        <line num="30" count="1" type="stmt"/>
        <line num="31" count="1" type="stmt"/>
        <line num="32" count="1" type="stmt"/>
        <line num="33" count="1" type="cond" truecount="1" falsecount="1"/>
        <line num="34" count="1" type="stmt"/>
        <line num="37" count="1" type="cond" truecount="2" falsecount="0"/>
        <line num="38" count="1" type="cond" truecount="1" falsecount="1"/>
        <line num="39" count="1" type="cond" truecount="1" falsecount="1"/>
        <line num="40" count="1" type="cond" truecount="1" falsecount="1"/>
        <line num="42" count="1" type="stmt"/>
        <line num="43" count="1" type="stmt"/>
        <line num="44" count="1" type="stmt"/>
        <line num="45" count="1" type="stmt"/>
        <line num="46" count="1" type="stmt"/>
        <line num="47" count="1" type="stmt"/>
        <line num="49" count="1" type="stmt"/>
        <line num="56" count="1" type="cond" truecount="2" falsecount="3"/>
        <line num="58" count="0" type="stmt"/>
        <line num="66" count="0" type="stmt"/>
        <line num="74" count="0" type="stmt"/>
        <line num="83" count="1" type="stmt"/>
        <line num="92" count="1" type="stmt"/>
        <line num="152" count="0" type="cond" truecount="0" falsecount="2"/>
        <line num="166" count="0" type="stmt"/>
      </file>
      <file name="SarakSearchCard.tsx" path="C:\Users\Igor\Desktop\Sarak\X - Trabalho\Code\Biblioteca\Sarak-Lib-UI-Core\src\components\atomic\Cards\SarakSearchCard.tsx">
        <metrics statements="34" coveredstatements="18" conditionals="76" coveredconditionals="38" methods="10" coveredmethods="2"/>
        <line num="17" count="3" type="stmt"/>
        <line num="26" count="1" type="stmt"/>
        <line num="27" count="1" type="cond" truecount="1" falsecount="2"/>
        <line num="28" count="1" type="stmt"/>
        <line num="29" count="1" type="stmt"/>
        <line num="32" count="1" type="stmt"/>
        <line num="38" count="1" type="stmt"/>
        <line num="39" count="0" type="stmt"/>
        <line num="40" count="0" type="stmt"/>
        <line num="41" count="0" type="cond" truecount="0" falsecount="2"/>
        <line num="44" count="1" type="stmt"/>
        <line num="45" count="0" type="stmt"/>
        <line num="46" count="0" type="stmt"/>
        <line num="47" count="0" type="stmt"/>
        <line num="48" count="0" type="cond" truecount="0" falsecount="2"/>
        <line num="49" count="0" type="stmt"/>
        <line num="54" count="1" type="cond" truecount="2" falsecount="0"/>
        <line num="55" count="1" type="cond" truecount="1" falsecount="1"/>
        <line num="56" count="1" type="cond" truecount="2" falsecount="0"/>
        <line num="57" count="1" type="stmt"/>
        <line num="60" count="1" type="stmt"/>
        <line num="61" count="3" type="stmt"/>
        <line num="62" count="3" type="stmt"/>
        <line num="64" count="3" type="cond" truecount="2" falsecount="3"/>
        <line num="66" count="0" type="stmt"/>
        <line num="85" count="0" type="stmt"/>
        <line num="104" count="0" type="stmt"/>
        <line num="122" count="3" type="stmt"/>
        <line num="141" count="1" type="stmt"/>
        <line num="206" count="0" type="stmt"/>
        <line num="207" count="0" type="stmt"/>
        <line num="219" count="0" type="stmt"/>
        <line num="231" count="0" type="stmt"/>
        <line num="243" count="0" type="stmt"/>
      </file>
      <file name="SarakTitleCard.tsx" path="C:\Users\Igor\Desktop\Sarak\X - Trabalho\Code\Biblioteca\Sarak-Lib-UI-Core\src\components\atomic\Cards\SarakTitleCard.tsx">
        <metrics statements="20" coveredstatements="18" conditionals="42" coveredconditionals="28" methods="5" coveredmethods="5"/>
        <line num="15" count="3" type="cond" truecount="1" falsecount="0"/>
        <line num="16" count="2" type="stmt"/>
        <line num="17" count="2" type="cond" truecount="1" falsecount="1"/>
        <line num="19" count="2" type="stmt"/>
        <line num="20" count="8" type="cond" truecount="1" falsecount="1"/>
        <line num="21" count="8" type="stmt"/>
        <line num="22" count="8" type="cond" truecount="2" falsecount="0"/>
        <line num="23" count="0" type="stmt"/>
        <line num="26" count="2" type="cond" truecount="1" falsecount="1"/>
        <line num="27" count="2" type="stmt"/>
        <line num="28" count="2" type="stmt"/>
        <line num="29" count="2" type="cond" truecount="1" falsecount="1"/>
        <line num="31" count="2" type="stmt"/>
        <line num="32" count="3" type="cond" truecount="3" falsecount="1"/>
        <line num="33" count="1" type="stmt"/>
        <line num="34" count="1" type="stmt"/>
        <line num="35" count="1" type="stmt"/>
        <line num="36" count="0" type="stmt"/>
        <line num="40" count="2" type="stmt"/>
        <line num="118" count="3" type="stmt"/>
      </file>
    </package>
    <package name="components.atomic.Icon">
      <metrics statements="17" coveredstatements="14" conditionals="20" coveredconditionals="13" methods="1" coveredmethods="1"/>
      <file name="IconMap.ts" path="C:\Users\Igor\Desktop\Sarak\X - Trabalho\Code\Biblioteca\Sarak-Lib-UI-Core\src\components\atomic\Icon\IconMap.ts">
        <metrics statements="1" coveredstatements="1" conditionals="0" coveredconditionals="0" methods="0" coveredmethods="0"/>
        <line num="186" count="5" type="stmt"/>
      </file>
      <file name="SarakIcon.tsx" path="C:\Users\Igor\Desktop\Sarak\X - Trabalho\Code\Biblioteca\Sarak-Lib-UI-Core\src\components\atomic\Icon\SarakIcon.tsx">
        <metrics statements="16" coveredstatements="13" conditionals="20" coveredconditionals="13" methods="1" coveredmethods="1"/>
        <line num="16" count="5" type="cond" truecount="2" falsecount="0"/>
        <line num="17" count="77" type="stmt"/>
        <line num="18" count="77" type="cond" truecount="2" falsecount="0"/>
        <line num="19" count="77" type="cond" truecount="2" falsecount="0"/>
        <line num="21" count="77" type="stmt"/>
        <line num="23" count="77" type="cond" truecount="2" falsecount="0"/>
        <line num="25" count="4" type="cond" truecount="1" falsecount="1"/>
        <line num="26" count="4" type="stmt"/>
        <line num="27" count="4" type="cond" truecount="1" falsecount="1"/>
        <line num="30" count="73" type="cond" truecount="1" falsecount="1"/>
        <line num="31" count="0" type="stmt"/>
        <line num="34" count="73" type="cond" truecount="1" falsecount="1"/>
        <line num="35" count="0" type="stmt"/>
        <line num="36" count="0" type="cond" truecount="0" falsecount="2"/>
        <line num="39" count="73" type="stmt"/>
        <line num="40" count="73" type="cond" truecount="1" falsecount="1"/>
      </file>
    </package>
    <package name="components.atomic.Templates">
      <metrics statements="74" coveredstatements="12" conditionals="156" coveredconditionals="5" methods="30" coveredmethods="3"/>
      <file name="SarakExpandableMatrix.tsx" path="C:\Users\Igor\Desktop\Sarak\X - Trabalho\Code\Biblioteca\Sarak-Lib-UI-Core\src\components\atomic\Templates\SarakExpandableMatrix.tsx">
        <metrics statements="74" coveredstatements="12" conditionals="156" coveredconditionals="5" methods="30" coveredmethods="3"/>
        <line num="60" count="4" type="stmt"/>
        <line num="61" count="0" type="stmt"/>
        <line num="68" count="0" type="cond" truecount="0" falsecount="2"/>
        <line num="70" count="0" type="cond" truecount="0" falsecount="2"/>
        <line num="71" count="0" type="stmt"/>
        <line num="72" count="0" type="stmt"/>
        <line num="74" count="0" type="stmt"/>
        <line num="84" count="4" type="stmt"/>
        <line num="85" count="0" type="stmt"/>
        <line num="86" count="0" type="stmt"/>
        <line num="100" count="4" type="stmt"/>
        <line num="101" count="0" type="stmt"/>
        <line num="102" count="0" type="stmt"/>
        <line num="115" count="4" type="stmt"/>
        <line num="124" count="0" type="stmt"/>
        <line num="125" count="0" type="stmt"/>
        <line num="127" count="0" type="stmt"/>
        <line num="128" count="0" type="cond" truecount="0" falsecount="2"/>
        <line num="131" count="0" type="cond" truecount="0" falsecount="2"/>
        <line num="132" count="0" type="stmt"/>
        <line num="135" count="0" type="stmt"/>
        <line num="136" count="0" type="cond" truecount="0" falsecount="2"/>
        <line num="137" count="0" type="stmt"/>
        <line num="138" count="0" type="stmt"/>
        <line num="139" count="0" type="cond" truecount="0" falsecount="2"/>
        <line num="143" count="0" type="cond" truecount="0" falsecount="2"/>
        <line num="144" count="0" type="stmt"/>
        <line num="151" count="0" type="stmt"/>
        <line num="152" count="0" type="stmt"/>
        <line num="158" count="0" type="cond" truecount="0" falsecount="2"/>
        <line num="159" count="0" type="stmt"/>
        <line num="161" count="0" type="stmt"/>
        <line num="174" count="0" type="cond" truecount="0" falsecount="2"/>
        <line num="175" count="0" type="stmt"/>
        <line num="177" count="0" type="stmt"/>
        <line num="190" count="0" type="stmt"/>
        <line num="195" count="0" type="cond" truecount="0" falsecount="2"/>
        <line num="196" count="0" type="stmt"/>
        <line num="206" count="0" type="cond" truecount="0" falsecount="2"/>
        <line num="232" count="0" type="stmt"/>
        <line num="239" count="0" type="stmt"/>
        <line num="256" count="0" type="cond" truecount="0" falsecount="2"/>
        <line num="257" count="0" type="stmt"/>
        <line num="261" count="0" type="cond" truecount="0" falsecount="2"/>
        <line num="280" count="0" type="stmt"/>
        <line num="287" count="0" type="stmt"/>
        <line num="304" count="0" type="stmt"/>
        <line num="309" count="0" type="stmt"/>
        <line num="315" count="0" type="stmt"/>
        <line num="332" count="4" type="stmt"/>
        <line num="340" count="2" type="stmt"/>
        <line num="341" count="2" type="stmt"/>
        <line num="343" count="2" type="stmt"/>
        <line num="344" count="2" type="cond" truecount="1" falsecount="1"/>
        <line num="346" count="0" type="stmt"/>
        <line num="348" count="0" type="stmt"/>
        <line num="349" count="0" type="stmt"/>
        <line num="351" count="0" type="cond" truecount="0" falsecount="3"/>
        <line num="355" count="0" type="stmt"/>
        <line num="356" count="0" type="cond" truecount="0" falsecount="4"/>
        <line num="357" count="0" type="stmt"/>
        <line num="360" count="0" type="cond" truecount="0" falsecount="2"/>
        <line num="361" count="0" type="stmt"/>
        <line num="362" count="0" type="cond" truecount="0" falsecount="2"/>
        <line num="363" count="0" type="stmt"/>
        <line num="366" count="0" type="stmt"/>
        <line num="370" count="0" type="stmt"/>
        <line num="373" count="2" type="stmt"/>
        <line num="374" count="0" type="cond" truecount="0" falsecount="2"/>
        <line num="377" count="2" type="stmt"/>
        <line num="391" count="0" type="stmt"/>
        <line num="402" count="6" type="stmt"/>
        <line num="413" count="0" type="stmt"/>
        <line num="453" count="0" type="stmt"/>
      </file>
    </package>
    <package name="core.Design">
      <metrics statements="15" coveredstatements="5" conditionals="5" coveredconditionals="0" methods="6" coveredmethods="2"/>
      <file name="master-map.ts" path="C:\Users\Igor\Desktop\Sarak\X - Trabalho\Code\Biblioteca\Sarak-Lib-UI-Core\src\core\Design\master-map.ts">
        <metrics statements="15" coveredstatements="5" conditionals="5" coveredconditionals="0" methods="6" coveredmethods="2"/>
        <line num="35" count="3" type="stmt"/>
        <line num="71" count="3" type="stmt"/>
        <line num="72" count="432" type="stmt"/>
        <line num="78" count="3" type="stmt"/>
        <line num="79" count="0" type="stmt"/>
        <line num="80" count="0" type="stmt"/>
        <line num="81" count="0" type="stmt"/>
        <line num="83" count="0" type="stmt"/>
        <line num="91" count="3" type="cond" truecount="0" falsecount="1"/>
        <line num="92" count="0" type="stmt"/>
        <line num="93" count="0" type="stmt"/>
        <line num="95" count="0" type="cond" truecount="0" falsecount="2"/>
        <line num="97" count="0" type="cond" truecount="0" falsecount="2"/>
        <line num="98" count="0" type="stmt"/>
        <line num="102" count="0" type="stmt"/>
      </file>
    </package>
    <package name="core.Design.catalog">
      <metrics statements="1" coveredstatements="1" conditionals="0" coveredconditionals="0" methods="0" coveredmethods="0"/>
      <file name="index.ts" path="C:\Users\Igor\Desktop\Sarak\X - Trabalho\Code\Biblioteca\Sarak-Lib-UI-Core\src\core\Design\catalog\index.ts">
        <metrics statements="1" coveredstatements="1" conditionals="0" coveredconditionals="0" methods="0" coveredmethods="0"/>
        <line num="14" count="3" type="stmt"/>
      </file>
    </package>
    <package name="core.Design.catalog.partitions">
      <metrics statements="0" coveredstatements="0" conditionals="0" coveredconditionals="0" methods="0" coveredmethods="0"/>
      <file name="body_size.json" path="C:\Users\Igor\Desktop\Sarak\X - Trabalho\Code\Biblioteca\Sarak-Lib-UI-Core\src\core\Design\catalog\partitions\body_size.json">
        <metrics statements="0" coveredstatements="0" conditionals="0" coveredconditionals="0" methods="0" coveredmethods="0"/>
      </file>
      <file name="branding_config.json" path="C:\Users\Igor\Desktop\Sarak\X - Trabalho\Code\Biblioteca\Sarak-Lib-UI-Core\src\core\Design\catalog\partitions\branding_config.json">
        <metrics statements="0" coveredstatements="0" conditionals="0" coveredconditionals="0" methods="0" coveredmethods="0"/>
      </file>
      <file name="cards_engine.json" path="C:\Users\Igor\Desktop\Sarak\X - Trabalho\Code\Biblioteca\Sarak-Lib-UI-Core\src\core\Design\catalog\partitions\cards_engine.json">
        <metrics statements="0" coveredstatements="0" conditionals="0" coveredconditionals="0" methods="0" coveredmethods="0"/>
      </file>
      <file name="colors_and_atmosphere.json" path="C:\Users\Igor\Desktop\Sarak\X - Trabalho\Code\Biblioteca\Sarak-Lib-UI-Core\src\core\Design\catalog\partitions\colors_and_atmosphere.json">
        <metrics statements="0" coveredstatements="0" conditionals="0" coveredconditionals="0" methods="0" coveredmethods="0"/>
      </file>
      <file name="components_base.json" path="C:\Users\Igor\Desktop\Sarak\X - Trabalho\Code\Biblioteca\Sarak-Lib-UI-Core\src\core\Design\catalog\partitions\components_base.json">
        <metrics statements="0" coveredstatements="0" conditionals="0" coveredconditionals="0" methods="0" coveredmethods="0"/>
      </file>
      <file name="data_and_charts.json" path="C:\Users\Igor\Desktop\Sarak\X - Trabalho\Code\Biblioteca\Sarak-Lib-UI-Core\src\core\Design\catalog\partitions\data_and_charts.json">
        <metrics statements="0" coveredstatements="0" conditionals="0" coveredconditionals="0" methods="0" coveredmethods="0"/>
      </file>
      <file name="layout_and_navigation.json" path="C:\Users\Igor\Desktop\Sarak\X - Trabalho\Code\Biblioteca\Sarak-Lib-UI-Core\src\core\Design\catalog\partitions\layout_and_navigation.json">
        <metrics statements="0" coveredstatements="0" conditionals="0" coveredconditionals="0" methods="0" coveredmethods="0"/>
      </file>
      <file name="mode.json" path="C:\Users\Igor\Desktop\Sarak\X - Trabalho\Code\Biblioteca\Sarak-Lib-UI-Core\src\core\Design\catalog\partitions\mode.json">
        <metrics statements="0" coveredstatements="0" conditionals="0" coveredconditionals="0" methods="0" coveredmethods="0"/>
      </file>
      <file name="motion_and_animation.json" path="C:\Users\Igor\Desktop\Sarak\X - Trabalho\Code\Biblioteca\Sarak-Lib-UI-Core\src\core\Design\catalog\partitions\motion_and_animation.json">
        <metrics statements="0" coveredstatements="0" conditionals="0" coveredconditionals="0" methods="0" coveredmethods="0"/>
      </file>
      <file name="navigation_style.json" path="C:\Users\Igor\Desktop\Sarak\X - Trabalho\Code\Biblioteca\Sarak-Lib-UI-Core\src\core\Design\catalog\partitions\navigation_style.json">
        <metrics statements="0" coveredstatements="0" conditionals="0" coveredconditionals="0" methods="0" coveredmethods="0"/>
      </file>
      <file name="specialized_engines.json" path="C:\Users\Igor\Desktop\Sarak\X - Trabalho\Code\Biblioteca\Sarak-Lib-UI-Core\src\core\Design\catalog\partitions\specialized_engines.json">
        <metrics statements="0" coveredstatements="0" conditionals="0" coveredconditionals="0" methods="0" coveredmethods="0"/>
      </file>
      <file name="typography.json" path="C:\Users\Igor\Desktop\Sarak\X - Trabalho\Code\Biblioteca\Sarak-Lib-UI-Core\src\core\Design\catalog\partitions\typography.json">
        <metrics statements="0" coveredstatements="0" conditionals="0" coveredconditionals="0" methods="0" coveredmethods="0"/>
      </file>
    </package>
    <package name="core.Design.components">
      <metrics statements="25" coveredstatements="19" conditionals="31" coveredconditionals="16" methods="2" coveredmethods="2"/>
      <file name="DesignScope.tsx" path="C:\Users\Igor\Desktop\Sarak\X - Trabalho\Code\Biblioteca\Sarak-Lib-UI-Core\src\core\Design\components\DesignScope.tsx">
        <metrics statements="7" coveredstatements="7" conditionals="8" coveredconditionals="7" methods="1" coveredmethods="1"/>
        <line num="20" count="3" type="stmt"/>
        <line num="28" count="8" type="stmt"/>
        <line num="29" count="8" type="cond" truecount="1" falsecount="1"/>
        <line num="30" count="8" type="stmt"/>
        <line num="32" count="8" type="stmt"/>
        <line num="35" count="8" type="stmt"/>
        <line num="37" count="8" type="stmt"/>
      </file>
      <file name="SarakBackgroundRenderer.tsx" path="C:\Users\Igor\Desktop\Sarak\X - Trabalho\Code\Biblioteca\Sarak-Lib-UI-Core\src\core\Design\components\SarakBackgroundRenderer.tsx">
        <metrics statements="18" coveredstatements="12" conditionals="23" coveredconditionals="9" methods="1" coveredmethods="1"/>
        <line num="13" count="2" type="stmt"/>
        <line num="21" count="3" type="cond" truecount="1" falsecount="1"/>
        <line num="23" count="0" type="cond" truecount="0" falsecount="2"/>
        <line num="24" count="3" type="cond" truecount="1" falsecount="2"/>
        <line num="26" count="3" type="stmt"/>
        <line num="27" count="3" type="stmt"/>
        <line num="36" count="3" type="stmt"/>
        <line num="38" count="3" type="stmt"/>
        <line num="50" count="3" type="stmt"/>
        <line num="61" count="3" type="stmt"/>
        <line num="62" count="3" type="stmt"/>
        <line num="64" count="3" type="cond" truecount="2" falsecount="4"/>
        <line num="66" count="0" type="stmt"/>
        <line num="67" count="0" type="stmt"/>
        <line num="72" count="0" type="stmt"/>
        <line num="82" count="3" type="cond" truecount="1" falsecount="1"/>
        <line num="83" count="0" type="stmt"/>
        <line num="91" count="0" type="stmt"/>
      </file>
    </package>
    <package name="core.Design.hooks">
      <metrics statements="145" coveredstatements="137" conditionals="100" coveredconditionals="74" methods="18" coveredmethods="16"/>
      <file name="useDesignVariables.ts" path="C:\Users\Igor\Desktop\Sarak\X - Trabalho\Code\Biblioteca\Sarak-Lib-UI-Core\src\core\Design\hooks\useDesignVariables.ts">
        <metrics statements="84" coveredstatements="83" conditionals="84" coveredconditionals="63" methods="9" coveredmethods="9"/>
        <line num="9" count="2" type="stmt"/>
        <line num="10" count="8112" type="stmt"/>
        <line num="19" count="2" type="cond" truecount="1" falsecount="0"/>
        <line num="20" count="16" type="stmt"/>
        <line num="21" count="16" type="cond" truecount="1" falsecount="1"/>
        <line num="27" count="16" type="cond" truecount="2" falsecount="0"/>
        <line num="28" count="16" type="stmt"/>
        <line num="30" count="16" type="stmt"/>
        <line num="31" count="16" type="stmt"/>
        <line num="32" count="16" type="stmt"/>
        <line num="33" count="16" type="stmt"/>
        <line num="34" count="16" type="stmt"/>
        <line num="35" count="16" type="stmt"/>
        <line num="37" count="16" type="stmt"/>
        <line num="38" count="16" type="cond" truecount="2" falsecount="0"/>
        <line num="41" count="16" type="stmt"/>
        <line num="42" count="4400" type="cond" truecount="2" falsecount="0"/>
        <line num="43" count="4400" type="stmt"/>
        <line num="44" count="4400" type="stmt"/>
        <line num="46" count="4400" type="cond" truecount="3" falsecount="0"/>
        <line num="48" count="4400" type="stmt"/>
        <line num="50" count="4400" type="cond" truecount="2" falsecount="0"/>
        <line num="52" count="351" type="cond" truecount="3" falsecount="1"/>
        <line num="53" count="117" type="stmt"/>
        <line num="54" count="117" type="stmt"/>
        <line num="55" count="117" type="stmt"/>
        <line num="57" count="117" type="stmt"/>
        <line num="58" count="117" type="stmt"/>
        <line num="59" count="117" type="stmt"/>
        <line num="61" count="117" type="cond" truecount="3" falsecount="1"/>
        <line num="62" count="117" type="stmt"/>
        <line num="63" count="180" type="stmt"/>
        <line num="64" count="180" type="stmt"/>
        <line num="65" count="180" type="stmt"/>
        <line num="76" count="4283" type="stmt"/>
        <line num="77" count="4283" type="cond" truecount="4" falsecount="0"/>
        <line num="78" count="1259" type="stmt"/>
        <line num="80" count="4283" type="stmt"/>
        <line num="83" count="4283" type="cond" truecount="4" falsecount="0"/>
        <line num="84" count="3979" type="stmt"/>
        <line num="85" count="5468" type="stmt"/>
        <line num="88" count="5468" type="cond" truecount="6" falsecount="0"/>
        <line num="89" count="494" type="stmt"/>
        <line num="90" count="494" type="stmt"/>
        <line num="91" count="494" type="stmt"/>
        <line num="92" count="494" type="stmt"/>
        <line num="93" count="494" type="stmt"/>
        <line num="94" count="494" type="stmt"/>
        <line num="95" count="494" type="stmt"/>
        <line num="96" count="494" type="stmt"/>
        <line num="97" count="494" type="stmt"/>
        <line num="98" count="494" type="stmt"/>
        <line num="99" count="494" type="stmt"/>
        <line num="100" count="494" type="stmt"/>
        <line num="101" count="494" type="stmt"/>
        <line num="104" count="494" type="stmt"/>
        <line num="105" count="494" type="stmt"/>
        <line num="106" count="494" type="stmt"/>
        <line num="107" count="494" type="stmt"/>
        <line num="108" count="494" type="stmt"/>
        <line num="109" count="494" type="stmt"/>
        <line num="110" count="494" type="stmt"/>
        <line num="111" count="494" type="stmt"/>
        <line num="112" count="494" type="stmt"/>
        <line num="114" count="0" type="stmt"/>
        <line num="122" count="4400" type="cond" truecount="5" falsecount="0"/>
        <line num="123" count="832" type="cond" truecount="1" falsecount="1"/>
        <line num="128" count="16" type="stmt"/>
        <line num="142" count="16" type="stmt"/>
        <line num="143" count="176" type="cond" truecount="1" falsecount="1"/>
        <line num="144" count="176" type="stmt"/>
        <line num="148" count="16" type="cond" truecount="1" falsecount="2"/>
        <line num="149" count="16" type="stmt"/>
        <line num="150" count="16" type="stmt"/>
        <line num="152" count="16" type="cond" truecount="1" falsecount="3"/>
        <line num="153" count="16" type="cond" truecount="2" falsecount="0"/>
        <line num="154" count="16" type="cond" truecount="2" falsecount="0"/>
        <line num="157" count="16" type="cond" truecount="2" falsecount="0"/>
        <line num="159" count="16" type="cond" truecount="4" falsecount="0"/>
        <line num="160" count="4" type="stmt"/>
        <line num="161" count="4" type="stmt"/>
        <line num="163" count="12" type="stmt"/>
        <line num="166" count="16" type="stmt"/>
        <line num="193" count="16" type="stmt"/>
      </file>
      <file name="useMediaLuminance.ts" path="C:\Users\Igor\Desktop\Sarak\X - Trabalho\Code\Biblioteca\Sarak-Lib-UI-Core\src\core\Design\hooks\useMediaLuminance.ts">
        <metrics statements="61" coveredstatements="54" conditionals="16" coveredconditionals="11" methods="9" coveredmethods="7"/>
        <line num="4" count="3" type="stmt"/>
        <line num="5" count="1" type="stmt"/>
        <line num="6" count="1" type="stmt"/>
        <line num="7" count="1" type="stmt"/>
        <line num="8" count="2500" type="stmt"/>
        <line num="9" count="2500" type="stmt"/>
        <line num="10" count="2500" type="stmt"/>
        <line num="12" count="1" type="stmt"/>
        <line num="13" count="1" type="stmt"/>
        <line num="14" count="1" type="stmt"/>
        <line num="15" count="1" type="stmt"/>
        <line num="17" count="1" type="stmt"/>
        <line num="18" count="1" type="cond" truecount="1" falsecount="1"/>
        <line num="21" count="3" type="stmt"/>
        <line num="22" count="6" type="stmt"/>
        <line num="24" count="6" type="stmt"/>
        <line num="25" count="4" type="cond" truecount="4" falsecount="0"/>
        <line num="26" count="2" type="stmt"/>
        <line num="27" count="2" type="stmt"/>
        <line num="30" count="2" type="stmt"/>
        <line num="31" count="2" type="stmt"/>
        <line num="34" count="2" type="stmt"/>
        <line num="35" count="2" type="stmt"/>
        <line num="37" count="2" type="stmt"/>
        <line num="38" count="2" type="stmt"/>
        <line num="39" count="2" type="stmt"/>
        <line num="40" count="2" type="stmt"/>
        <line num="41" count="2" type="cond" truecount="1" falsecount="1"/>
        <line num="43" count="2" type="stmt"/>
        <line num="44" count="2" type="stmt"/>
        <line num="45" count="2" type="stmt"/>
        <line num="47" count="2" type="stmt"/>
        <line num="50" count="2" type="cond" truecount="1" falsecount="1"/>
        <line num="51" count="2" type="stmt"/>
        <line num="53" count="2" type="stmt"/>
        <line num="56" count="2" type="stmt"/>
        <line num="57" count="1" type="cond" truecount="1" falsecount="1"/>
        <line num="58" count="1" type="stmt"/>
        <line num="59" count="1" type="stmt"/>
        <line num="61" count="1" type="stmt"/>
        <line num="64" count="2" type="stmt"/>
        <line num="65" count="1" type="stmt"/>
        <line num="66" count="1" type="stmt"/>
        <line num="67" count="1" type="stmt"/>
        <line num="70" count="2" type="stmt"/>
        <line num="71" count="0" type="stmt"/>
        <line num="72" count="0" type="stmt"/>
        <line num="73" count="0" type="stmt"/>
        <line num="78" count="2" type="stmt"/>
        <line num="85" count="0" type="stmt"/>
        <line num="89" count="0" type="stmt"/>
        <line num="93" count="0" type="stmt"/>
        <line num="97" count="2" type="stmt"/>
        <line num="98" count="0" type="stmt"/>
        <line num="101" count="2" type="stmt"/>
        <line num="103" count="2" type="stmt"/>
        <line num="104" count="2" type="cond" truecount="1" falsecount="1"/>
        <line num="105" count="2" type="cond" truecount="2" falsecount="0"/>
        <line num="106" count="2" type="stmt"/>
        <line num="107" count="2" type="stmt"/>
        <line num="111" count="6" type="stmt"/>
      </file>
    </package>
    <package name="core.Design.presets.components">
      <metrics statements="5" coveredstatements="5" conditionals="0" coveredconditionals="0" methods="2" coveredmethods="2"/>
      <file name="atmosphere.ts" path="C:\Users\Igor\Desktop\Sarak\X - Trabalho\Code\Biblioteca\Sarak-Lib-UI-Core\src\core\Design\presets\components\atmosphere.ts">
        <metrics statements="3" coveredstatements="3" conditionals="0" coveredconditionals="0" methods="1" coveredmethods="1"/>
        <line num="4" count="3" type="stmt"/>
        <line num="48" count="123" type="stmt"/>
        <line num="58" count="3" type="stmt"/>
      </file>
      <file name="cards.ts" path="C:\Users\Igor\Desktop\Sarak\X - Trabalho\Code\Biblioteca\Sarak-Lib-UI-Core\src\core\Design\presets\components\cards.ts">
        <metrics statements="1" coveredstatements="1" conditionals="0" coveredconditionals="0" methods="0" coveredmethods="0"/>
        <line num="8" count="3" type="stmt"/>
      </file>
      <file name="typography.ts" path="C:\Users\Igor\Desktop\Sarak\X - Trabalho\Code\Biblioteca\Sarak-Lib-UI-Core\src\core\Design\presets\components\typography.ts">
        <metrics statements="1" coveredstatements="1" conditionals="0" coveredconditionals="0" methods="1" coveredmethods="1"/>
        <line num="4" count="60" type="stmt"/>
      </file>
    </package>
    <package name="core.Design.presets.themes">
      <metrics statements="65" coveredstatements="63" conditionals="43" coveredconditionals="37" methods="4" coveredmethods="4"/>
      <file name="color-engine.ts" path="C:\Users\Igor\Desktop\Sarak\X - Trabalho\Code\Biblioteca\Sarak-Lib-UI-Core\src\core\Design\presets\themes\color-engine.ts">
        <metrics statements="51" coveredstatements="49" conditionals="43" coveredconditionals="37" methods="4" coveredmethods="4"/>
        <line num="11" count="3" type="stmt"/>
        <line num="28" count="3" type="stmt"/>
        <line num="53" count="3" type="stmt"/>
        <line num="71" count="3" type="stmt"/>
        <line num="101" count="3" type="stmt"/>
        <line num="102" count="3" type="stmt"/>
        <line num="103" count="3" type="stmt"/>
        <line num="105" count="3" type="stmt"/>
        <line num="106" count="81" type="stmt"/>
        <line num="107" count="825" type="stmt"/>
        <line num="108" count="825" type="cond" truecount="2" falsecount="0"/>
        <line num="109" count="234" type="stmt"/>
        <line num="110" count="234" type="cond" truecount="1" falsecount="1"/>
        <line num="111" count="0" type="stmt"/>
        <line num="121" count="3" type="stmt"/>
        <line num="122" count="29" type="stmt"/>
        <line num="123" count="29" type="stmt"/>
        <line num="125" count="29" type="stmt"/>
        <line num="126" count="2088" type="stmt"/>
        <line num="127" count="2088" type="cond" truecount="1" falsecount="1"/>
        <line num="129" count="2088" type="cond" truecount="2" falsecount="0"/>
        <line num="130" count="2088" type="stmt"/>
        <line num="133" count="2088" type="cond" truecount="1" falsecount="1"/>
        <line num="134" count="0" type="stmt"/>
        <line num="135" count="2088" type="cond" truecount="2" falsecount="0"/>
        <line num="136" count="319" type="stmt"/>
        <line num="137" count="1769" type="cond" truecount="2" falsecount="0"/>
        <line num="138" count="551" type="stmt"/>
        <line num="139" count="1218" type="cond" truecount="2" falsecount="0"/>
        <line num="140" count="174" type="stmt"/>
        <line num="141" count="1044" type="cond" truecount="2" falsecount="0"/>
        <line num="142" count="725" type="stmt"/>
        <line num="145" count="319" type="cond" truecount="6" falsecount="0"/>
        <line num="146" count="58" type="stmt"/>
        <line num="147" count="261" type="cond" truecount="4" falsecount="0"/>
        <line num="148" count="29" type="stmt"/>
        <line num="149" count="232" type="cond" truecount="5" falsecount="0"/>
        <line num="150" count="29" type="stmt"/>
        <line num="153" count="2088" type="stmt"/>
        <line num="157" count="29" type="cond" truecount="2" falsecount="0"/>
        <line num="158" count="26" type="stmt"/>
        <line num="159" count="26" type="stmt"/>
        <line num="160" count="26" type="stmt"/>
        <line num="161" count="26" type="cond" truecount="2" falsecount="0"/>
        <line num="162" count="26" type="cond" truecount="1" falsecount="1"/>
        <line num="163" count="26" type="cond" truecount="1" falsecount="1"/>
        <line num="164" count="26" type="cond" truecount="1" falsecount="1"/>
        <line num="167" count="26" type="stmt"/>
        <line num="169" count="3" type="stmt"/>
        <line num="170" count="3" type="stmt"/>
        <line num="173" count="29" type="stmt"/>
      </file>
      <file name="crystal-glass.ts" path="C:\Users\Igor\Desktop\Sarak\X - Trabalho\Code\Biblioteca\Sarak-Lib-UI-Core\src\core\Design\presets\themes\crystal-glass.ts">
        <metrics statements="1" coveredstatements="1" conditionals="0" coveredconditionals="0" methods="0" coveredmethods="0"/>
        <line num="3" count="4" type="stmt"/>
      </file>
      <file name="cyber-retro-wave.ts" path="C:\Users\Igor\Desktop\Sarak\X - Trabalho\Code\Biblioteca\Sarak-Lib-UI-Core\src\core\Design\presets\themes\cyber-retro-wave.ts">
        <metrics statements="1" coveredstatements="1" conditionals="0" coveredconditionals="0" methods="0" coveredmethods="0"/>
        <line num="9" count="4" type="stmt"/>
      </file>
      <file name="cyberpunk-neon.ts" path="C:\Users\Igor\Desktop\Sarak\X - Trabalho\Code\Biblioteca\Sarak-Lib-UI-Core\src\core\Design\presets\themes\cyberpunk-neon.ts">
        <metrics statements="1" coveredstatements="1" conditionals="0" coveredconditionals="0" methods="0" coveredmethods="0"/>
        <line num="3" count="4" type="stmt"/>
      </file>
      <file name="dot-matrix-elegant.ts" path="C:\Users\Igor\Desktop\Sarak\X - Trabalho\Code\Biblioteca\Sarak-Lib-UI-Core\src\core\Design\presets\themes\dot-matrix-elegant.ts">
        <metrics statements="1" coveredstatements="1" conditionals="0" coveredconditionals="0" methods="0" coveredmethods="0"/>
        <line num="9" count="4" type="stmt"/>
      </file>
      <file name="holographic-glass.ts" path="C:\Users\Igor\Desktop\Sarak\X - Trabalho\Code\Biblioteca\Sarak-Lib-UI-Core\src\core\Design\presets\themes\holographic-glass.ts">
        <metrics statements="1" coveredstatements="1" conditionals="0" coveredconditionals="0" methods="0" coveredmethods="0"/>
        <line num="3" count="4" type="stmt"/>
      </file>
      <file name="index.ts" path="C:\Users\Igor\Desktop\Sarak\X - Trabalho\Code\Biblioteca\Sarak-Lib-UI-Core\src\core\Design\presets\themes\index.ts">
        <metrics statements="1" coveredstatements="1" conditionals="0" coveredconditionals="0" methods="0" coveredmethods="0"/>
        <line num="29" count="4" type="stmt"/>
      </file>
      <file name="industrial-terminal.ts" path="C:\Users\Igor\Desktop\Sarak\X - Trabalho\Code\Biblioteca\Sarak-Lib-UI-Core\src\core\Design\presets\themes\industrial-terminal.ts">
        <metrics statements="1" coveredstatements="1" conditionals="0" coveredconditionals="0" methods="0" coveredmethods="0"/>
        <line num="3" count="4" type="stmt"/>
      </file>
      <file name="kinetic-flow.ts" path="C:\Users\Igor\Desktop\Sarak\X - Trabalho\Code\Biblioteca\Sarak-Lib-UI-Core\src\core\Design\presets\themes\kinetic-flow.ts">
        <metrics statements="1" coveredstatements="1" conditionals="0" coveredconditionals="0" methods="0" coveredmethods="0"/>
        <line num="9" count="4" type="stmt"/>
      </file>
      <file name="nature-breeze.ts" path="C:\Users\Igor\Desktop\Sarak\X - Trabalho\Code\Biblioteca\Sarak-Lib-UI-Core\src\core\Design\presets\themes\nature-breeze.ts">
        <metrics statements="1" coveredstatements="1" conditionals="0" coveredconditionals="0" methods="0" coveredmethods="0"/>
        <line num="3" count="4" type="stmt"/>
      </file>
      <file name="nebula-space.ts" path="C:\Users\Igor\Desktop\Sarak\X - Trabalho\Code\Biblioteca\Sarak-Lib-UI-Core\src\core\Design\presets\themes\nebula-space.ts">
        <metrics statements="1" coveredstatements="1" conditionals="0" coveredconditionals="0" methods="0" coveredmethods="0"/>
        <line num="3" count="4" type="stmt"/>
      </file>
      <file name="neo-brutalism.ts" path="C:\Users\Igor\Desktop\Sarak\X - Trabalho\Code\Biblioteca\Sarak-Lib-UI-Core\src\core\Design\presets\themes\neo-brutalism.ts">
        <metrics statements="1" coveredstatements="1" conditionals="0" coveredconditionals="0" methods="0" coveredmethods="0"/>
        <line num="3" count="4" type="stmt"/>
      </file>
      <file name="sarak-sovereign.ts" path="C:\Users\Igor\Desktop\Sarak\X - Trabalho\Code\Biblioteca\Sarak-Lib-UI-Core\src\core\Design\presets\themes\sarak-sovereign.ts">
        <metrics statements="1" coveredstatements="1" conditionals="0" coveredconditionals="0" methods="0" coveredmethods="0"/>
        <line num="3" count="4" type="stmt"/>
      </file>
      <file name="stellar-nebula.ts" path="C:\Users\Igor\Desktop\Sarak\X - Trabalho\Code\Biblioteca\Sarak-Lib-UI-Core\src\core\Design\presets\themes\stellar-nebula.ts">
        <metrics statements="1" coveredstatements="1" conditionals="0" coveredconditionals="0" methods="0" coveredmethods="0"/>
        <line num="9" count="4" type="stmt"/>
      </file>
      <file name="synthwave-retro.ts" path="C:\Users\Igor\Desktop\Sarak\X - Trabalho\Code\Biblioteca\Sarak-Lib-UI-Core\src\core\Design\presets\themes\synthwave-retro.ts">
        <metrics statements="1" coveredstatements="1" conditionals="0" coveredconditionals="0" methods="0" coveredmethods="0"/>
        <line num="3" count="4" type="stmt"/>
      </file>
    </package>
    <package name="core.Design.schema">
      <metrics statements="30" coveredstatements="30" conditionals="0" coveredconditionals="0" methods="1" coveredmethods="1"/>
      <file name="advanced.ts" path="C:\Users\Igor\Desktop\Sarak\X - Trabalho\Code\Biblioteca\Sarak-Lib-UI-Core\src\core\Design\schema\advanced.ts">
        <metrics statements="1" coveredstatements="1" conditionals="0" coveredconditionals="0" methods="0" coveredmethods="0"/>
        <line num="7" count="3" type="stmt"/>
      </file>
      <file name="animations.ts" path="C:\Users\Igor\Desktop\Sarak\X - Trabalho\Code\Biblioteca\Sarak-Lib-UI-Core\src\core\Design\schema\animations.ts">
        <metrics statements="1" coveredstatements="1" conditionals="0" coveredconditionals="0" methods="0" coveredmethods="0"/>
        <line num="7" count="3" type="stmt"/>
      </file>
      <file name="atmosphere.ts" path="C:\Users\Igor\Desktop\Sarak\X - Trabalho\Code\Biblioteca\Sarak-Lib-UI-Core\src\core\Design\schema\atmosphere.ts">
        <metrics statements="2" coveredstatements="2" conditionals="0" coveredconditionals="0" methods="0" coveredmethods="0"/>
        <line num="3" count="3" type="stmt"/>
        <line num="50" count="3" type="stmt"/>
      </file>
      <file name="branding.ts" path="C:\Users\Igor\Desktop\Sarak\X - Trabalho\Code\Biblioteca\Sarak-Lib-UI-Core\src\core\Design\schema\branding.ts">
        <metrics statements="1" coveredstatements="1" conditionals="0" coveredconditionals="0" methods="0" coveredmethods="0"/>
        <line num="7" count="3" type="stmt"/>
      </file>
      <file name="buttons.ts" path="C:\Users\Igor\Desktop\Sarak\X - Trabalho\Code\Biblioteca\Sarak-Lib-UI-Core\src\core\Design\schema\buttons.ts">
        <metrics statements="1" coveredstatements="1" conditionals="0" coveredconditionals="0" methods="0" coveredmethods="0"/>
        <line num="7" count="3" type="stmt"/>
      </file>
      <file name="card-action.ts" path="C:\Users\Igor\Desktop\Sarak\X - Trabalho\Code\Biblioteca\Sarak-Lib-UI-Core\src\core\Design\schema\card-action.ts">
        <metrics statements="1" coveredstatements="1" conditionals="0" coveredconditionals="0" methods="0" coveredmethods="0"/>
        <line num="7" count="3" type="stmt"/>
      </file>
      <file name="card-search.ts" path="C:\Users\Igor\Desktop\Sarak\X - Trabalho\Code\Biblioteca\Sarak-Lib-UI-Core\src\core\Design\schema\card-search.ts">
        <metrics statements="1" coveredstatements="1" conditionals="0" coveredconditionals="0" methods="0" coveredmethods="0"/>
        <line num="7" count="3" type="stmt"/>
      </file>
      <file name="card-title.ts" path="C:\Users\Igor\Desktop\Sarak\X - Trabalho\Code\Biblioteca\Sarak-Lib-UI-Core\src\core\Design\schema\card-title.ts">
        <metrics statements="1" coveredstatements="1" conditionals="0" coveredconditionals="0" methods="0" coveredmethods="0"/>
        <line num="7" count="3" type="stmt"/>
      </file>
      <file name="cards.ts" path="C:\Users\Igor\Desktop\Sarak\X - Trabalho\Code\Biblioteca\Sarak-Lib-UI-Core\src\core\Design\schema\cards.ts">
        <metrics statements="1" coveredstatements="1" conditionals="0" coveredconditionals="0" methods="0" coveredmethods="0"/>
        <line num="7" count="3" type="stmt"/>
      </file>
      <file name="chat.ts" path="C:\Users\Igor\Desktop\Sarak\X - Trabalho\Code\Biblioteca\Sarak-Lib-UI-Core\src\core\Design\schema\chat.ts">
        <metrics statements="1" coveredstatements="1" conditionals="0" coveredconditionals="0" methods="0" coveredmethods="0"/>
        <line num="7" count="3" type="stmt"/>
      </file>
      <file name="colors.ts" path="C:\Users\Igor\Desktop\Sarak\X - Trabalho\Code\Biblioteca\Sarak-Lib-UI-Core\src\core\Design\schema\colors.ts">
        <metrics statements="1" coveredstatements="1" conditionals="0" coveredconditionals="0" methods="0" coveredmethods="0"/>
        <line num="7" count="3" type="stmt"/>
      </file>
      <file name="data.ts" path="C:\Users\Igor\Desktop\Sarak\X - Trabalho\Code\Biblioteca\Sarak-Lib-UI-Core\src\core\Design\schema\data.ts">
        <metrics statements="1" coveredstatements="1" conditionals="0" coveredconditionals="0" methods="0" coveredmethods="0"/>
        <line num="7" count="3" type="stmt"/>
      </file>
      <file name="engineering.ts" path="C:\Users\Igor\Desktop\Sarak\X - Trabalho\Code\Biblioteca\Sarak-Lib-UI-Core\src\core\Design\schema\engineering.ts">
        <metrics statements="1" coveredstatements="1" conditionals="0" coveredconditionals="0" methods="0" coveredmethods="0"/>
        <line num="7" count="3" type="stmt"/>
      </file>
      <file name="global.ts" path="C:\Users\Igor\Desktop\Sarak\X - Trabalho\Code\Biblioteca\Sarak-Lib-UI-Core\src\core\Design\schema\global.ts">
        <metrics statements="1" coveredstatements="1" conditionals="0" coveredconditionals="0" methods="0" coveredmethods="0"/>
        <line num="3" count="3" type="stmt"/>
      </file>
      <file name="inputs.ts" path="C:\Users\Igor\Desktop\Sarak\X - Trabalho\Code\Biblioteca\Sarak-Lib-UI-Core\src\core\Design\schema\inputs.ts">
        <metrics statements="1" coveredstatements="1" conditionals="0" coveredconditionals="0" methods="0" coveredmethods="0"/>
        <line num="7" count="3" type="stmt"/>
      </file>
      <file name="layers.ts" path="C:\Users\Igor\Desktop\Sarak\X - Trabalho\Code\Biblioteca\Sarak-Lib-UI-Core\src\core\Design\schema\layers.ts">
        <metrics statements="1" coveredstatements="1" conditionals="0" coveredconditionals="0" methods="0" coveredmethods="0"/>
        <line num="8" count="3" type="stmt"/>
      </file>
      <file name="media.ts" path="C:\Users\Igor\Desktop\Sarak\X - Trabalho\Code\Biblioteca\Sarak-Lib-UI-Core\src\core\Design\schema\media.ts">
        <metrics statements="1" coveredstatements="1" conditionals="0" coveredconditionals="0" methods="0" coveredmethods="0"/>
        <line num="7" count="3" type="stmt"/>
      </file>
      <file name="motion.ts" path="C:\Users\Igor\Desktop\Sarak\X - Trabalho\Code\Biblioteca\Sarak-Lib-UI-Core\src\core\Design\schema\motion.ts">
        <metrics statements="1" coveredstatements="1" conditionals="0" coveredconditionals="0" methods="0" coveredmethods="0"/>
        <line num="8" count="3" type="stmt"/>
      </file>
      <file name="navigation.ts" path="C:\Users\Igor\Desktop\Sarak\X - Trabalho\Code\Biblioteca\Sarak-Lib-UI-Core\src\core\Design\schema\navigation.ts">
        <metrics statements="1" coveredstatements="1" conditionals="0" coveredconditionals="0" methods="0" coveredmethods="0"/>
        <line num="7" count="3" type="stmt"/>
      </file>
      <file name="overlays.ts" path="C:\Users\Igor\Desktop\Sarak\X - Trabalho\Code\Biblioteca\Sarak-Lib-UI-Core\src\core\Design\schema\overlays.ts">
        <metrics statements="1" coveredstatements="1" conditionals="0" coveredconditionals="0" methods="0" coveredmethods="0"/>
        <line num="7" count="3" type="stmt"/>
      </file>
      <file name="scrollbars.ts" path="C:\Users\Igor\Desktop\Sarak\X - Trabalho\Code\Biblioteca\Sarak-Lib-UI-Core\src\core\Design\schema\scrollbars.ts">
        <metrics statements="1" coveredstatements="1" conditionals="0" coveredconditionals="0" methods="0" coveredmethods="0"/>
        <line num="8" count="3" type="stmt"/>
      </file>
      <file name="specialized.ts" path="C:\Users\Igor\Desktop\Sarak\X - Trabalho\Code\Biblioteca\Sarak-Lib-UI-Core\src\core\Design\schema\specialized.ts">
        <metrics statements="1" coveredstatements="1" conditionals="0" coveredconditionals="0" methods="0" coveredmethods="0"/>
        <line num="7" count="3" type="stmt"/>
      </file>
      <file name="status.ts" path="C:\Users\Igor\Desktop\Sarak\X - Trabalho\Code\Biblioteca\Sarak-Lib-UI-Core\src\core\Design\schema\status.ts">
        <metrics statements="1" coveredstatements="1" conditionals="0" coveredconditionals="0" methods="0" coveredmethods="0"/>
        <line num="7" count="3" type="stmt"/>
      </file>
      <file name="switches.ts" path="C:\Users\Igor\Desktop\Sarak\X - Trabalho\Code\Biblioteca\Sarak-Lib-UI-Core\src\core\Design\schema\switches.ts">
        <metrics statements="1" coveredstatements="1" conditionals="0" coveredconditionals="0" methods="0" coveredmethods="0"/>
        <line num="7" count="3" type="stmt"/>
      </file>
      <file name="system.ts" path="C:\Users\Igor\Desktop\Sarak\X - Trabalho\Code\Biblioteca\Sarak-Lib-UI-Core\src\core\Design\schema\system.ts">
        <metrics statements="1" coveredstatements="1" conditionals="0" coveredconditionals="0" methods="0" coveredmethods="0"/>
        <line num="7" count="3" type="stmt"/>
      </file>
      <file name="tables.ts" path="C:\Users\Igor\Desktop\Sarak\X - Trabalho\Code\Biblioteca\Sarak-Lib-UI-Core\src\core\Design\schema\tables.ts">
        <metrics statements="1" coveredstatements="1" conditionals="0" coveredconditionals="0" methods="0" coveredmethods="0"/>
        <line num="7" count="3" type="stmt"/>
      </file>
      <file name="typography.ts" path="C:\Users\Igor\Desktop\Sarak\X - Trabalho\Code\Biblioteca\Sarak-Lib-UI-Core\src\core\Design\schema\typography.ts">
        <metrics statements="3" coveredstatements="3" conditionals="0" coveredconditionals="0" methods="1" coveredmethods="1"/>
        <line num="2" count="3" type="stmt"/>
        <line num="34" count="60" type="stmt"/>
        <line num="39" count="3" type="stmt"/>
      </file>
    </package>
    <package name="core.Discovery">
      <metrics statements="42" coveredstatements="17" conditionals="24" coveredconditionals="7" methods="11" coveredmethods="2"/>
      <file name="registry.ts" path="C:\Users\Igor\Desktop\Sarak\X - Trabalho\Code\Biblioteca\Sarak-Lib-UI-Core\src\core\Discovery\registry.ts">
        <metrics statements="42" coveredstatements="17" conditionals="24" coveredconditionals="7" methods="11" coveredmethods="2"/>
        <line num="21" count="3" type="cond" truecount="1" falsecount="1"/>
        <line num="23" count="3" type="cond" truecount="2" falsecount="0"/>
        <line num="24" count="3" type="stmt"/>
        <line num="26" count="3" type="cond" truecount="2" falsecount="0"/>
        <line num="27" count="3" type="stmt"/>
        <line num="29" count="3" type="cond" truecount="2" falsecount="0"/>
        <line num="30" count="3" type="stmt"/>
        <line num="32" count="3" type="stmt"/>
        <line num="33" count="0" type="stmt"/>
        <line num="39" count="3" type="stmt"/>
        <line num="40" count="0" type="stmt"/>
        <line num="41" count="0" type="stmt"/>
        <line num="47" count="3" type="stmt"/>
        <line num="48" count="0" type="stmt"/>
        <line num="49" count="0" type="stmt"/>
        <line num="55" count="3" type="stmt"/>
        <line num="56" count="1" type="stmt"/>
        <line num="62" count="3" type="stmt"/>
        <line num="63" count="0" type="stmt"/>
        <line num="65" count="0" type="cond" truecount="0" falsecount="2"/>
        <line num="66" count="0" type="stmt"/>
        <line num="67" count="0" type="stmt"/>
        <line num="70" count="0" type="cond" truecount="0" falsecount="2"/>
        <line num="71" count="0" type="cond" truecount="0" falsecount="2"/>
        <line num="74" count="0" type="cond" truecount="0" falsecount="2"/>
        <line num="75" count="0" type="cond" truecount="0" falsecount="2"/>
        <line num="76" count="0" type="stmt"/>
        <line num="79" count="0" type="cond" truecount="0" falsecount="2"/>
        <line num="80" count="0" type="stmt"/>
        <line num="83" count="0" type="stmt"/>
        <line num="89" count="3" type="stmt"/>
        <line num="90" count="0" type="cond" truecount="0" falsecount="2"/>
        <line num="92" count="0" type="stmt"/>
        <line num="93" count="0" type="stmt"/>
        <line num="94" count="0" type="stmt"/>
        <line num="97" count="0" type="stmt"/>
        <line num="103" count="3" type="stmt"/>
        <line num="104" count="1" type="stmt"/>
        <line num="106" count="0" type="cond" truecount="0" falsecount="2"/>
        <line num="108" count="0" type="stmt"/>
        <line num="118" count="3" type="stmt"/>
        <line num="119" count="0" type="stmt"/>
      </file>
    </package>
    <package name="core.Provider">
      <metrics statements="131" coveredstatements="60" conditionals="85" coveredconditionals="25" methods="58" coveredmethods="10"/>
      <file name="DeviceProvider.tsx" path="C:\Users\Igor\Desktop\Sarak\X - Trabalho\Code\Biblioteca\Sarak-Lib-UI-Core\src\core\Provider\DeviceProvider.tsx">
        <metrics statements="19" coveredstatements="9" conditionals="8" coveredconditionals="2" methods="5" coveredmethods="3"/>
        <line num="5" count="3" type="stmt"/>
        <line num="7" count="3" type="stmt"/>
        <line num="8" count="1" type="stmt"/>
        <line num="17" count="3" type="stmt"/>
        <line num="18" count="1" type="stmt"/>
        <line num="20" count="1" type="stmt"/>
        <line num="22" count="1" type="cond" truecount="1" falsecount="1"/>
        <line num="24" count="0" type="stmt"/>
        <line num="25" count="0" type="stmt"/>
        <line num="26" count="0" type="cond" truecount="0" falsecount="2"/>
        <line num="27" count="0" type="stmt"/>
        <line num="28" count="0" type="cond" truecount="0" falsecount="2"/>
        <line num="29" count="0" type="stmt"/>
        <line num="31" count="0" type="stmt"/>
        <line num="36" count="0" type="stmt"/>
        <line num="37" count="0" type="stmt"/>
        <line num="39" count="0" type="stmt"/>
        <line num="43" count="1" type="cond" truecount="1" falsecount="1"/>
        <line num="45" count="1" type="stmt"/>
      </file>
      <file name="SarakUIProvider.tsx" path="C:\Users\Igor\Desktop\Sarak\X - Trabalho\Code\Biblioteca\Sarak-Lib-UI-Core\src\core\Provider\SarakUIProvider.tsx">
        <metrics statements="62" coveredstatements="46" conditionals="43" coveredconditionals="23" methods="12" coveredmethods="7"/>
        <line num="23" count="4" type="stmt"/>
        <line num="24" count="4" type="stmt"/>
        <line num="26" count="4" type="stmt"/>
        <line num="27" count="1" type="stmt"/>
        <line num="28" count="1" type="stmt"/>
        <line num="30" count="1" type="cond" truecount="1" falsecount="1"/>
        <line num="31" count="0" type="stmt"/>
        <line num="35" count="1" type="cond" truecount="1" falsecount="1"/>
        <line num="38" count="1" type="cond" truecount="2" falsecount="0"/>
        <line num="41" count="1" type="stmt"/>
        <line num="47" count="1" type="stmt"/>
        <line num="63" count="4" type="stmt"/>
        <line num="75" count="3" type="stmt"/>
        <line num="78" count="3" type="stmt"/>
        <line num="79" count="3" type="stmt"/>
        <line num="83" count="3" type="stmt"/>
        <line num="93" count="3" type="stmt"/>
        <line num="96" count="3" type="stmt"/>
        <line num="97" count="3" type="stmt"/>
        <line num="98" count="3" type="stmt"/>
        <line num="101" count="3" type="stmt"/>
        <line num="102" count="0" type="stmt"/>
        <line num="103" count="0" type="stmt"/>
        <line num="107" count="3" type="stmt"/>
        <line num="108" count="0" type="stmt"/>
        <line num="112" count="3" type="stmt"/>
        <line num="113" count="3" type="cond" truecount="1" falsecount="1"/>
        <line num="114" count="3" type="stmt"/>
        <line num="115" count="3" type="stmt"/>
        <line num="116" count="6" type="stmt"/>
        <line num="117" count="6" type="stmt"/>
        <line num="118" count="6" type="stmt"/>
        <line num="119" count="6" type="stmt"/>
        <line num="122" count="3" type="stmt"/>
        <line num="123" count="3" type="cond" truecount="2" falsecount="0"/>
        <line num="124" count="1" type="stmt"/>
        <line num="125" count="1" type="stmt"/>
        <line num="126" count="1" type="stmt"/>
        <line num="127" count="1" type="stmt"/>
        <line num="131" count="3" type="stmt"/>
        <line num="132" count="3" type="cond" truecount="1" falsecount="1"/>
        <line num="134" count="3" type="cond" truecount="1" falsecount="1"/>
        <line num="135" count="3" type="stmt"/>
        <line num="138" count="3" type="cond" truecount="1" falsecount="1"/>
        <line num="139" count="0" type="stmt"/>
        <line num="140" count="0" type="cond" truecount="0" falsecount="2"/>
        <line num="141" count="0" type="stmt"/>
        <line num="142" count="0" type="stmt"/>
        <line num="143" count="0" type="stmt"/>
        <line num="145" count="0" type="stmt"/>
        <line num="150" count="3" type="stmt"/>
        <line num="151" count="0" type="cond" truecount="0" falsecount="4"/>
        <line num="152" count="0" type="cond" truecount="0" falsecount="2"/>
        <line num="154" count="0" type="stmt"/>
        <line num="158" count="3" type="stmt"/>
        <line num="159" count="0" type="cond" truecount="0" falsecount="4"/>
        <line num="160" count="0" type="stmt"/>
        <line num="162" count="0" type="stmt"/>
        <line num="167" count="3" type="stmt"/>
        <line num="193" count="3" type="stmt"/>
        <line num="194" count="3" type="cond" truecount="2" falsecount="0"/>
        <line num="196" count="3" type="stmt"/>
      </file>
      <file name="constants.ts" path="C:\Users\Igor\Desktop\Sarak\X - Trabalho\Code\Biblioteca\Sarak-Lib-UI-Core\src\core\Provider\constants.ts">
        <metrics statements="4" coveredstatements="4" conditionals="0" coveredconditionals="0" methods="0" coveredmethods="0"/>
        <line num="1" count="3" type="stmt"/>
        <line num="2" count="3" type="stmt"/>
        <line num="4" count="3" type="stmt"/>
        <line num="11" count="3" type="stmt"/>
      </file>
      <file name="manifest.ts" path="C:\Users\Igor\Desktop\Sarak\X - Trabalho\Code\Biblioteca\Sarak-Lib-UI-Core\src\core\Provider\manifest.ts">
        <metrics statements="46" coveredstatements="1" conditionals="34" coveredconditionals="0" methods="41" coveredmethods="0"/>
        <line num="15" count="4" type="stmt"/>
        <line num="17" count="0" type="cond" truecount="0" falsecount="2"/>
        <line num="21" count="0" type="stmt"/>
        <line num="25" count="0" type="stmt"/>
        <line num="29" count="0" type="stmt"/>
        <line num="33" count="0" type="stmt"/>
        <line num="35" count="0" type="cond" truecount="0" falsecount="2"/>
        <line num="36" count="0" type="cond" truecount="0" falsecount="2"/>
        <line num="39" count="0" type="stmt"/>
        <line num="43" count="0" type="stmt"/>
        <line num="47" count="0" type="stmt"/>
        <line num="51" count="0" type="stmt"/>
        <line num="55" count="0" type="stmt"/>
        <line num="59" count="0" type="stmt"/>
        <line num="63" count="0" type="stmt"/>
        <line num="67" count="0" type="stmt"/>
        <line num="71" count="0" type="stmt"/>
        <line num="75" count="0" type="stmt"/>
        <line num="79" count="0" type="stmt"/>
        <line num="83" count="0" type="stmt"/>
        <line num="87" count="0" type="stmt"/>
        <line num="100" count="0" type="cond" truecount="0" falsecount="2"/>
        <line num="121" count="0" type="cond" truecount="0" falsecount="2"/>
        <line num="145" count="0" type="cond" truecount="0" falsecount="2"/>
        <line num="150" count="0" type="cond" truecount="0" falsecount="2"/>
        <line num="153" count="0" type="cond" truecount="0" falsecount="2"/>
        <line num="170" count="0" type="stmt"/>
        <line num="177" count="0" type="cond" truecount="0" falsecount="2"/>
        <line num="183" count="0" type="cond" truecount="0" falsecount="2"/>
        <line num="184" count="0" type="stmt"/>
        <line num="197" count="0" type="cond" truecount="0" falsecount="2"/>
        <line num="198" count="0" type="stmt"/>
        <line num="220" count="0" type="stmt"/>
        <line num="221" count="0" type="stmt"/>
        <line num="222" count="0" type="stmt"/>
        <line num="223" count="0" type="stmt"/>
        <line num="224" count="0" type="stmt"/>
        <line num="225" count="0" type="stmt"/>
        <line num="226" count="0" type="stmt"/>
        <line num="237" count="0" type="cond" truecount="0" falsecount="2"/>
        <line num="238" count="0" type="cond" truecount="0" falsecount="2"/>
        <line num="243" count="0" type="cond" truecount="0" falsecount="2"/>
        <line num="244" count="0" type="stmt"/>
        <line num="253" count="0" type="cond" truecount="0" falsecount="2"/>
        <line num="254" count="0" type="cond" truecount="0" falsecount="2"/>
        <line num="259" count="0" type="cond" truecount="0" falsecount="2"/>
      </file>
      <file name="types.ts" path="C:\Users\Igor\Desktop\Sarak\X - Trabalho\Code\Biblioteca\Sarak-Lib-UI-Core\src\core\Provider\types.ts">
        <metrics statements="0" coveredstatements="0" conditionals="0" coveredconditionals="0" methods="0" coveredmethods="0"/>
      </file>
    </package>
    <package name="core.Provider.components">
      <metrics statements="60" coveredstatements="3" conditionals="40" coveredconditionals="1" methods="12" coveredmethods="0"/>
      <file name="DesignInjector.tsx" path="C:\Users\Igor\Desktop\Sarak\X - Trabalho\Code\Biblioteca\Sarak-Lib-UI-Core\src\core\Provider\components\DesignInjector.tsx">
        <metrics statements="50" coveredstatements="2" conditionals="32" coveredconditionals="1" methods="10" coveredmethods="0"/>
        <line num="5" count="3" type="cond" truecount="1" falsecount="1"/>
        <line num="13" count="3" type="stmt"/>
        <line num="14" count="0" type="stmt"/>
        <line num="15" count="0" type="stmt"/>
        <line num="18" count="0" type="stmt"/>
        <line num="20" count="0" type="stmt"/>
        <line num="21" count="0" type="cond" truecount="0" falsecount="2"/>
        <line num="22" count="0" type="stmt"/>
        <line num="23" count="0" type="stmt"/>
        <line num="24" count="0" type="stmt"/>
        <line num="25" count="0" type="stmt"/>
        <line num="26" count="0" type="stmt"/>
        <line num="29" count="0" type="stmt"/>
        <line num="30" count="0" type="stmt"/>
        <line num="34" count="0" type="stmt"/>
        <line num="35" count="0" type="cond" truecount="0" falsecount="4"/>
        <line num="36" count="0" type="stmt"/>
        <line num="41" count="0" type="stmt"/>
        <line num="42" count="0" type="cond" truecount="0" falsecount="4"/>
        <line num="46" count="0" type="stmt"/>
        <line num="47" count="0" type="cond" truecount="0" falsecount="2"/>
        <line num="49" count="0" type="stmt"/>
        <line num="50" count="0" type="stmt"/>
        <line num="54" count="0" type="stmt"/>
        <line num="55" count="0" type="cond" truecount="0" falsecount="2"/>
        <line num="56" count="0" type="stmt"/>
        <line num="57" count="0" type="stmt"/>
        <line num="62" count="0" type="stmt"/>
        <line num="63" count="0" type="cond" truecount="0" falsecount="2"/>
        <line num="64" count="0" type="stmt"/>
        <line num="65" count="0" type="stmt"/>
        <line num="70" count="0" type="cond" truecount="0" falsecount="2"/>
        <line num="71" count="0" type="stmt"/>
        <line num="75" count="0" type="cond" truecount="0" falsecount="2"/>
        <line num="76" count="0" type="cond" truecount="0" falsecount="2"/>
        <line num="77" count="0" type="stmt"/>
        <line num="78" count="0" type="stmt"/>
        <line num="82" count="0" type="cond" truecount="0" falsecount="2"/>
        <line num="83" count="0" type="stmt"/>
        <line num="85" count="0" type="stmt"/>
        <line num="89" count="0" type="cond" truecount="0" falsecount="2"/>
        <line num="90" count="0" type="stmt"/>
        <line num="91" count="0" type="cond" truecount="0" falsecount="2"/>
        <line num="92" count="0" type="stmt"/>
        <line num="93" count="0" type="stmt"/>
        <line num="94" count="0" type="stmt"/>
        <line num="96" count="0" type="cond" truecount="0" falsecount="2"/>
        <line num="97" count="0" type="stmt"/>
        <line num="102" count="0" type="stmt"/>
        <line num="105" count="0" type="stmt"/>
      </file>
      <file name="SovereignThemeInjector.tsx" path="C:\Users\Igor\Desktop\Sarak\X - Trabalho\Code\Biblioteca\Sarak-Lib-UI-Core\src\core\Provider\components\SovereignThemeInjector.tsx">
        <metrics statements="10" coveredstatements="1" conditionals="8" coveredconditionals="0" methods="2" coveredmethods="0"/>
        <line num="16" count="3" type="stmt"/>
        <line num="18" count="0" type="stmt"/>
        <line num="21" count="0" type="cond" truecount="0" falsecount="2"/>
        <line num="22" count="0" type="stmt"/>
        <line num="25" count="0" type="cond" truecount="0" falsecount="2"/>
        <line num="30" count="0" type="cond" truecount="0" falsecount="2"/>
        <line num="31" count="0" type="stmt"/>
        <line num="92" count="0" type="stmt"/>
        <line num="102" count="0" type="cond" truecount="0" falsecount="2"/>
        <line num="104" count="0" type="stmt"/>
      </file>
    </package>
    <package name="core.Provider.hooks">
      <metrics statements="137" coveredstatements="2" conditionals="93" coveredconditionals="0" methods="37" coveredmethods="0"/>
      <file name="useBrandingManager.ts" path="C:\Users\Igor\Desktop\Sarak\X - Trabalho\Code\Biblioteca\Sarak-Lib-UI-Core\src\core\Provider\hooks\useBrandingManager.ts">
        <metrics statements="25" coveredstatements="0" conditionals="22" coveredconditionals="0" methods="5" coveredmethods="0"/>
        <line num="11" count="0" type="stmt"/>
        <line num="18" count="0" type="stmt"/>
        <line num="20" count="0" type="stmt"/>
        <line num="21" count="0" type="cond" truecount="0" falsecount="2"/>
        <line num="23" count="0" type="stmt"/>
        <line num="24" count="0" type="stmt"/>
        <line num="25" count="0" type="stmt"/>
        <line num="26" count="0" type="cond" truecount="0" falsecount="2"/>
        <line num="28" count="0" type="stmt"/>
        <line num="29" count="0" type="cond" truecount="0" falsecount="2"/>
        <line num="30" count="0" type="stmt"/>
        <line num="31" count="0" type="cond" truecount="0" falsecount="4"/>
        <line num="32" count="0" type="stmt"/>
        <line num="41" count="0" type="stmt"/>
        <line num="43" count="0" type="stmt"/>
        <line num="47" count="0" type="stmt"/>
        <line num="50" count="0" type="stmt"/>
        <line num="51" count="0" type="stmt"/>
        <line num="53" count="0" type="cond" truecount="0" falsecount="2"/>
        <line num="55" count="0" type="stmt"/>
        <line num="56" count="0" type="stmt"/>
        <line num="57" count="0" type="cond" truecount="0" falsecount="2"/>
        <line num="59" count="0" type="stmt"/>
        <line num="65" count="0" type="stmt"/>
        <line num="69" count="0" type="stmt"/>
      </file>
      <file name="useDesignManager.ts" path="C:\Users\Igor\Desktop\Sarak\X - Trabalho\Code\Biblioteca\Sarak-Lib-UI-Core\src\core\Provider\hooks\useDesignManager.ts">
        <metrics statements="94" coveredstatements="1" conditionals="69" coveredconditionals="0" methods="26" coveredmethods="0"/>
        <line num="13" count="3" type="stmt"/>
        <line num="21" count="0" type="stmt"/>
        <line num="23" count="0" type="stmt"/>
        <line num="24" count="0" type="stmt"/>
        <line num="25" count="0" type="stmt"/>
        <line num="27" count="0" type="stmt"/>
        <line num="28" count="0" type="stmt"/>
        <line num="29" count="0" type="stmt"/>
        <line num="32" count="0" type="stmt"/>
        <line num="35" count="0" type="stmt"/>
        <line num="36" count="0" type="stmt"/>
        <line num="37" count="0" type="stmt"/>
        <line num="39" count="0" type="stmt"/>
        <line num="41" count="0" type="cond" truecount="0" falsecount="4"/>
        <line num="42" count="0" type="stmt"/>
        <line num="43" count="0" type="cond" truecount="0" falsecount="2"/>
        <line num="44" count="0" type="cond" truecount="0" falsecount="2"/>
        <line num="49" count="0" type="cond" truecount="0" falsecount="2"/>
        <line num="50" count="0" type="cond" truecount="0" falsecount="2"/>
        <line num="51" count="0" type="cond" truecount="0" falsecount="2"/>
        <line num="52" count="0" type="cond" truecount="0" falsecount="2"/>
        <line num="55" count="0" type="stmt"/>
        <line num="58" count="0" type="stmt"/>
        <line num="59" count="0" type="cond" truecount="0" falsecount="2"/>
        <line num="61" count="0" type="stmt"/>
        <line num="62" count="0" type="cond" truecount="0" falsecount="2"/>
        <line num="63" count="0" type="stmt"/>
        <line num="64" count="0" type="cond" truecount="0" falsecount="2"/>
        <line num="65" count="0" type="stmt"/>
        <line num="66" count="0" type="stmt"/>
        <line num="69" count="0" type="stmt"/>
        <line num="72" count="0" type="cond" truecount="0" falsecount="2"/>
        <line num="73" count="0" type="cond" truecount="0" falsecount="2"/>
        <line num="78" count="0" type="stmt"/>
        <line num="79" count="0" type="cond" truecount="0" falsecount="4"/>
        <line num="80" count="0" type="stmt"/>
        <line num="81" count="0" type="stmt"/>
        <line num="83" count="0" type="cond" truecount="0" falsecount="4"/>
        <line num="84" count="0" type="stmt"/>
        <line num="85" count="0" type="stmt"/>
        <line num="88" count="0" type="stmt"/>
        <line num="93" count="0" type="stmt"/>
        <line num="94" count="0" type="cond" truecount="0" falsecount="5"/>
        <line num="95" count="0" type="stmt"/>
        <line num="96" count="0" type="cond" truecount="0" falsecount="4"/>
        <line num="97" count="0" type="stmt"/>
        <line num="103" count="0" type="stmt"/>
        <line num="104" count="0" type="cond" truecount="0" falsecount="2"/>
        <line num="106" count="0" type="stmt"/>
        <line num="107" count="0" type="stmt"/>
        <line num="108" count="0" type="cond" truecount="0" falsecount="2"/>
        <line num="109" count="0" type="stmt"/>
        <line num="110" count="0" type="stmt"/>
        <line num="111" count="0" type="cond" truecount="0" falsecount="2"/>
        <line num="112" count="0" type="stmt"/>
        <line num="113" count="0" type="stmt"/>
        <line num="114" count="0" type="stmt"/>
        <line num="116" count="0" type="stmt"/>
        <line num="119" count="0" type="cond" truecount="0" falsecount="2"/>
        <line num="120" count="0" type="cond" truecount="0" falsecount="2"/>
        <line num="121" count="0" type="stmt"/>
        <line num="122" count="0" type="stmt"/>
        <line num="123" count="0" type="cond" truecount="0" falsecount="2"/>
        <line num="125" count="0" type="stmt"/>
        <line num="128" count="0" type="cond" truecount="0" falsecount="2"/>
        <line num="129" count="0" type="stmt"/>
        <line num="130" count="0" type="cond" truecount="0" falsecount="2"/>
        <line num="131" count="0" type="stmt"/>
        <line num="137" count="0" type="stmt"/>
        <line num="141" count="0" type="stmt"/>
        <line num="142" count="0" type="cond" truecount="0" falsecount="2"/>
        <line num="143" count="0" type="stmt"/>
        <line num="144" count="0" type="stmt"/>
        <line num="145" count="0" type="stmt"/>
        <line num="146" count="0" type="cond" truecount="0" falsecount="2"/>
        <line num="147" count="0" type="stmt"/>
        <line num="149" count="0" type="cond" truecount="0" falsecount="2"/>
        <line num="150" count="0" type="stmt"/>
        <line num="151" count="0" type="cond" truecount="0" falsecount="2"/>
        <line num="153" count="0" type="stmt"/>
        <line num="160" count="0" type="stmt"/>
        <line num="165" count="0" type="stmt"/>
        <line num="166" count="0" type="stmt"/>
        <line num="167" count="0" type="stmt"/>
        <line num="170" count="0" type="stmt"/>
        <line num="173" count="0" type="stmt"/>
        <line num="174" count="0" type="stmt"/>
        <line num="175" count="0" type="cond" truecount="0" falsecount="2"/>
        <line num="176" count="0" type="stmt"/>
        <line num="180" count="0" type="stmt"/>
        <line num="181" count="0" type="stmt"/>
        <line num="184" count="0" type="stmt"/>
        <line num="185" count="0" type="stmt"/>
        <line num="188" count="0" type="stmt"/>
      </file>
      <file name="useRegistryManager.ts" path="C:\Users\Igor\Desktop\Sarak\X - Trabalho\Code\Biblioteca\Sarak-Lib-UI-Core\src\core\Provider\hooks\useRegistryManager.ts">
        <metrics statements="18" coveredstatements="1" conditionals="2" coveredconditionals="0" methods="6" coveredmethods="0"/>
        <line num="16" count="3" type="stmt"/>
        <line num="17" count="0" type="stmt"/>
        <line num="18" count="0" type="stmt"/>
        <line num="20" count="0" type="stmt"/>
        <line num="23" count="0" type="stmt"/>
        <line num="26" count="0" type="cond" truecount="0" falsecount="2"/>
        <line num="27" count="0" type="stmt"/>
        <line num="28" count="0" type="stmt"/>
        <line num="33" count="0" type="stmt"/>
        <line num="42" count="0" type="stmt"/>
        <line num="43" count="0" type="stmt"/>
        <line num="44" count="0" type="stmt"/>
        <line num="47" count="0" type="stmt"/>
        <line num="48" count="0" type="stmt"/>
        <line num="50" count="0" type="stmt"/>
        <line num="51" count="0" type="stmt"/>
        <line num="52" count="0" type="stmt"/>
        <line num="56" count="0" type="stmt"/>
      </file>
    </package>
    <package name="core.Provider.utils">
      <metrics statements="107" coveredstatements="75" conditionals="110" coveredconditionals="74" methods="14" coveredmethods="10"/>
      <file name="color-engine.ts" path="C:\Users\Igor\Desktop\Sarak\X - Trabalho\Code\Biblioteca\Sarak-Lib-UI-Core\src\core\Provider\utils\color-engine.ts">
        <metrics statements="77" coveredstatements="74" conditionals="82" coveredconditionals="74" methods="11" coveredmethods="10"/>
        <line num="10" count="4" type="stmt"/>
        <line num="11" count="1958" type="stmt"/>
        <line num="12" count="1958" type="stmt"/>
        <line num="13" count="1958" type="stmt"/>
        <line num="15" count="1958" type="cond" truecount="2" falsecount="0"/>
        <line num="16" count="1071" type="stmt"/>
        <line num="17" count="1071" type="cond" truecount="2" falsecount="0"/>
        <line num="18" count="1071" type="cond" truecount="3" falsecount="0"/>
        <line num="19" count="380" type="cond" truecount="2" falsecount="0"/>
        <line num="20" count="165" type="stmt"/>
        <line num="21" count="526" type="stmt"/>
        <line num="23" count="1071" type="stmt"/>
        <line num="25" count="1958" type="stmt"/>
        <line num="31" count="4" type="stmt"/>
        <line num="32" count="1942" type="stmt"/>
        <line num="35" count="1942" type="cond" truecount="2" falsecount="0"/>
        <line num="36" count="887" type="stmt"/>
        <line num="38" count="1055" type="stmt"/>
        <line num="39" count="3165" type="cond" truecount="2" falsecount="0"/>
        <line num="40" count="3165" type="cond" truecount="2" falsecount="0"/>
        <line num="41" count="3165" type="cond" truecount="2" falsecount="0"/>
        <line num="42" count="2840" type="cond" truecount="2" falsecount="0"/>
        <line num="43" count="1785" type="cond" truecount="2" falsecount="0"/>
        <line num="44" count="1088" type="stmt"/>
        <line num="46" count="1055" type="cond" truecount="2" falsecount="0"/>
        <line num="47" count="1055" type="stmt"/>
        <line num="48" count="1055" type="stmt"/>
        <line num="49" count="1055" type="stmt"/>
        <line num="50" count="1055" type="stmt"/>
        <line num="52" count="1942" type="stmt"/>
        <line num="58" count="4" type="stmt"/>
        <line num="59" count="9744" type="stmt"/>
        <line num="60" count="2436" type="cond" truecount="1" falsecount="1"/>
        <line num="61" count="2436" type="stmt"/>
        <line num="67" count="4" type="stmt"/>
        <line num="68" count="2598" type="stmt"/>
        <line num="69" count="2598" type="cond" truecount="3" falsecount="1"/>
        <line num="71" count="2598" type="stmt"/>
        <line num="72" count="2598" type="stmt"/>
        <line num="74" count="2598" type="cond" truecount="2" falsecount="0"/>
        <line num="75" count="458" type="stmt"/>
        <line num="83" count="2140" type="cond" truecount="4" falsecount="0"/>
        <line num="84" count="1994" type="stmt"/>
        <line num="85" count="1994" type="cond" truecount="3" falsecount="1"/>
        <line num="86" count="0" type="stmt"/>
        <line num="88" count="1994" type="stmt"/>
        <line num="96" count="146" type="cond" truecount="1" falsecount="1"/>
        <line num="98" count="0" type="stmt"/>
        <line num="104" count="4" type="stmt"/>
        <line num="109" count="2088" type="stmt"/>
        <line num="110" count="2088" type="cond" truecount="2" falsecount="0"/>
        <line num="112" count="1942" type="stmt"/>
        <line num="113" count="1942" type="stmt"/>
        <line num="114" count="1942" type="stmt"/>
        <line num="116" count="1942" type="stmt"/>
        <line num="118" count="1942" type="cond" truecount="2" falsecount="0"/>
        <line num="120" count="831" type="cond" truecount="2" falsecount="0"/>
        <line num="121" count="1111" type="cond" truecount="2" falsecount="0"/>
        <line num="123" count="373" type="cond" truecount="2" falsecount="0"/>
        <line num="126" count="373" type="cond" truecount="4" falsecount="0"/>
        <line num="127" count="61" type="stmt"/>
        <line num="129" count="738" type="cond" truecount="2" falsecount="0"/>
        <line num="131" count="201" type="cond" truecount="2" falsecount="0"/>
        <line num="134" count="201" type="cond" truecount="4" falsecount="0"/>
        <line num="135" count="126" type="stmt"/>
        <line num="137" count="537" type="cond" truecount="1" falsecount="1"/>
        <line num="139" count="537" type="cond" truecount="2" falsecount="0"/>
        <line num="142" count="1942" type="stmt"/>
        <line num="143" count="1942" type="stmt"/>
        <line num="146" count="4" type="stmt"/>
        <line num="147" count="494" type="cond" truecount="1" falsecount="1"/>
        <line num="148" count="494" type="stmt"/>
        <line num="150" count="494" type="cond" truecount="1" falsecount="1"/>
        <line num="151" count="0" type="stmt"/>
        <line num="168" count="2964" type="stmt"/>
        <line num="169" count="2964" type="stmt"/>
        <line num="171" count="494" type="stmt"/>
      </file>
      <file name="validation.ts" path="C:\Users\Igor\Desktop\Sarak\X - Trabalho\Code\Biblioteca\Sarak-Lib-UI-Core\src\core\Provider\utils\validation.ts">
[...]
        <line num="22" count="12" type="stmt"/>
        <line num="23" count="12" type="stmt"/>
        <line num="26" count="12" type="stmt"/>
        <line num="27" count="12" type="stmt"/>
        <line num="28" count="12" type="stmt"/>
        <line num="29" count="12" type="stmt"/>
        <line num="30" count="12" type="stmt"/>
        <line num="31" count="12" type="stmt"/>
        <line num="34" count="12" type="stmt"/>
        <line num="48" count="12" type="stmt"/>
        <line num="49" count="12" type="stmt"/>
        <line num="50" count="12" type="cond" truecount="4" falsecount="0"/>
        <line num="51" count="6" type="stmt"/>
        <line num="55" count="12" type="cond" truecount="1" falsecount="1"/>
        <line num="56" count="12" type="stmt"/>
        <line num="58" count="12" type="stmt"/>
        <line num="59" count="2" type="stmt"/>
        <line num="60" count="2" type="stmt"/>
        <line num="61" count="2" type="cond" truecount="1" falsecount="1"/>
        <line num="62" count="2" type="stmt"/>
        <line num="63" count="1" type="cond" truecount="1" falsecount="1"/>
        <line num="64" count="1" type="stmt"/>
        <line num="65" count="1" type="cond" truecount="1" falsecount="1"/>
        <line num="67" count="1" type="stmt"/>
        <line num="68" count="1" type="stmt"/>
        <line num="72" count="12" type="stmt"/>
      </file>
    </package>
    <package name="features.DesignEngine.components">
      <metrics statements="83" coveredstatements="11" conditionals="139" coveredconditionals="8" methods="31" coveredmethods="1"/>
      <file name="DesignControls.tsx" path="C:\Users\Igor\Desktop\Sarak\X - Trabalho\Code\Biblioteca\Sarak-Lib-UI-Core\src\features\DesignEngine\components\DesignControls.tsx">
        <metrics statements="83" coveredstatements="11" conditionals="139" coveredconditionals="8" methods="31" coveredmethods="1"/>
        <line num="10" count="4" type="stmt"/>
        <line num="11" count="0" type="stmt"/>
        <line num="13" count="0" type="stmt"/>
        <line num="16" count="0" type="stmt"/>
        <line num="17" count="0" type="stmt"/>
        <line num="18" count="0" type="stmt"/>
        <line num="50" count="4" type="cond" truecount="0" falsecount="5"/>
        <line num="51" count="0" type="stmt"/>
        <line num="61" count="0" type="stmt"/>
        <line num="67" count="4" type="stmt"/>
        <line num="68" count="0" type="cond" truecount="0" falsecount="2"/>
        <line num="71" count="0" type="stmt"/>
        <line num="72" count="0" type="cond" truecount="0" falsecount="2"/>
        <line num="73" count="0" type="cond" truecount="0" falsecount="2"/>
        <line num="74" count="0" type="cond" truecount="0" falsecount="2"/>
        <line num="75" count="0" type="stmt"/>
        <line num="76" count="0" type="cond" truecount="0" falsecount="2"/>
        <line num="77" count="0" type="stmt"/>
        <line num="78" count="0" type="stmt"/>
        <line num="79" count="0" type="stmt"/>
        <line num="80" count="0" type="stmt"/>
        <line num="83" count="0" type="cond" truecount="0" falsecount="2"/>
        <line num="84" count="0" type="stmt"/>
        <line num="87" count="0" type="stmt"/>
        <line num="88" count="0" type="cond" truecount="0" falsecount="2"/>
        <line num="91" count="0" type="stmt"/>
        <line num="106" count="0" type="stmt"/>
        <line num="107" count="0" type="stmt"/>
        <line num="118" count="4" type="stmt"/>
        <line num="119" count="0" type="stmt"/>
        <line num="128" count="0" type="stmt"/>
        <line num="136" count="4" type="cond" truecount="0" falsecount="1"/>
        <line num="137" count="0" type="stmt"/>
        <line num="144" count="0" type="stmt"/>
        <line num="149" count="0" type="cond" truecount="0" falsecount="6"/>
        <line num="150" count="0" type="cond" truecount="0" falsecount="5"/>
        <line num="151" count="0" type="stmt"/>
        <line num="162" count="4" type="cond" truecount="0" falsecount="2"/>
        <line num="163" count="0" type="stmt"/>
        <line num="174" count="0" type="cond" truecount="0" falsecount="2"/>
        <line num="180" count="4" type="stmt"/>
        <line num="193" count="32" type="cond" truecount="1" falsecount="1"/>
        <line num="199" count="0" type="cond" truecount="0" falsecount="4"/>
        <line num="200" count="0" type="stmt"/>
        <line num="201" count="0" type="stmt"/>
        <line num="226" count="0" type="stmt"/>
        <line num="237" count="0" type="stmt"/>
        <line num="252" count="0" type="stmt"/>
        <line num="268" count="4" type="stmt"/>
        <line num="269" count="0" type="stmt"/>
        <line num="270" count="0" type="cond" truecount="0" falsecount="2"/>
        <line num="293" count="4" type="stmt"/>
        <line num="294" count="0" type="stmt"/>
        <line num="309" count="4" type="stmt"/>
        <line num="310" count="0" type="stmt"/>
        <line num="311" count="0" type="stmt"/>
        <line num="312" count="0" type="stmt"/>
        <line num="314" count="0" type="stmt"/>
        <line num="315" count="0" type="stmt"/>
        <line num="316" count="0" type="cond" truecount="0" falsecount="2"/>
        <line num="319" count="0" type="cond" truecount="0" falsecount="2"/>
        <line num="320" count="0" type="stmt"/>
        <line num="321" count="0" type="stmt"/>
        <line num="322" count="0" type="stmt"/>
        <line num="323" count="0" type="stmt"/>
        <line num="325" count="0" type="stmt"/>
        <line num="326" count="0" type="stmt"/>
        <line num="328" count="0" type="stmt"/>
        <line num="330" count="0" type="stmt"/>
        <line num="334" count="0" type="cond" truecount="0" falsecount="2"/>
        <line num="335" count="0" type="stmt"/>
        <line num="336" count="0" type="stmt"/>
        <line num="339" count="0" type="stmt"/>
        <line num="340" count="0" type="stmt"/>
        <line num="341" count="0" type="stmt"/>
        <line num="342" count="0" type="stmt"/>
        <line num="344" count="0" type="stmt"/>
        <line num="348" count="0" type="cond" truecount="0" falsecount="2"/>
        <line num="349" count="0" type="cond" truecount="0" falsecount="3"/>
        <line num="351" count="0" type="stmt"/>
        <line num="361" count="0" type="cond" truecount="0" falsecount="2"/>
        <line num="378" count="0" type="cond" truecount="0" falsecount="2"/>
        <line num="386" count="0" type="stmt"/>
      </file>
    </package>
    <package name="features.DesignEngine.config">
      <metrics statements="0" coveredstatements="0" conditionals="0" coveredconditionals="0" methods="0" coveredmethods="0"/>
      <file name="design-pillars.json" path="C:\Users\Igor\Desktop\Sarak\X - Trabalho\Code\Biblioteca\Sarak-Lib-UI-Core\src\features\DesignEngine\config\design-pillars.json">
        <metrics statements="0" coveredstatements="0" conditionals="0" coveredconditionals="0" methods="0" coveredmethods="0"/>
      </file>
    </package>
    <package name="features.DesignEngine.hooks">
      <metrics statements="147" coveredstatements="23" conditionals="92" coveredconditionals="1" methods="46" coveredmethods="4"/>
      <file name="useDesignDraft.ts" path="C:\Users\Igor\Desktop\Sarak\X - Trabalho\Code\Biblioteca\Sarak-Lib-UI-Core\src\features\DesignEngine\hooks\useDesignDraft.ts">
        <metrics statements="105" coveredstatements="2" conditionals="76" coveredconditionals="0" methods="39" coveredmethods="0"/>
        <line num="8" count="3" type="stmt"/>
        <line num="9" count="0" type="cond" truecount="0" falsecount="2"/>
        <line num="10" count="0" type="cond" truecount="0" falsecount="6"/>
        <line num="11" count="0" type="stmt"/>
        <line num="13" count="0" type="stmt"/>
        <line num="20" count="3" type="stmt"/>
        <line num="24" count="0" type="stmt"/>
        <line num="25" count="0" type="stmt"/>
        <line num="29" count="0" type="stmt"/>
        <line num="30" count="0" type="cond" truecount="0" falsecount="2"/>
        <line num="33" count="0" type="cond" truecount="0" falsecount="2"/>
        <line num="34" count="0" type="stmt"/>
        <line num="35" count="0" type="stmt"/>
        <line num="37" count="0" type="stmt"/>
        <line num="38" count="0" type="cond" truecount="0" falsecount="2"/>
        <line num="39" count="0" type="stmt"/>
        <line num="44" count="0" type="cond" truecount="0" falsecount="4"/>
        <line num="45" count="0" type="cond" truecount="0" falsecount="4"/>
        <line num="47" count="0" type="stmt"/>
        <line num="50" count="0" type="stmt"/>
        <line num="52" count="0" type="stmt"/>
        <line num="53" count="0" type="stmt"/>
        <line num="54" count="0" type="stmt"/>
        <line num="58" count="0" type="stmt"/>
        <line num="59" count="0" type="stmt"/>
        <line num="60" count="0" type="stmt"/>
        <line num="61" count="0" type="stmt"/>
        <line num="63" count="0" type="cond" truecount="0" falsecount="2"/>
        <line num="64" count="0" type="stmt"/>
        <line num="65" count="0" type="stmt"/>
        <line num="66" count="0" type="cond" truecount="0" falsecount="2"/>
        <line num="69" count="0" type="stmt"/>
        <line num="73" count="0" type="cond" truecount="0" falsecount="2"/>
        <line num="74" count="0" type="stmt"/>
        <line num="77" count="0" type="stmt"/>
        <line num="78" count="0" type="stmt"/>
        <line num="79" count="0" type="stmt"/>
        <line num="80" count="0" type="stmt"/>
        <line num="85" count="0" type="stmt"/>
        <line num="86" count="0" type="cond" truecount="0" falsecount="2"/>
        <line num="87" count="0" type="stmt"/>
        <line num="88" count="0" type="stmt"/>
        <line num="91" count="0" type="stmt"/>
        <line num="92" count="0" type="cond" truecount="0" falsecount="2"/>
        <line num="93" count="0" type="stmt"/>
        <line num="94" count="0" type="stmt"/>
        <line num="98" count="0" type="stmt"/>
        <line num="99" count="0" type="cond" truecount="0" falsecount="2"/>
        <line num="102" count="0" type="cond" truecount="0" falsecount="2"/>
        <line num="104" count="0" type="stmt"/>
        <line num="105" count="0" type="stmt"/>
        <line num="107" count="0" type="cond" truecount="0" falsecount="2"/>
        <line num="108" count="0" type="stmt"/>
        <line num="113" count="0" type="stmt"/>
        <line num="114" count="0" type="stmt"/>
        <line num="115" count="0" type="stmt"/>
        <line num="117" count="0" type="cond" truecount="0" falsecount="2"/>
        <line num="118" count="0" type="stmt"/>
        <line num="119" count="0" type="stmt"/>
        <line num="121" count="0" type="stmt"/>
        <line num="122" count="0" type="stmt"/>
        <line num="128" count="0" type="stmt"/>
        <line num="129" count="0" type="stmt"/>
        <line num="130" count="0" type="cond" truecount="0" falsecount="2"/>
        <line num="138" count="0" type="stmt"/>
        <line num="139" count="0" type="stmt"/>
        <line num="140" count="0" type="cond" truecount="0" falsecount="2"/>
        <line num="141" count="0" type="cond" truecount="0" falsecount="2"/>
        <line num="143" count="0" type="cond" truecount="0" falsecount="2"/>
        <line num="144" count="0" type="stmt"/>
        <line num="147" count="0" type="stmt"/>
        <line num="154" count="0" type="stmt"/>
        <line num="155" count="0" type="stmt"/>
        <line num="161" count="0" type="stmt"/>
        <line num="162" count="0" type="cond" truecount="0" falsecount="2"/>
        <line num="165" count="0" type="stmt"/>
        <line num="166" count="0" type="stmt"/>
        <line num="168" count="0" type="stmt"/>
        <line num="169" count="0" type="cond" truecount="0" falsecount="2"/>
        <line num="170" count="0" type="stmt"/>
        <line num="171" count="0" type="stmt"/>
        <line num="172" count="0" type="stmt"/>
        <line num="174" count="0" type="stmt"/>
        <line num="177" count="0" type="cond" truecount="0" falsecount="2"/>
        <line num="178" count="0" type="stmt"/>
        <line num="184" count="0" type="stmt"/>
        <line num="185" count="0" type="stmt"/>
        <line num="195" count="0" type="stmt"/>
        <line num="196" count="0" type="cond" truecount="0" falsecount="4"/>
        <line num="197" count="0" type="stmt"/>
        <line num="208" count="0" type="stmt"/>
        <line num="209" count="0" type="cond" truecount="0" falsecount="4"/>
        <line num="210" count="0" type="stmt"/>
        <line num="211" count="0" type="cond" truecount="0" falsecount="2"/>
        <line num="212" count="0" type="stmt"/>
        <line num="214" count="0" type="stmt"/>
        <line num="221" count="0" type="stmt"/>
        <line num="222" count="0" type="cond" truecount="0" falsecount="4"/>
        <line num="223" count="0" type="stmt"/>
        <line num="224" count="0" type="stmt"/>
        <line num="225" count="0" type="stmt"/>
        <line num="226" count="0" type="stmt"/>
        <line num="229" count="0" type="stmt"/>
        <line num="230" count="0" type="stmt"/>
        <line num="234" count="0" type="stmt"/>
      </file>
      <file name="useResizable.ts" path="C:\Users\Igor\Desktop\Sarak\X - Trabalho\Code\Biblioteca\Sarak-Lib-UI-Core\src\features\DesignEngine\hooks\useResizable.ts">
        <metrics statements="42" coveredstatements="21" conditionals="16" coveredconditionals="1" methods="7" coveredmethods="4"/>
        <line num="17" count="3" type="stmt"/>
        <line num="25" count="2" type="stmt"/>
        <line num="26" count="2" type="stmt"/>
        <line num="29" count="2" type="stmt"/>
        <line num="30" count="2" type="stmt"/>
        <line num="32" count="2" type="stmt"/>
        <line num="33" count="0" type="stmt"/>
        <line num="34" count="0" type="stmt"/>
        <line num="37" count="0" type="cond" truecount="0" falsecount="2"/>
        <line num="38" count="0" type="stmt"/>
        <line num="41" count="0" type="cond" truecount="0" falsecount="2"/>
        <line num="42" count="0" type="stmt"/>
        <line num="46" count="2" type="stmt"/>
        <line num="47" count="2" type="stmt"/>
        <line num="49" count="2" type="stmt"/>
        <line num="50" count="2" type="stmt"/>
        <line num="51" count="2" type="stmt"/>
        <line num="54" count="2" type="stmt"/>
        <line num="55" count="0" type="cond" truecount="0" falsecount="2"/>
        <line num="56" count="0" type="stmt"/>
        <line num="57" count="0" type="stmt"/>
        <line num="58" count="0" type="stmt"/>
        <line num="59" count="0" type="stmt"/>
        <line num="63" count="2" type="stmt"/>
        <line num="64" count="0" type="cond" truecount="0" falsecount="2"/>
        <line num="66" count="0" type="cond" truecount="0" falsecount="2"/>
        <line num="67" count="0" type="stmt"/>
        <line num="68" count="0" type="stmt"/>
        <line num="71" count="0" type="cond" truecount="0" falsecount="2"/>
        <line num="72" count="0" type="cond" truecount="0" falsecount="2"/>
        <line num="74" count="0" type="stmt"/>
        <line num="75" count="0" type="stmt"/>
        <line num="78" count="2" type="stmt"/>
        <line num="79" count="2" type="cond" truecount="1" falsecount="1"/>
        <line num="80" count="0" type="stmt"/>
        <line num="81" count="0" type="stmt"/>
        <line num="83" count="2" type="stmt"/>
        <line num="84" count="2" type="stmt"/>
        <line num="87" count="2" type="stmt"/>
        <line num="88" count="2" type="stmt"/>
        <line num="89" count="2" type="stmt"/>
        <line num="93" count="2" type="stmt"/>
      </file>
    </package>
    <package name="features.DesignEngine.utils">
      <metrics statements="54" coveredstatements="8" conditionals="42" coveredconditionals="0" methods="17" coveredmethods="3"/>
      <file name="dynamic-categories.ts" path="C:\Users\Igor\Desktop\Sarak\X - Trabalho\Code\Biblioteca\Sarak-Lib-UI-Core\src\features\DesignEngine\utils\dynamic-categories.ts">
        <metrics statements="54" coveredstatements="8" conditionals="42" coveredconditionals="0" methods="17" coveredmethods="3"/>
        <line num="3" count="3" type="stmt"/>
        <line num="4" count="0" type="stmt"/>
        <line num="7" count="0" type="cond" truecount="0" falsecount="2"/>
        <line num="8" count="0" type="cond" truecount="0" falsecount="2"/>
        <line num="9" count="0" type="cond" truecount="0" falsecount="2"/>
        <line num="10" count="0" type="cond" truecount="0" falsecount="2"/>
        <line num="11" count="0" type="cond" truecount="0" falsecount="2"/>
        <line num="12" count="0" type="cond" truecount="0" falsecount="2"/>
        <line num="13" count="0" type="cond" truecount="0" falsecount="2"/>
        <line num="14" count="0" type="cond" truecount="0" falsecount="2"/>
        <line num="15" count="0" type="cond" truecount="0" falsecount="2"/>
        <line num="16" count="0" type="cond" truecount="0" falsecount="2"/>
        <line num="17" count="0" type="cond" truecount="0" falsecount="2"/>
        <line num="19" count="0" type="stmt"/>
        <line num="25" count="3" type="stmt"/>
        <line num="26" count="3" type="stmt"/>
        <line num="27" count="21" type="stmt"/>
        <line num="30" count="3" type="stmt"/>
        <line num="31" count="3" type="stmt"/>
        <line num="32" count="33" type="stmt"/>
        <line num="37" count="3" type="stmt"/>
        <line num="39" count="0" type="stmt"/>
        <line num="41" count="0" type="stmt"/>
        <line num="42" count="0" type="cond" truecount="0" falsecount="4"/>
        <line num="44" count="0" type="stmt"/>
        <line num="46" count="0" type="stmt"/>
        <line num="50" count="0" type="stmt"/>
        <line num="51" count="0" type="stmt"/>
        <line num="54" count="0" type="stmt"/>
        <line num="55" count="0" type="cond" truecount="0" falsecount="2"/>
        <line num="57" count="0" type="stmt"/>
        <line num="58" count="0" type="cond" truecount="0" falsecount="2"/>
        <line num="60" count="0" type="stmt"/>
        <line num="61" count="0" type="stmt"/>
        <line num="62" count="0" type="cond" truecount="0" falsecount="2"/>
        <line num="65" count="0" type="stmt"/>
        <line num="67" count="0" type="cond" truecount="0" falsecount="2"/>
        <line num="68" count="0" type="stmt"/>
        <line num="71" count="0" type="stmt"/>
        <line num="72" count="0" type="cond" truecount="0" falsecount="2"/>
        <line num="76" count="0" type="stmt"/>
        <line num="83" count="0" type="stmt"/>
        <line num="84" count="0" type="stmt"/>
        <line num="85" count="0" type="stmt"/>
        <line num="87" count="0" type="stmt"/>
        <line num="88" count="0" type="cond" truecount="0" falsecount="4"/>
        <line num="89" count="0" type="cond" truecount="0" falsecount="2"/>
        <line num="91" count="0" type="stmt"/>
        <line num="93" count="0" type="stmt"/>
        <line num="99" count="0" type="stmt"/>
        <line num="100" count="0" type="stmt"/>
        <line num="101" count="0" type="stmt"/>
        <line num="102" count="0" type="stmt"/>
        <line num="106" count="0" type="stmt"/>
      </file>
    </package>
    <package name="styles">
      <metrics statements="0" coveredstatements="0" conditionals="0" coveredconditionals="0" methods="0" coveredmethods="0"/>
      <file name="sarak-base.css" path="C:\Users\Igor\Desktop\Sarak\X - Trabalho\Code\Biblioteca\Sarak-Lib-UI-Core\src\styles\sarak-base.css">
        <metrics statements="0" coveredstatements="0" conditionals="0" coveredconditionals="0" methods="0" coveredmethods="0"/>
      </file>
    </package>
  </project>
</coverage>
