{"C:\\Users\\Igor\\Desktop\\Sarak\\X - Trabalho\\Code\\Biblioteca\\Sarak-Lib-UI-Core\\src\\components\\Layout\\SarakAnalyticalPage.tsx": {"path":"C:\\Users\\Igor\\Desktop\\Sarak\\X - Trabalho\\Code\\Biblioteca\\Sarak-Lib-UI-Core\\src\\components\\Layout\\SarakAnalyticalPage.tsx","statementMap":{"0":{"start":{"line":22,"column":13},"end":{"line":124,"column":null}},"1":{"start":{"line":29,"column":10},"end":{"line":29,"column":null}},"2":{"start":{"line":30,"column":21},"end":{"line":30,"column":null}},"3":{"start":{"line":31,"column":21},"end":{"line":31,"column":null}},"4":{"start":{"line":33,"column":28},"end":{"line":33,"column":null}},"5":{"start":{"line":34,"column":28},"end":{"line":34,"column":null}},"6":{"start":{"line":36,"column":4},"end":{"line":100,"column":null}},"7":{"start":{"line":37,"column":8},"end":{"line":98,"column":null}},"8":{"start":{"line":44,"column":47},"end":{"line":44,"column":null}},"9":{"start":{"line":53,"column":47},"end":{"line":53,"column":null}},"10":{"start":{"line":76,"column":102},"end":{"line":76,"column":130}},"11":{"start":{"line":79,"column":55},"end":{"line":79,"column":82}},"12":{"start":{"line":89,"column":102},"end":{"line":89,"column":130}},"13":{"start":{"line":92,"column":55},"end":{"line":92,"column":82}},"14":{"start":{"line":103,"column":4},"end":{"line":122,"column":null}}},"fnMap":{"0":{"name":"(anonymous_0)","decl":{"start":{"line":22,"column":13},"end":{"line":22,"column":72}},"loc":{"start":{"line":28,"column":6},"end":{"line":124,"column":null}},"line":28},"1":{"name":"(anonymous_1)","decl":{"start":{"line":44,"column":32},"end":{"line":44,"column":47}},"loc":{"start":{"line":44,"column":47},"end":{"line":44,"column":null}},"line":44},"2":{"name":"(anonymous_2)","decl":{"start":{"line":53,"column":32},"end":{"line":53,"column":47}},"loc":{"start":{"line":53,"column":47},"end":{"line":53,"column":null}},"line":53},"3":{"name":"(anonymous_3)","decl":{"start":{"line":76,"column":87},"end":{"line":76,"column":102}},"loc":{"start":{"line":76,"column":102},"end":{"line":76,"column":130}},"line":76},"4":{"name":"(anonymous_4)","decl":{"start":{"line":79,"column":40},"end":{"line":79,"column":55}},"loc":{"start":{"line":79,"column":55},"end":{"line":79,"column":82}},"line":79},"5":{"name":"(anonymous_5)","decl":{"start":{"line":89,"column":87},"end":{"line":89,"column":102}},"loc":{"start":{"line":89,"column":102},"end":{"line":89,"column":130}},"line":89},"6":{"name":"(anonymous_6)","decl":{"start":{"line":92,"column":40},"end":{"line":92,"column":55}},"loc":{"start":{"line":92,"column":55},"end":{"line":92,"column":82}},"line":92}},"branchMap":{"0":{"loc":{"start":{"line":26,"column":4},"end":{"line":26,"column":null}},"type":"default-arg","locations":[{"start":{"line":26,"column":32},"end":{"line":26,"column":null}}],"line":26},"1":{"loc":{"start":{"line":27,"column":4},"end":{"line":27,"column":null}},"type":"default-arg","locations":[{"start":{"line":27,"column":24},"end":{"line":27,"column":null}}],"line":27},"2":{"loc":{"start":{"line":36,"column":4},"end":{"line":100,"column":null}},"type":"if","locations":[{"start":{"line":36,"column":4},"end":{"line":100,"column":null}},{"start":{},"end":{}}],"line":36},"3":{"loc":{"start":{"line":40,"column":18},"end":{"line":59,"column":null}},"type":"binary-expr","locations":[{"start":{"line":40,"column":18},"end":{"line":40,"column":28}},{"start":{"line":40,"column":28},"end":{"line":40,"column":null}},{"start":{"line":41,"column":20},"end":{"line":59,"column":null}}],"line":40},"4":{"loc":{"start":{"line":42,"column":25},"end":{"line":51,"column":null}},"type":"cond-expr","locations":[{"start":{"line":43,"column":28},"end":{"line":49,"column":29}},{"start":{"line":49,"column":28},"end":{"line":51,"column":null}}],"line":42},"5":{"loc":{"start":{"line":51,"column":25},"end":{"line":59,"column":null}},"type":"binary-expr","locations":[{"start":{"line":51,"column":25},"end":{"line":51,"column":null}},{"start":{"line":52,"column":28},"end":{"line":59,"column":null}}],"line":51},"6":{"loc":{"start":{"line":66,"column":21},"end":{"line":71,"column":null}},"type":"binary-expr","locations":[{"start":{"line":66,"column":21},"end":{"line":66,"column":51}},{"start":{"line":66,"column":51},"end":{"line":66,"column":null}},{"start":{"line":67,"column":24},"end":{"line":71,"column":null}}],"line":66},"7":{"loc":{"start":{"line":74,"column":17},"end":{"line":83,"column":null}},"type":"binary-expr","locations":[{"start":{"line":74,"column":17},"end":{"line":74,"column":27}},{"start":{"line":74,"column":27},"end":{"line":74,"column":null}},{"start":{"line":75,"column":20},"end":{"line":83,"column":null}}],"line":74},"8":{"loc":{"start":{"line":87,"column":17},"end":{"line":96,"column":null}},"type":"binary-expr","locations":[{"start":{"line":87,"column":17},"end":{"line":87,"column":30}},{"start":{"line":87,"column":30},"end":{"line":87,"column":59}},{"start":{"line":87,"column":59},"end":{"line":87,"column":null}},{"start":{"line":88,"column":20},"end":{"line":96,"column":null}}],"line":87},"9":{"loc":{"start":{"line":105,"column":13},"end":{"line":108,"column":null}},"type":"binary-expr","locations":[{"start":{"line":105,"column":13},"end":{"line":105,"column":null}},{"start":{"line":106,"column":16},"end":{"line":108,"column":null}}],"line":105},"10":{"loc":{"start":{"line":106,"column":58},"end":{"line":106,"column":null}},"type":"cond-expr","locations":[{"start":{"line":106,"column":69},"end":{"line":106,"column":78}},{"start":{"line":106,"column":78},"end":{"line":106,"column":null}}],"line":106},"11":{"loc":{"start":{"line":111,"column":76},"end":{"line":111,"column":null}},"type":"cond-expr","locations":[{"start":{"line":111,"column":96},"end":{"line":111,"column":134}},{"start":{"line":111,"column":134},"end":{"line":111,"column":null}}],"line":111},"12":{"loc":{"start":{"line":112,"column":32},"end":{"line":112,"column":null}},"type":"cond-expr","locations":[{"start":{"line":112,"column":52},"end":{"line":112,"column":81}},{"start":{"line":112,"column":81},"end":{"line":112,"column":null}}],"line":112},"13":{"loc":{"start":{"line":117,"column":13},"end":{"line":120,"column":null}},"type":"binary-expr","locations":[{"start":{"line":117,"column":13},"end":{"line":117,"column":null}},{"start":{"line":118,"column":16},"end":{"line":120,"column":null}}],"line":117},"14":{"loc":{"start":{"line":118,"column":58},"end":{"line":118,"column":null}},"type":"cond-expr","locations":[{"start":{"line":118,"column":69},"end":{"line":118,"column":78}},{"start":{"line":118,"column":78},"end":{"line":118,"column":null}}],"line":118}},"s":{"0":3,"1":1,"2":1,"3":1,"4":1,"5":1,"6":1,"7":0,"8":0,"9":0,"10":0,"11":0,"12":0,"13":0,"14":1},"f":{"0":1,"1":0,"2":0,"3":0,"4":0,"5":0,"6":0},"b":{"0":[1],"1":[1],"2":[0,1],"3":[0,0,0],"4":[0,0],"5":[0,0],"6":[0,0,0],"7":[0,0,0],"8":[0,0,0,0],"9":[1,0],"10":[0,0],"11":[0,1],"12":[0,1],"13":[1,1],"14":[0,1]},"meta":{"lastBranch":15,"lastFunction":7,"lastStatement":15,"seen":{"s:22:13:124:Infinity":0,"f:22:13:22:72":0,"b:26:32:26:Infinity":0,"b:27:24:27:Infinity":1,"s:29:10:29:Infinity":1,"s:30:21:30:Infinity":2,"s:31:21:31:Infinity":3,"s:33:28:33:Infinity":4,"s:34:28:34:Infinity":5,"b:36:4:100:Infinity:undefined:undefined:undefined:undefined":2,"s:36:4:100:Infinity":6,"s:37:8:98:Infinity":7,"b:40:18:40:28:40:28:40:Infinity:41:20:59:Infinity":3,"b:43:28:49:29:49:28:51:Infinity":4,"f:44:32:44:47":1,"s:44:47:44:Infinity":8,"b:51:25:51:Infinity:52:28:59:Infinity":5,"f:53:32:53:47":2,"s:53:47:53:Infinity":9,"b:66:21:66:51:66:51:66:Infinity:67:24:71:Infinity":6,"b:74:17:74:27:74:27:74:Infinity:75:20:83:Infinity":7,"f:76:87:76:102":3,"s:76:102:76:130":10,"f:79:40:79:55":4,"s:79:55:79:82":11,"b:87:17:87:30:87:30:87:59:87:59:87:Infinity:88:20:96:Infinity":8,"f:89:87:89:102":5,"s:89:102:89:130":12,"f:92:40:92:55":6,"s:92:55:92:82":13,"s:103:4:122:Infinity":14,"b:105:13:105:Infinity:106:16:108:Infinity":9,"b:106:69:106:78:106:78:106:Infinity":10,"b:111:96:111:134:111:134:111:Infinity":11,"b:112:52:112:81:112:81:112:Infinity":12,"b:117:13:117:Infinity:118:16:120:Infinity":13,"b:118:69:118:78:118:78:118:Infinity":14},"fnNames":{}}}
,"C:\\Users\\Igor\\Desktop\\Sarak\\X - Trabalho\\Code\\Biblioteca\\Sarak-Lib-UI-Core\\src\\components\\atomic\\Cards\\SarakActionCard.tsx": {"path":"C:\\Users\\Igor\\Desktop\\Sarak\\X - Trabalho\\Code\\Biblioteca\\Sarak-Lib-UI-Core\\src\\components\\atomic\\Cards\\SarakActionCard.tsx","statementMap":{"0":{"start":{"line":16,"column":13},"end":{"line":231,"column":null}},"1":{"start":{"line":17,"column":10},"end":{"line":17,"column":null}},"2":{"start":{"line":18,"column":19},"end":{"line":18,"column":null}},"3":{"start":{"line":19,"column":23},"end":{"line":19,"column":null}},"4":{"start":{"line":21,"column":10},"end":{"line":26,"column":null}},"5":{"start":{"line":22,"column":8},"end":{"line":22,"column":null}},"6":{"start":{"line":22,"column":19},"end":{"line":22,"column":null}},"7":{"start":{"line":23,"column":8},"end":{"line":25,"column":null}},"8":{"start":{"line":24,"column":12},"end":{"line":24,"column":null}},"9":{"start":{"line":24,"column":57},"end":{"line":24,"column":75}},"10":{"start":{"line":25,"column":22},"end":{"line":25,"column":40}},"11":{"start":{"line":28,"column":20},"end":{"line":28,"column":null}},"12":{"start":{"line":29,"column":21},"end":{"line":29,"column":null}},"13":{"start":{"line":30,"column":20},"end":{"line":30,"column":null}},"14":{"start":{"line":31,"column":24},"end":{"line":31,"column":null}},"15":{"start":{"line":32,"column":22},"end":{"line":32,"column":null}},"16":{"start":{"line":33,"column":21},"end":{"line":33,"column":null}},"17":{"start":{"line":34,"column":18},"end":{"line":34,"column":null}},"18":{"start":{"line":37,"column":25},"end":{"line":37,"column":null}},"19":{"start":{"line":38,"column":26},"end":{"line":38,"column":null}},"20":{"start":{"line":39,"column":20},"end":{"line":39,"column":null}},"21":{"start":{"line":40,"column":23},"end":{"line":40,"column":null}},"22":{"start":{"line":42,"column":10},"end":{"line":90,"column":null}},"23":{"start":{"line":43,"column":23},"end":{"line":43,"column":null}},"24":{"start":{"line":44,"column":24},"end":{"line":44,"column":null}},"25":{"start":{"line":45,"column":24},"end":{"line":45,"column":null}},"26":{"start":{"line":46,"column":30},"end":{"line":46,"column":null}},"27":{"start":{"line":47,"column":35},"end":{"line":47,"column":null}},"28":{"start":{"line":49,"column":48},"end":{"line":54,"column":null}},"29":{"start":{"line":56,"column":8},"end":{"line":89,"column":null}},"30":{"start":{"line":58,"column":16},"end":{"line":64,"column":null}},"31":{"start":{"line":66,"column":16},"end":{"line":72,"column":null}},"32":{"start":{"line":74,"column":16},"end":{"line":80,"column":null}},"33":{"start":{"line":83,"column":16},"end":{"line":88,"column":null}},"34":{"start":{"line":92,"column":4},"end":{"line":229,"column":null}},"35":{"start":{"line":152,"column":39},"end":{"line":152,"column":null}},"36":{"start":{"line":166,"column":39},"end":{"line":166,"column":null}}},"fnMap":{"0":{"name":"(anonymous_0)","decl":{"start":{"line":16,"column":13},"end":{"line":16,"column":64}},"loc":{"start":{"line":16,"column":140},"end":{"line":231,"column":null}},"line":16},"1":{"name":"(anonymous_1)","decl":{"start":{"line":21,"column":10},"end":{"line":21,"column":20}},"loc":{"start":{"line":21,"column":59},"end":{"line":26,"column":null}},"line":21},"2":{"name":"(anonymous_2)","decl":{"start":{"line":24,"column":35},"end":{"line":24,"column":43}},"loc":{"start":{"line":24,"column":57},"end":{"line":24,"column":75}},"line":24},"3":{"name":"(anonymous_3)","decl":{"start":{"line":42,"column":10},"end":{"line":42,"column":55}},"loc":{"start":{"line":42,"column":55},"end":{"line":90,"column":null}},"line":42},"4":{"name":"(anonymous_4)","decl":{"start":{"line":152,"column":24},"end":{"line":152,"column":39}},"loc":{"start":{"line":152,"column":39},"end":{"line":152,"column":null}},"line":152},"5":{"name":"(anonymous_5)","decl":{"start":{"line":166,"column":24},"end":{"line":166,"column":39}},"loc":{"start":{"line":166,"column":39},"end":{"line":166,"column":null}},"line":166}},"branchMap":{"0":{"loc":{"start":{"line":16,"column":81},"end":{"line":16,"column":97}},"type":"default-arg","locations":[{"start":{"line":16,"column":93},"end":{"line":16,"column":97}}],"line":16},"1":{"loc":{"start":{"line":18,"column":19},"end":{"line":18,"column":null}},"type":"binary-expr","locations":[{"start":{"line":18,"column":19},"end":{"line":18,"column":34}},{"start":{"line":18,"column":34},"end":{"line":18,"column":null}}],"line":18},"2":{"loc":{"start":{"line":22,"column":8},"end":{"line":22,"column":null}},"type":"if","locations":[{"start":{"line":22,"column":8},"end":{"line":22,"column":null}},{"start":{},"end":{}}],"line":22},"3":{"loc":{"start":{"line":24,"column":57},"end":{"line":24,"column":75}},"type":"binary-expr","locations":[{"start":{"line":24,"column":57},"end":{"line":24,"column":64}},{"start":{"line":24,"column":64},"end":{"line":24,"column":75}}],"line":24},"4":{"loc":{"start":{"line":28,"column":33},"end":{"line":28,"column":68}},"type":"binary-expr","locations":[{"start":{"line":28,"column":33},"end":{"line":28,"column":54}},{"start":{"line":28,"column":54},"end":{"line":28,"column":68}}],"line":28},"5":{"loc":{"start":{"line":33,"column":21},"end":{"line":33,"column":null}},"type":"binary-expr","locations":[{"start":{"line":33,"column":21},"end":{"line":33,"column":56}},{"start":{"line":33,"column":56},"end":{"line":33,"column":null}}],"line":33},"6":{"loc":{"start":{"line":37,"column":25},"end":{"line":37,"column":null}},"type":"binary-expr","locations":[{"start":{"line":37,"column":25},"end":{"line":37,"column":48}},{"start":{"line":37,"column":48},"end":{"line":37,"column":null}}],"line":37},"7":{"loc":{"start":{"line":38,"column":26},"end":{"line":38,"column":null}},"type":"cond-expr","locations":[{"start":{"line":38,"column":67},"end":{"line":38,"column":100}},{"start":{"line":38,"column":100},"end":{"line":38,"column":null}}],"line":38},"8":{"loc":{"start":{"line":39,"column":20},"end":{"line":39,"column":null}},"type":"cond-expr","locations":[{"start":{"line":39,"column":59},"end":{"line":39,"column":91}},{"start":{"line":39,"column":91},"end":{"line":39,"column":null}}],"line":39},"9":{"loc":{"start":{"line":40,"column":23},"end":{"line":40,"column":null}},"type":"cond-expr","locations":[{"start":{"line":40,"column":67},"end":{"line":40,"column":105}},{"start":{"line":40,"column":105},"end":{"line":40,"column":null}}],"line":40},"10":{"loc":{"start":{"line":56,"column":8},"end":{"line":89,"column":null}},"type":"switch","locations":[{"start":{"line":57,"column":12},"end":{"line":64,"column":null}},{"start":{"line":65,"column":12},"end":{"line":72,"column":null}},{"start":{"line":73,"column":12},"end":{"line":80,"column":null}},{"start":{"line":81,"column":12},"end":{"line":81,"column":null}},{"start":{"line":82,"column":12},"end":{"line":88,"column":null}}],"line":56},"11":{"loc":{"start":{"line":99,"column":25},"end":{"line":99,"column":null}},"type":"cond-expr","locations":[{"start":{"line":99,"column":46},"end":{"line":99,"column":74}},{"start":{"line":99,"column":74},"end":{"line":99,"column":null}}],"line":99},"12":{"loc":{"start":{"line":101,"column":39},"end":{"line":101,"column":null}},"type":"binary-expr","locations":[{"start":{"line":101,"column":39},"end":{"line":101,"column":65}},{"start":{"line":101,"column":65},"end":{"line":101,"column":87}},{"start":{"line":101,"column":87},"end":{"line":101,"column":null}}],"line":101},"13":{"loc":{"start":{"line":102,"column":28},"end":{"line":102,"column":null}},"type":"cond-expr","locations":[{"start":{"line":102,"column":55},"end":{"line":102,"column":61}},{"start":{"line":102,"column":61},"end":{"line":102,"column":null}}],"line":102},"14":{"loc":{"start":{"line":103,"column":30},"end":{"line":103,"column":null}},"type":"cond-expr","locations":[{"start":{"line":103,"column":57},"end":{"line":103,"column":63}},{"start":{"line":103,"column":63},"end":{"line":103,"column":null}}],"line":103},"15":{"loc":{"start":{"line":104,"column":29},"end":{"line":104,"column":null}},"type":"cond-expr","locations":[{"start":{"line":104,"column":85},"end":{"line":104,"column":91}},{"start":{"line":104,"column":91},"end":{"line":104,"column":null}}],"line":104},"16":{"loc":{"start":{"line":104,"column":29},"end":{"line":104,"column":85}},"type":"binary-expr","locations":[{"start":{"line":104,"column":29},"end":{"line":104,"column":60}},{"start":{"line":104,"column":60},"end":{"line":104,"column":85}}],"line":104},"17":{"loc":{"start":{"line":111,"column":13},"end":{"line":115,"column":null}},"type":"binary-expr","locations":[{"start":{"line":111,"column":13},"end":{"line":111,"column":null}},{"start":{"line":112,"column":16},"end":{"line":115,"column":null}}],"line":111},"18":{"loc":{"start":{"line":114,"column":21},"end":{"line":114,"column":null}},"type":"binary-expr","locations":[{"start":{"line":114,"column":21},"end":{"line":114,"column":30}},{"start":{"line":114,"column":30},"end":{"line":114,"column":null}}],"line":114},"19":{"loc":{"start":{"line":130,"column":25},"end":{"line":135,"column":null}},"type":"cond-expr","locations":[{"start":{"line":131,"column":28},"end":{"line":134,"column":null}},{"start":{"line":135,"column":28},"end":{"line":135,"column":null}}],"line":130},"20":{"loc":{"start":{"line":130,"column":25},"end":{"line":130,"column":null}},"type":"binary-expr","locations":[{"start":{"line":130,"column":25},"end":{"line":130,"column":42}},{"start":{"line":130,"column":42},"end":{"line":130,"column":null}}],"line":130},"21":{"loc":{"start":{"line":140,"column":17},"end":{"line":143,"column":null}},"type":"binary-expr","locations":[{"start":{"line":140,"column":17},"end":{"line":140,"column":null}},{"start":{"line":141,"column":20},"end":{"line":143,"column":null}}],"line":140},"22":{"loc":{"start":{"line":150,"column":45},"end":{"line":150,"column":74}},"type":"binary-expr","locations":[{"start":{"line":150,"column":45},"end":{"line":150,"column":69}},{"start":{"line":150,"column":69},"end":{"line":150,"column":74}}],"line":150},"23":{"loc":{"start":{"line":152,"column":39},"end":{"line":152,"column":null}},"type":"binary-expr","locations":[{"start":{"line":152,"column":39},"end":{"line":152,"column":51}},{"start":{"line":152,"column":51},"end":{"line":152,"column":null}}],"line":152},"24":{"loc":{"start":{"line":170,"column":42},"end":{"line":170,"column":null}},"type":"cond-expr","locations":[{"start":{"line":170,"column":81},"end":{"line":170,"column":113}},{"start":{"line":170,"column":113},"end":{"line":170,"column":null}}],"line":170},"25":{"loc":{"start":{"line":173,"column":97},"end":{"line":173,"column":162}},"type":"cond-expr","locations":[{"start":{"line":173,"column":110},"end":{"line":173,"column":155}},{"start":{"line":173,"column":155},"end":{"line":173,"column":162}}],"line":173},"26":{"loc":{"start":{"line":179,"column":21},"end":{"line":211,"column":null}},"type":"binary-expr","locations":[{"start":{"line":179,"column":21},"end":{"line":179,"column":null}},{"start":{"line":180,"column":24},"end":{"line":211,"column":null}}],"line":179},"27":{"loc":{"start":{"line":191,"column":45},"end":{"line":191,"column":null}},"type":"cond-expr","locations":[{"start":{"line":191,"column":69},"end":{"line":191,"column":104}},{"start":{"line":191,"column":104},"end":{"line":191,"column":null}}],"line":191},"28":{"loc":{"start":{"line":197,"column":45},"end":{"line":197,"column":null}},"type":"cond-expr","locations":[{"start":{"line":197,"column":70},"end":{"line":197,"column":106}},{"start":{"line":197,"column":106},"end":{"line":197,"column":null}}],"line":197},"29":{"loc":{"start":{"line":203,"column":45},"end":{"line":203,"column":null}},"type":"cond-expr","locations":[{"start":{"line":203,"column":55},"end":{"line":203,"column":95}},{"start":{"line":203,"column":95},"end":{"line":203,"column":null}}],"line":203},"30":{"loc":{"start":{"line":204,"column":45},"end":{"line":204,"column":null}},"type":"cond-expr","locations":[{"start":{"line":204,"column":57},"end":{"line":204,"column":77}},{"start":{"line":204,"column":77},"end":{"line":204,"column":null}}],"line":204},"31":{"loc":{"start":{"line":215,"column":13},"end":{"line":227,"column":null}},"type":"binary-expr","locations":[{"start":{"line":215,"column":13},"end":{"line":215,"column":null}},{"start":{"line":216,"column":16},"end":{"line":227,"column":null}}],"line":215}},"s":{"0":3,"1":1,"2":1,"3":1,"4":1,"5":7,"6":4,"7":3,"8":3,"9":3,"10":0,"11":1,"12":1,"13":1,"14":1,"15":1,"16":1,"17":1,"18":1,"19":1,"20":1,"21":1,"22":1,"23":1,"24":1,"25":1,"26":1,"27":1,"28":1,"29":1,"30":0,"31":0,"32":0,"33":1,"34":1,"35":0,"36":0},"f":{"0":1,"1":7,"2":3,"3":1,"4":0,"5":0},"b":{"0":[1],"1":[1,0],"2":[4,3],"3":[3,3],"4":[1,1],"5":[1,0],"6":[1,1],"7":[0,1],"8":[0,1],"9":[0,1],"10":[0,0,0,1,1],"11":[0,1],"12":[1,1,1],"13":[0,1],"14":[0,1],"15":[0,1],"16":[1,1],"17":[1,0],"18":[0,0],"19":[1,0],"20":[1,1],"21":[1,1],"22":[1,1],"23":[0,0],"24":[0,1],"25":[0,1],"26":[1,0],"27":[0,0],"28":[0,0],"29":[0,0],"30":[0,0],"31":[1,0]},"meta":{"lastBranch":32,"lastFunction":6,"lastStatement":37,"seen":{"s:16:13:231:Infinity":0,"f:16:13:16:64":0,"b:16:93:16:97":0,"s:17:10:17:Infinity":1,"s:18:19:18:Infinity":2,"b:18:19:18:34:18:34:18:Infinity":1,"s:19:23:19:Infinity":3,"s:21:10:26:Infinity":4,"f:21:10:21:20":1,"b:22:8:22:Infinity:undefined:undefined:undefined:undefined":2,"s:22:8:22:Infinity":5,"s:22:19:22:Infinity":6,"s:23:8:25:Infinity":7,"s:24:12:24:Infinity":8,"f:24:35:24:43":2,"s:24:57:24:75":9,"b:24:57:24:64:24:64:24:75":3,"s:25:22:25:40":10,"s:28:20:28:Infinity":11,"b:28:33:28:54:28:54:28:68":4,"s:29:21:29:Infinity":12,"s:30:20:30:Infinity":13,"s:31:24:31:Infinity":14,"s:32:22:32:Infinity":15,"s:33:21:33:Infinity":16,"b:33:21:33:56:33:56:33:Infinity":5,"s:34:18:34:Infinity":17,"s:37:25:37:Infinity":18,"b:37:25:37:48:37:48:37:Infinity":6,"s:38:26:38:Infinity":19,"b:38:67:38:100:38:100:38:Infinity":7,"s:39:20:39:Infinity":20,"b:39:59:39:91:39:91:39:Infinity":8,"s:40:23:40:Infinity":21,"b:40:67:40:105:40:105:40:Infinity":9,"s:42:10:90:Infinity":22,"f:42:10:42:55":3,"s:43:23:43:Infinity":23,"s:44:24:44:Infinity":24,"s:45:24:45:Infinity":25,"s:46:30:46:Infinity":26,"s:47:35:47:Infinity":27,"s:49:48:54:Infinity":28,"b:57:12:64:Infinity:65:12:72:Infinity:73:12:80:Infinity:81:12:81:Infinity:82:12:88:Infinity":10,"s:56:8:89:Infinity":29,"s:58:16:64:Infinity":30,"s:66:16:72:Infinity":31,"s:74:16:80:Infinity":32,"s:83:16:88:Infinity":33,"s:92:4:229:Infinity":34,"b:99:46:99:74:99:74:99:Infinity":11,"b:101:39:101:65:101:65:101:87:101:87:101:Infinity":12,"b:102:55:102:61:102:61:102:Infinity":13,"b:103:57:103:63:103:63:103:Infinity":14,"b:104:85:104:91:104:91:104:Infinity":15,"b:104:29:104:60:104:60:104:85":16,"b:111:13:111:Infinity:112:16:115:Infinity":17,"b:114:21:114:30:114:30:114:Infinity":18,"b:131:28:134:Infinity:135:28:135:Infinity":19,"b:130:25:130:42:130:42:130:Infinity":20,"b:140:17:140:Infinity:141:20:143:Infinity":21,"b:150:45:150:69:150:69:150:74":22,"f:152:24:152:39":4,"s:152:39:152:Infinity":35,"b:152:39:152:51:152:51:152:Infinity":23,"f:166:24:166:39":5,"s:166:39:166:Infinity":36,"b:170:81:170:113:170:113:170:Infinity":24,"b:173:110:173:155:173:155:173:162":25,"b:179:21:179:Infinity:180:24:211:Infinity":26,"b:191:69:191:104:191:104:191:Infinity":27,"b:197:70:197:106:197:106:197:Infinity":28,"b:203:55:203:95:203:95:203:Infinity":29,"b:204:57:204:77:204:77:204:Infinity":30,"b:215:13:215:Infinity:216:16:227:Infinity":31},"fnNames":{}}}
,"C:\\Users\\Igor\\Desktop\\Sarak\\X - Trabalho\\Code\\Biblioteca\\Sarak-Lib-UI-Core\\src\\components\\atomic\\Cards\\SarakSearchCard.tsx": {"path":"C:\\Users\\Igor\\Desktop\\Sarak\\X - Trabalho\\Code\\Biblioteca\\Sarak-Lib-UI-Core\\src\\components\\atomic\\Cards\\SarakSearchCard.tsx","statementMap":{"0":{"start":{"line":17,"column":13},"end":{"line":256,"column":null}},"1":{"start":{"line":26,"column":10},"end":{"line":26,"column":null}},"2":{"start":{"line":27,"column":19},"end":{"line":27,"column":null}},"3":{"start":{"line":28,"column":23},"end":{"line":28,"column":null}},"4":{"start":{"line":29,"column":20},"end":{"line":29,"column":null}},"5":{"start":{"line":32,"column":17},"end":{"line":36,"column":null}},"6":{"start":{"line":38,"column":10},"end":{"line":42,"column":null}},"7":{"start":{"line":39,"column":20},"end":{"line":39,"column":null}},"8":{"start":{"line":40,"column":8},"end":{"line":40,"column":null}},"9":{"start":{"line":41,"column":8},"end":{"line":41,"column":null}},"10":{"start":{"line":41,"column":28},"end":{"line":41,"column":null}},"11":{"start":{"line":44,"column":10},"end":{"line":51,"column":null}},"12":{"start":{"line":45,"column":26},"end":{"line":45,"column":null}},"13":{"start":{"line":46,"column":8},"end":{"line":50,"column":null}},"14":{"start":{"line":47,"column":28},"end":{"line":47,"column":null}},"15":{"start":{"line":48,"column":12},"end":{"line":48,"column":null}},"16":{"start":{"line":48,"column":36},"end":{"line":48,"column":null}},"17":{"start":{"line":49,"column":12},"end":{"line":49,"column":null}},"18":{"start":{"line":54,"column":24},"end":{"line":54,"column":null}},"19":{"start":{"line":55,"column":23},"end":{"line":55,"column":null}},"20":{"start":{"line":56,"column":23},"end":{"line":56,"column":null}},"21":{"start":{"line":57,"column":29},"end":{"line":57,"column":null}},"22":{"start":{"line":60,"column":10},"end":{"line":139,"column":null}},"23":{"start":{"line":61,"column":25},"end":{"line":61,"column":null}},"24":{"start":{"line":62,"column":24},"end":{"line":62,"column":null}},"25":{"start":{"line":64,"column":8},"end":{"line":138,"column":null}},"26":{"start":{"line":66,"column":16},"end":{"line":82,"column":null}},"27":{"start":{"line":85,"column":16},"end":{"line":101,"column":null}},"28":{"start":{"line":104,"column":16},"end":{"line":118,"column":null}},"29":{"start":{"line":122,"column":16},"end":{"line":136,"column":null}},"30":{"start":{"line":141,"column":4},"end":{"line":254,"column":null}},"31":{"start":{"line":206,"column":39},"end":{"line":206,"column":null}},"32":{"start":{"line":207,"column":38},"end":{"line":207,"column":null}},"33":{"start":{"line":219,"column":39},"end":{"line":219,"column":null}},"34":{"start":{"line":231,"column":39},"end":{"line":231,"column":null}},"35":{"start":{"line":243,"column":39},"end":{"line":243,"column":null}}},"fnMap":{"0":{"name":"(anonymous_0)","decl":{"start":{"line":17,"column":13},"end":{"line":17,"column":64}},"loc":{"start":{"line":25,"column":6},"end":{"line":256,"column":null}},"line":25},"1":{"name":"(anonymous_1)","decl":{"start":{"line":38,"column":10},"end":{"line":38,"column":26}},"loc":{"start":{"line":38,"column":69},"end":{"line":42,"column":null}},"line":38},"2":{"name":"(anonymous_2)","decl":{"start":{"line":44,"column":10},"end":{"line":44,"column":26}},"loc":{"start":{"line":44,"column":45},"end":{"line":51,"column":null}},"line":44},"3":{"name":"(anonymous_3)","decl":{"start":{"line":46,"column":8},"end":{"line":46,"column":16}},"loc":{"start":{"line":46,"column":24},"end":{"line":50,"column":9}},"line":46},"4":{"name":"(anonymous_4)","decl":{"start":{"line":60,"column":10},"end":{"line":60,"column":26}},"loc":{"start":{"line":60,"column":46},"end":{"line":139,"column":null}},"line":60},"5":{"name":"(anonymous_5)","decl":{"start":{"line":206,"column":24},"end":{"line":206,"column":39}},"loc":{"start":{"line":206,"column":39},"end":{"line":206,"column":null}},"line":206},"6":{"name":"(anonymous_6)","decl":{"start":{"line":207,"column":24},"end":{"line":207,"column":38}},"loc":{"start":{"line":207,"column":38},"end":{"line":207,"column":null}},"line":207},"7":{"name":"(anonymous_7)","decl":{"start":{"line":219,"column":24},"end":{"line":219,"column":39}},"loc":{"start":{"line":219,"column":39},"end":{"line":219,"column":null}},"line":219},"8":{"name":"(anonymous_8)","decl":{"start":{"line":231,"column":24},"end":{"line":231,"column":39}},"loc":{"start":{"line":231,"column":39},"end":{"line":231,"column":null}},"line":231},"9":{"name":"(anonymous_9)","decl":{"start":{"line":243,"column":24},"end":{"line":243,"column":39}},"loc":{"start":{"line":243,"column":39},"end":{"line":243,"column":null}},"line":243}},"branchMap":{"0":{"loc":{"start":{"line":20,"column":4},"end":{"line":20,"column":null}},"type":"default-arg","locations":[{"start":{"line":20,"column":16},"end":{"line":20,"column":null}}],"line":20},"1":{"loc":{"start":{"line":27,"column":19},"end":{"line":27,"column":null}},"type":"binary-expr","locations":[{"start":{"line":27,"column":19},"end":{"line":27,"column":33}},{"start":{"line":27,"column":33},"end":{"line":27,"column":51}},{"start":{"line":27,"column":51},"end":{"line":27,"column":null}}],"line":27},"2":{"loc":{"start":{"line":41,"column":8},"end":{"line":41,"column":null}},"type":"if","locations":[{"start":{"line":41,"column":8},"end":{"line":41,"column":null}},{"start":{},"end":{}}],"line":41},"3":{"loc":{"start":{"line":48,"column":12},"end":{"line":48,"column":null}},"type":"if","locations":[{"start":{"line":48,"column":12},"end":{"line":48,"column":null}},{"start":{},"end":{}}],"line":48},"4":{"loc":{"start":{"line":54,"column":24},"end":{"line":54,"column":null}},"type":"binary-expr","locations":[{"start":{"line":54,"column":24},"end":{"line":54,"column":50}},{"start":{"line":54,"column":50},"end":{"line":54,"column":null}}],"line":54},"5":{"loc":{"start":{"line":55,"column":23},"end":{"line":55,"column":null}},"type":"cond-expr","locations":[{"start":{"line":55,"column":65},"end":{"line":55,"column":100}},{"start":{"line":55,"column":100},"end":{"line":55,"column":null}}],"line":55},"6":{"loc":{"start":{"line":56,"column":23},"end":{"line":56,"column":null}},"type":"binary-expr","locations":[{"start":{"line":56,"column":23},"end":{"line":56,"column":50}},{"start":{"line":56,"column":50},"end":{"line":56,"column":null}}],"line":56},"7":{"loc":{"start":{"line":64,"column":8},"end":{"line":138,"column":null}},"type":"switch","locations":[{"start":{"line":65,"column":12},"end":{"line":82,"column":null}},{"start":{"line":84,"column":12},"end":{"line":101,"column":null}},{"start":{"line":103,"column":12},"end":{"line":118,"column":null}},{"start":{"line":120,"column":12},"end":{"line":120,"column":null}},{"start":{"line":121,"column":12},"end":{"line":136,"column":null}}],"line":64},"8":{"loc":{"start":{"line":68,"column":102},"end":{"line":68,"column":null}},"type":"cond-expr","locations":[{"start":{"line":68,"column":111},"end":{"line":68,"column":120}},{"start":{"line":68,"column":120},"end":{"line":68,"column":null}}],"line":68},"9":{"loc":{"start":{"line":70,"column":40},"end":{"line":70,"column":null}},"type":"cond-expr","locations":[{"start":{"line":70,"column":49},"end":{"line":70,"column":60}},{"start":{"line":70,"column":60},"end":{"line":70,"column":null}}],"line":70},"10":{"loc":{"start":{"line":79,"column":46},"end":{"line":79,"column":null}},"type":"cond-expr","locations":[{"start":{"line":79,"column":55},"end":{"line":79,"column":75}},{"start":{"line":79,"column":75},"end":{"line":79,"column":null}}],"line":79},"11":{"loc":{"start":{"line":90,"column":44},"end":{"line":90,"column":null}},"type":"cond-expr","locations":[{"start":{"line":90,"column":53},"end":{"line":90,"column":64}},{"start":{"line":90,"column":64},"end":{"line":90,"column":null}}],"line":90},"12":{"loc":{"start":{"line":94,"column":29},"end":{"line":98,"column":null}},"type":"binary-expr","locations":[{"start":{"line":94,"column":29},"end":{"line":94,"column":null}},{"start":{"line":95,"column":32},"end":{"line":98,"column":null}}],"line":94},"13":{"loc":{"start":{"line":106,"column":107},"end":{"line":106,"column":null}},"type":"cond-expr","locations":[{"start":{"line":106,"column":116},"end":{"line":106,"column":132}},{"start":{"line":106,"column":132},"end":{"line":106,"column":null}}],"line":106},"14":{"loc":{"start":{"line":111,"column":49},"end":{"line":111,"column":null}},"type":"cond-expr","locations":[{"start":{"line":111,"column":58},"end":{"line":111,"column":69}},{"start":{"line":111,"column":69},"end":{"line":111,"column":null}}],"line":111},"15":{"loc":{"start":{"line":116,"column":49},"end":{"line":116,"column":96}},"type":"cond-expr","locations":[{"start":{"line":116,"column":58},"end":{"line":116,"column":69}},{"start":{"line":116,"column":69},"end":{"line":116,"column":96}}],"line":116},"16":{"loc":{"start":{"line":124,"column":107},"end":{"line":124,"column":160}},"type":"cond-expr","locations":[{"start":{"line":124,"column":116},"end":{"line":124,"column":146}},{"start":{"line":124,"column":146},"end":{"line":124,"column":160}}],"line":124},"17":{"loc":{"start":{"line":126,"column":40},"end":{"line":126,"column":null}},"type":"cond-expr","locations":[{"start":{"line":126,"column":49},"end":{"line":126,"column":60}},{"start":{"line":126,"column":60},"end":{"line":126,"column":null}}],"line":126},"18":{"loc":{"start":{"line":134,"column":42},"end":{"line":134,"column":58}},"type":"cond-expr","locations":[{"start":{"line":134,"column":51},"end":{"line":134,"column":56}},{"start":{"line":134,"column":56},"end":{"line":134,"column":58}}],"line":134},"19":{"loc":{"start":{"line":148,"column":25},"end":{"line":148,"column":null}},"type":"cond-expr","locations":[{"start":{"line":148,"column":46},"end":{"line":148,"column":74}},{"start":{"line":148,"column":74},"end":{"line":148,"column":null}}],"line":148},"20":{"loc":{"start":{"line":150,"column":39},"end":{"line":150,"column":null}},"type":"binary-expr","locations":[{"start":{"line":150,"column":39},"end":{"line":150,"column":65}},{"start":{"line":150,"column":65},"end":{"line":150,"column":87}},{"start":{"line":150,"column":87},"end":{"line":150,"column":null}}],"line":150},"21":{"loc":{"start":{"line":151,"column":28},"end":{"line":151,"column":null}},"type":"cond-expr","locations":[{"start":{"line":151,"column":55},"end":{"line":151,"column":61}},{"start":{"line":151,"column":61},"end":{"line":151,"column":null}}],"line":151},"22":{"loc":{"start":{"line":152,"column":30},"end":{"line":152,"column":null}},"type":"cond-expr","locations":[{"start":{"line":152,"column":57},"end":{"line":152,"column":63}},{"start":{"line":152,"column":63},"end":{"line":152,"column":null}}],"line":152},"23":{"loc":{"start":{"line":153,"column":29},"end":{"line":153,"column":null}},"type":"cond-expr","locations":[{"start":{"line":153,"column":85},"end":{"line":153,"column":91}},{"start":{"line":153,"column":91},"end":{"line":153,"column":null}}],"line":153},"24":{"loc":{"start":{"line":153,"column":29},"end":{"line":153,"column":85}},"type":"binary-expr","locations":[{"start":{"line":153,"column":29},"end":{"line":153,"column":60}},{"start":{"line":153,"column":60},"end":{"line":153,"column":85}}],"line":153},"25":{"loc":{"start":{"line":159,"column":14},"end":{"line":160,"column":null}},"type":"binary-expr","locations":[{"start":{"line":159,"column":14},"end":{"line":159,"column":35}},{"start":{"line":159,"column":35},"end":{"line":159,"column":46}},{"start":{"line":159,"column":46},"end":{"line":159,"column":null}},{"start":{"line":160,"column":16},"end":{"line":160,"column":null}}],"line":159},"26":{"loc":{"start":{"line":160,"column":70},"end":{"line":160,"column":88}},"type":"cond-expr","locations":[{"start":{"line":160,"column":80},"end":{"line":160,"column":84}},{"start":{"line":160,"column":84},"end":{"line":160,"column":88}}],"line":160},"27":{"loc":{"start":{"line":164,"column":13},"end":{"line":168,"column":null}},"type":"binary-expr","locations":[{"start":{"line":164,"column":13},"end":{"line":164,"column":null}},{"start":{"line":165,"column":16},"end":{"line":168,"column":null}}],"line":164},"28":{"loc":{"start":{"line":167,"column":21},"end":{"line":167,"column":null}},"type":"binary-expr","locations":[{"start":{"line":167,"column":21},"end":{"line":167,"column":30}},{"start":{"line":167,"column":30},"end":{"line":167,"column":null}}],"line":167},"29":{"loc":{"start":{"line":173,"column":38},"end":{"line":173,"column":60}},"type":"binary-expr","locations":[{"start":{"line":173,"column":38},"end":{"line":173,"column":50}},{"start":{"line":173,"column":50},"end":{"line":173,"column":60}}],"line":173},"30":{"loc":{"start":{"line":193,"column":38},"end":{"line":193,"column":null}},"type":"cond-expr","locations":[{"start":{"line":193,"column":79},"end":{"line":193,"column":113}},{"start":{"line":193,"column":113},"end":{"line":193,"column":null}}],"line":193},"31":{"loc":{"start":{"line":194,"column":32},"end":{"line":194,"column":null}},"type":"cond-expr","locations":[{"start":{"line":194,"column":42},"end":{"line":194,"column":88}},{"start":{"line":194,"column":88},"end":{"line":194,"column":null}}],"line":194},"32":{"loc":{"start":{"line":195,"column":36},"end":{"line":197,"column":null}},"type":"cond-expr","locations":[{"start":{"line":196,"column":30},"end":{"line":196,"column":null}},{"start":{"line":197,"column":30},"end":{"line":197,"column":null}}],"line":195},"33":{"loc":{"start":{"line":198,"column":35},"end":{"line":198,"column":null}},"type":"cond-expr","locations":[{"start":{"line":198,"column":45},"end":{"line":198,"column":82}},{"start":{"line":198,"column":82},"end":{"line":198,"column":null}}],"line":198},"34":{"loc":{"start":{"line":209,"column":169},"end":{"line":209,"column":null}},"type":"binary-expr","locations":[{"start":{"line":209,"column":169},"end":{"line":209,"column":181}},{"start":{"line":209,"column":181},"end":{"line":209,"column":null}}],"line":209}},"s":{"0":3,"1":1,"2":1,"3":1,"4":1,"5":1,"6":1,"7":0,"8":0,"9":0,"10":0,"11":1,"12":0,"13":0,"14":0,"15":0,"16":0,"17":0,"18":1,"19":1,"20":1,"21":1,"22":1,"23":3,"24":3,"25":3,"26":0,"27":0,"28":0,"29":3,"30":1,"31":0,"32":0,"33":0,"34":0,"35":0},"f":{"0":1,"1":0,"2":0,"3":0,"4":3,"5":0,"6":0,"7":0,"8":0,"9":0},"b":{"0":[1],"1":[1,0,0],"2":[0,0],"3":[0,0],"4":[1,1],"5":[0,1],"6":[1,1],"7":[0,0,0,3,3],"8":[0,0],"9":[0,0],"10":[0,0],"11":[0,0],"12":[0,0],"13":[0,0],"14":[0,0],"15":[0,0],"16":[2,1],"17":[2,1],"18":[2,1],"19":[0,1],"20":[1,1,1],"21":[0,1],"22":[0,1],"23":[0,1],"24":[1,1],"25":[1,1,1,1],"26":[0,1],"27":[1,0],"28":[0,0],"29":[1,1],"30":[0,1],"31":[0,1],"32":[0,1],"33":[0,1],"34":[1,1]},"meta":{"lastBranch":35,"lastFunction":10,"lastStatement":36,"seen":{"s:17:13:256:Infinity":0,"f:17:13:17:64":0,"b:20:16:20:Infinity":0,"s:26:10:26:Infinity":1,"s:27:19:27:Infinity":2,"b:27:19:27:33:27:33:27:51:27:51:27:Infinity":1,"s:28:23:28:Infinity":3,"s:29:20:29:Infinity":4,"s:32:17:36:Infinity":5,"s:38:10:42:Infinity":6,"f:38:10:38:26":1,"s:39:20:39:Infinity":7,"s:40:8:40:Infinity":8,"b:41:8:41:Infinity:undefined:undefined:undefined:undefined":2,"s:41:8:41:Infinity":9,"s:41:28:41:Infinity":10,"s:44:10:51:Infinity":11,"f:44:10:44:26":2,"s:45:26:45:Infinity":12,"s:46:8:50:Infinity":13,"f:46:8:46:16":3,"s:47:28:47:Infinity":14,"b:48:12:48:Infinity:undefined:undefined:undefined:undefined":3,"s:48:12:48:Infinity":15,"s:48:36:48:Infinity":16,"s:49:12:49:Infinity":17,"s:54:24:54:Infinity":18,"b:54:24:54:50:54:50:54:Infinity":4,"s:55:23:55:Infinity":19,"b:55:65:55:100:55:100:55:Infinity":5,"s:56:23:56:Infinity":20,"b:56:23:56:50:56:50:56:Infinity":6,"s:57:29:57:Infinity":21,"s:60:10:139:Infinity":22,"f:60:10:60:26":4,"s:61:25:61:Infinity":23,"s:62:24:62:Infinity":24,"b:65:12:82:Infinity:84:12:101:Infinity:103:12:118:Infinity:120:12:120:Infinity:121:12:136:Infinity":7,"s:64:8:138:Infinity":25,"s:66:16:82:Infinity":26,"b:68:111:68:120:68:120:68:Infinity":8,"b:70:49:70:60:70:60:70:Infinity":9,"b:79:55:79:75:79:75:79:Infinity":10,"s:85:16:101:Infinity":27,"b:90:53:90:64:90:64:90:Infinity":11,"b:94:29:94:Infinity:95:32:98:Infinity":12,"s:104:16:118:Infinity":28,"b:106:116:106:132:106:132:106:Infinity":13,"b:111:58:111:69:111:69:111:Infinity":14,"b:116:58:116:69:116:69:116:96":15,"s:122:16:136:Infinity":29,"b:124:116:124:146:124:146:124:160":16,"b:126:49:126:60:126:60:126:Infinity":17,"b:134:51:134:56:134:56:134:58":18,"s:141:4:254:Infinity":30,"b:148:46:148:74:148:74:148:Infinity":19,"b:150:39:150:65:150:65:150:87:150:87:150:Infinity":20,"b:151:55:151:61:151:61:151:Infinity":21,"b:152:57:152:63:152:63:152:Infinity":22,"b:153:85:153:91:153:91:153:Infinity":23,"b:153:29:153:60:153:60:153:85":24,"b:159:14:159:35:159:35:159:46:159:46:159:Infinity:160:16:160:Infinity":25,"b:160:80:160:84:160:84:160:88":26,"b:164:13:164:Infinity:165:16:168:Infinity":27,"b:167:21:167:30:167:30:167:Infinity":28,"b:173:38:173:50:173:50:173:60":29,"b:193:79:193:113:193:113:193:Infinity":30,"b:194:42:194:88:194:88:194:Infinity":31,"b:196:30:196:Infinity:197:30:197:Infinity":32,"b:198:45:198:82:198:82:198:Infinity":33,"f:206:24:206:39":5,"s:206:39:206:Infinity":31,"f:207:24:207:38":6,"s:207:38:207:Infinity":32,"b:209:169:209:181:209:181:209:Infinity":34,"f:219:24:219:39":7,"s:219:39:219:Infinity":33,"f:231:24:231:39":8,"s:231:39:231:Infinity":34,"f:243:24:243:39":9,"s:243:39:243:Infinity":35},"fnNames":{}}}
,"C:\\Users\\Igor\\Desktop\\Sarak\\X - Trabalho\\Code\\Biblioteca\\Sarak-Lib-UI-Core\\src\\components\\atomic\\Cards\\SarakTitleCard.tsx": {"path":"C:\\Users\\Igor\\Desktop\\Sarak\\X - Trabalho\\Code\\Biblioteca\\Sarak-Lib-UI-Core\\src\\components\\atomic\\Cards\\SarakTitleCard.tsx","statementMap":{"0":{"start":{"line":15,"column":13},"end":{"line":133,"column":null}},"1":{"start":{"line":16,"column":10},"end":{"line":16,"column":null}},"2":{"start":{"line":17,"column":19},"end":{"line":17,"column":null}},"3":{"start":{"line":19,"column":10},"end":{"line":24,"column":null}},"4":{"start":{"line":20,"column":8},"end":{"line":20,"column":null}},"5":{"start":{"line":20,"column":19},"end":{"line":20,"column":null}},"6":{"start":{"line":21,"column":8},"end":{"line":23,"column":null}},"7":{"start":{"line":22,"column":12},"end":{"line":22,"column":null}},"8":{"start":{"line":22,"column":57},"end":{"line":22,"column":75}},"9":{"start":{"line":23,"column":22},"end":{"line":23,"column":40}},"10":{"start":{"line":26,"column":21},"end":{"line":26,"column":null}},"11":{"start":{"line":27,"column":18},"end":{"line":27,"column":null}},"12":{"start":{"line":28,"column":20},"end":{"line":28,"column":null}},"13":{"start":{"line":29,"column":22},"end":{"line":29,"column":null}},"14":{"start":{"line":31,"column":10},"end":{"line":38,"column":null}},"15":{"start":{"line":32,"column":8},"end":{"line":37,"column":null}},"16":{"start":{"line":33,"column":27},"end":{"line":33,"column":null}},"17":{"start":{"line":34,"column":24},"end":{"line":34,"column":null}},"18":{"start":{"line":35,"column":25},"end":{"line":35,"column":null}},"19":{"start":{"line":36,"column":21},"end":{"line":36,"column":null}},"20":{"start":{"line":40,"column":4},"end":{"line":131,"column":null}},"21":{"start":{"line":118,"column":32},"end":{"line":125,"column":null}}},"fnMap":{"0":{"name":"(anonymous_0)","decl":{"start":{"line":15,"column":13},"end":{"line":15,"column":62}},"loc":{"start":{"line":15,"column":128},"end":{"line":133,"column":null}},"line":15},"1":{"name":"(anonymous_1)","decl":{"start":{"line":19,"column":10},"end":{"line":19,"column":20}},"loc":{"start":{"line":19,"column":59},"end":{"line":24,"column":null}},"line":19},"2":{"name":"(anonymous_2)","decl":{"start":{"line":22,"column":35},"end":{"line":22,"column":43}},"loc":{"start":{"line":22,"column":57},"end":{"line":22,"column":75}},"line":22},"3":{"name":"(anonymous_3)","decl":{"start":{"line":31,"column":10},"end":{"line":31,"column":24}},"loc":{"start":{"line":31,"column":40},"end":{"line":38,"column":null}},"line":31},"4":{"name":"(anonymous_4)","decl":{"start":{"line":117,"column":51},"end":{"line":117,"column":56}},"loc":{"start":{"line":118,"column":32},"end":{"line":125,"column":null}},"line":118}},"branchMap":{"0":{"loc":{"start":{"line":15,"column":79},"end":{"line":15,"column":95}},"type":"default-arg","locations":[{"start":{"line":15,"column":91},"end":{"line":15,"column":95}}],"line":15},"1":{"loc":{"start":{"line":17,"column":19},"end":{"line":17,"column":null}},"type":"binary-expr","locations":[{"start":{"line":17,"column":19},"end":{"line":17,"column":34}},{"start":{"line":17,"column":34},"end":{"line":17,"column":null}}],"line":17},"2":{"loc":{"start":{"line":20,"column":8},"end":{"line":20,"column":null}},"type":"if","locations":[{"start":{"line":20,"column":8},"end":{"line":20,"column":null}},{"start":{},"end":{}}],"line":20},"3":{"loc":{"start":{"line":22,"column":57},"end":{"line":22,"column":75}},"type":"binary-expr","locations":[{"start":{"line":22,"column":57},"end":{"line":22,"column":64}},{"start":{"line":22,"column":64},"end":{"line":22,"column":75}}],"line":22},"4":{"loc":{"start":{"line":26,"column":21},"end":{"line":26,"column":null}},"type":"binary-expr","locations":[{"start":{"line":26,"column":21},"end":{"line":26,"column":56}},{"start":{"line":26,"column":56},"end":{"line":26,"column":null}}],"line":26},"5":{"loc":{"start":{"line":29,"column":22},"end":{"line":29,"column":null}},"type":"binary-expr","locations":[{"start":{"line":29,"column":22},"end":{"line":29,"column":59}},{"start":{"line":29,"column":59},"end":{"line":29,"column":null}}],"line":29},"6":{"loc":{"start":{"line":32,"column":8},"end":{"line":37,"column":null}},"type":"switch","locations":[{"start":{"line":33,"column":12},"end":{"line":33,"column":null}},{"start":{"line":34,"column":12},"end":{"line":34,"column":null}},{"start":{"line":35,"column":12},"end":{"line":35,"column":null}},{"start":{"line":36,"column":12},"end":{"line":36,"column":null}}],"line":32},"7":{"loc":{"start":{"line":48,"column":25},"end":{"line":48,"column":null}},"type":"cond-expr","locations":[{"start":{"line":48,"column":46},"end":{"line":48,"column":74}},{"start":{"line":48,"column":74},"end":{"line":48,"column":null}}],"line":48},"8":{"loc":{"start":{"line":50,"column":39},"end":{"line":50,"column":null}},"type":"binary-expr","locations":[{"start":{"line":50,"column":39},"end":{"line":50,"column":65}},{"start":{"line":50,"column":65},"end":{"line":50,"column":87}},{"start":{"line":50,"column":87},"end":{"line":50,"column":null}}],"line":50},"9":{"loc":{"start":{"line":51,"column":28},"end":{"line":51,"column":null}},"type":"cond-expr","locations":[{"start":{"line":51,"column":55},"end":{"line":51,"column":61}},{"start":{"line":51,"column":61},"end":{"line":51,"column":null}}],"line":51},"10":{"loc":{"start":{"line":52,"column":30},"end":{"line":52,"column":null}},"type":"cond-expr","locations":[{"start":{"line":52,"column":57},"end":{"line":52,"column":63}},{"start":{"line":52,"column":63},"end":{"line":52,"column":null}}],"line":52},"11":{"loc":{"start":{"line":53,"column":29},"end":{"line":53,"column":null}},"type":"cond-expr","locations":[{"start":{"line":53,"column":85},"end":{"line":53,"column":91}},{"start":{"line":53,"column":91},"end":{"line":53,"column":null}}],"line":53},"12":{"loc":{"start":{"line":53,"column":29},"end":{"line":53,"column":85}},"type":"binary-expr","locations":[{"start":{"line":53,"column":29},"end":{"line":53,"column":60}},{"start":{"line":53,"column":60},"end":{"line":53,"column":85}}],"line":53},"13":{"loc":{"start":{"line":60,"column":13},"end":{"line":64,"column":null}},"type":"binary-expr","locations":[{"start":{"line":60,"column":13},"end":{"line":60,"column":null}},{"start":{"line":61,"column":16},"end":{"line":64,"column":null}}],"line":60},"14":{"loc":{"start":{"line":63,"column":21},"end":{"line":63,"column":null}},"type":"binary-expr","locations":[{"start":{"line":63,"column":21},"end":{"line":63,"column":30}},{"start":{"line":63,"column":30},"end":{"line":63,"column":null}}],"line":63},"15":{"loc":{"start":{"line":95,"column":25},"end":{"line":100,"column":null}},"type":"cond-expr","locations":[{"start":{"line":96,"column":28},"end":{"line":99,"column":null}},{"start":{"line":100,"column":28},"end":{"line":100,"column":null}}],"line":95},"16":{"loc":{"start":{"line":95,"column":25},"end":{"line":95,"column":null}},"type":"binary-expr","locations":[{"start":{"line":95,"column":25},"end":{"line":95,"column":42}},{"start":{"line":95,"column":42},"end":{"line":95,"column":null}}],"line":95},"17":{"loc":{"start":{"line":106,"column":21},"end":{"line":115,"column":31}},"type":"binary-expr","locations":[{"start":{"line":106,"column":21},"end":{"line":106,"column":null}},{"start":{"line":107,"column":24},"end":{"line":115,"column":31}}],"line":106},"18":{"loc":{"start":{"line":110,"column":33},"end":{"line":110,"column":100}},"type":"cond-expr","locations":[{"start":{"line":110,"column":59},"end":{"line":110,"column":92}},{"start":{"line":110,"column":92},"end":{"line":110,"column":100}}],"line":110},"19":{"loc":{"start":{"line":115,"column":21},"end":{"line":129,"column":null}},"type":"binary-expr","locations":[{"start":{"line":115,"column":21},"end":{"line":115,"column":null}},{"start":{"line":116,"column":24},"end":{"line":129,"column":null}}],"line":115}},"s":{"0":3,"1":2,"2":2,"3":2,"4":8,"5":0,"6":8,"7":8,"8":8,"9":0,"10":2,"11":2,"12":2,"13":2,"14":2,"15":3,"16":1,"17":1,"18":1,"19":0,"20":2,"21":3},"f":{"0":2,"1":8,"2":8,"3":3,"4":3},"b":{"0":[2],"1":[2,0],"2":[0,8],"3":[8,8],"4":[2,0],"5":[2,0],"6":[1,1,1,0],"7":[0,2],"8":[2,2,2],"9":[0,2],"10":[0,2],"11":[0,2],"12":[2,2],"13":[2,0],"14":[0,0],"15":[2,0],"16":[2,2],"17":[2,2],"18":[2,0],"19":[2,2]},"meta":{"lastBranch":20,"lastFunction":5,"lastStatement":22,"seen":{"s:15:13:133:Infinity":0,"f:15:13:15:62":0,"b:15:91:15:95":0,"s:16:10:16:Infinity":1,"s:17:19:17:Infinity":2,"b:17:19:17:34:17:34:17:Infinity":1,"s:19:10:24:Infinity":3,"f:19:10:19:20":1,"b:20:8:20:Infinity:undefined:undefined:undefined:undefined":2,"s:20:8:20:Infinity":4,"s:20:19:20:Infinity":5,"s:21:8:23:Infinity":6,"s:22:12:22:Infinity":7,"f:22:35:22:43":2,"s:22:57:22:75":8,"b:22:57:22:64:22:64:22:75":3,"s:23:22:23:40":9,"s:26:21:26:Infinity":10,"b:26:21:26:56:26:56:26:Infinity":4,"s:27:18:27:Infinity":11,"s:28:20:28:Infinity":12,"s:29:22:29:Infinity":13,"b:29:22:29:59:29:59:29:Infinity":5,"s:31:10:38:Infinity":14,"f:31:10:31:24":3,"b:33:12:33:Infinity:34:12:34:Infinity:35:12:35:Infinity:36:12:36:Infinity":6,"s:32:8:37:Infinity":15,"s:33:27:33:Infinity":16,"s:34:24:34:Infinity":17,"s:35:25:35:Infinity":18,"s:36:21:36:Infinity":19,"s:40:4:131:Infinity":20,"b:48:46:48:74:48:74:48:Infinity":7,"b:50:39:50:65:50:65:50:87:50:87:50:Infinity":8,"b:51:55:51:61:51:61:51:Infinity":9,"b:52:57:52:63:52:63:52:Infinity":10,"b:53:85:53:91:53:91:53:Infinity":11,"b:53:29:53:60:53:60:53:85":12,"b:60:13:60:Infinity:61:16:64:Infinity":13,"b:63:21:63:30:63:30:63:Infinity":14,"b:96:28:99:Infinity:100:28:100:Infinity":15,"b:95:25:95:42:95:42:95:Infinity":16,"b:106:21:106:Infinity:107:24:115:31":17,"b:110:59:110:92:110:92:110:100":18,"b:115:21:115:Infinity:116:24:129:Infinity":19,"f:117:51:117:56":4,"s:118:32:125:Infinity":21},"fnNames":{}}}
,"C:\\Users\\Igor\\Desktop\\Sarak\\X - Trabalho\\Code\\Biblioteca\\Sarak-Lib-UI-Core\\src\\components\\atomic\\Icon\\IconMap.ts": {"path":"C:\\Users\\Igor\\Desktop\\Sarak\\X - Trabalho\\Code\\Biblioteca\\Sarak-Lib-UI-Core\\src\\components\\atomic\\Icon\\IconMap.ts","statementMap":{"0":{"start":{"line":186,"column":86},"end":{"line":242,"column":null}}},"fnMap":{},"branchMap":{},"s":{"0":5},"f":{},"b":{},"meta":{"lastBranch":0,"lastFunction":0,"lastStatement":1,"seen":{"s:186:86:242:Infinity":0},"fnNames":{}}}
,"C:\\Users\\Igor\\Desktop\\Sarak\\X - Trabalho\\Code\\Biblioteca\\Sarak-Lib-UI-Core\\src\\components\\atomic\\Icon\\SarakIcon.tsx": {"path":"C:\\Users\\Igor\\Desktop\\Sarak\\X - Trabalho\\Code\\Biblioteca\\Sarak-Lib-UI-Core\\src\\components\\atomic\\Icon\\SarakIcon.tsx","statementMap":{"0":{"start":{"line":16,"column":13},"end":{"line":41,"column":null}},"1":{"start":{"line":17,"column":12},"end":{"line":17,"column":null}},"2":{"start":{"line":18,"column":20},"end":{"line":18,"column":null}},"3":{"start":{"line":19,"column":19},"end":{"line":19,"column":null}},"4":{"start":{"line":21,"column":25},"end":{"line":21,"column":null}},"5":{"start":{"line":23,"column":4},"end":{"line":28,"column":null}},"6":{"start":{"line":25,"column":30},"end":{"line":25,"column":null}},"7":{"start":{"line":26,"column":56},"end":{"line":26,"column":null}},"8":{"start":{"line":27,"column":8},"end":{"line":27,"column":null}},"9":{"start":{"line":30,"column":4},"end":{"line":32,"column":null}},"10":{"start":{"line":31,"column":8},"end":{"line":31,"column":null}},"11":{"start":{"line":34,"column":4},"end":{"line":37,"column":null}},"12":{"start":{"line":35,"column":50},"end":{"line":35,"column":null}},"13":{"start":{"line":36,"column":8},"end":{"line":36,"column":null}},"14":{"start":{"line":39,"column":52},"end":{"line":39,"column":null}},"15":{"start":{"line":40,"column":4},"end":{"line":40,"column":null}}},"fnMap":{"0":{"name":"(anonymous_0)","decl":{"start":{"line":16,"column":13},"end":{"line":16,"column":52}},"loc":{"start":{"line":16,"column":115},"end":{"line":41,"column":null}},"line":16}},"branchMap":{"0":{"loc":{"start":{"line":16,"column":60},"end":{"line":16,"column":71}},"type":"default-arg","locations":[{"start":{"line":16,"column":67},"end":{"line":16,"column":71}}],"line":16},"1":{"loc":{"start":{"line":16,"column":71},"end":{"line":16,"column":87}},"type":"default-arg","locations":[{"start":{"line":16,"column":83},"end":{"line":16,"column":87}}],"line":16},"2":{"loc":{"start":{"line":18,"column":20},"end":{"line":18,"column":null}},"type":"binary-expr","locations":[{"start":{"line":18,"column":20},"end":{"line":18,"column":42}},{"start":{"line":18,"column":42},"end":{"line":18,"column":null}}],"line":18},"3":{"loc":{"start":{"line":19,"column":19},"end":{"line":19,"column":null}},"type":"binary-expr","locations":[{"start":{"line":19,"column":19},"end":{"line":19,"column":41}},{"start":{"line":19,"column":41},"end":{"line":19,"column":null}}],"line":19},"4":{"loc":{"start":{"line":23,"column":4},"end":{"line":28,"column":null}},"type":"if","locations":[{"start":{"line":23,"column":4},"end":{"line":28,"column":null}},{"start":{},"end":{}}],"line":23},"5":{"loc":{"start":{"line":25,"column":30},"end":{"line":25,"column":null}},"type":"binary-expr","locations":[{"start":{"line":25,"column":30},"end":{"line":25,"column":69}},{"start":{"line":25,"column":69},"end":{"line":25,"column":null}}],"line":25},"6":{"loc":{"start":{"line":27,"column":76},"end":{"line":27,"column":113}},"type":"binary-expr","locations":[{"start":{"line":27,"column":76},"end":{"line":27,"column":103}},{"start":{"line":27,"column":103},"end":{"line":27,"column":113}}],"line":27},"7":{"loc":{"start":{"line":30,"column":4},"end":{"line":32,"column":null}},"type":"if","locations":[{"start":{"line":30,"column":4},"end":{"line":32,"column":null}},{"start":{},"end":{}}],"line":30},"8":{"loc":{"start":{"line":34,"column":4},"end":{"line":37,"column":null}},"type":"if","locations":[{"start":{"line":34,"column":4},"end":{"line":37,"column":null}},{"start":{},"end":{}}],"line":34},"9":{"loc":{"start":{"line":36,"column":71},"end":{"line":36,"column":104}},"type":"binary-expr","locations":[{"start":{"line":36,"column":71},"end":{"line":36,"column":92}},{"start":{"line":36,"column":92},"end":{"line":36,"column":104}}],"line":36},"10":{"loc":{"start":{"line":40,"column":72},"end":{"line":40,"column":109}},"type":"binary-expr","locations":[{"start":{"line":40,"column":72},"end":{"line":40,"column":99}},{"start":{"line":40,"column":99},"end":{"line":40,"column":109}}],"line":40}},"s":{"0":5,"1":77,"2":77,"3":77,"4":77,"5":77,"6":4,"7":4,"8":4,"9":73,"10":0,"11":73,"12":0,"13":0,"14":73,"15":73},"f":{"0":77},"b":{"0":[77],"1":[77],"2":[77,77],"3":[77,77],"4":[4,73],"5":[4,0],"6":[4,0],"7":[0,73],"8":[0,73],"9":[0,0],"10":[73,0]},"meta":{"lastBranch":11,"lastFunction":1,"lastStatement":16,"seen":{"s:16:13:41:Infinity":0,"f:16:13:16:52":0,"b:16:67:16:71":0,"b:16:83:16:87":1,"s:17:12:17:Infinity":1,"s:18:20:18:Infinity":2,"b:18:20:18:42:18:42:18:Infinity":2,"s:19:19:19:Infinity":3,"b:19:19:19:41:19:41:19:Infinity":3,"s:21:25:21:Infinity":4,"b:23:4:28:Infinity:undefined:undefined:undefined:undefined":4,"s:23:4:28:Infinity":5,"s:25:30:25:Infinity":6,"b:25:30:25:69:25:69:25:Infinity":5,"s:26:56:26:Infinity":7,"s:27:8:27:Infinity":8,"b:27:76:27:103:27:103:27:113":6,"b:30:4:32:Infinity:undefined:undefined:undefined:undefined":7,"s:30:4:32:Infinity":9,"s:31:8:31:Infinity":10,"b:34:4:37:Infinity:undefined:undefined:undefined:undefined":8,"s:34:4:37:Infinity":11,"s:35:50:35:Infinity":12,"s:36:8:36:Infinity":13,"b:36:71:36:92:36:92:36:104":9,"s:39:52:39:Infinity":14,"s:40:4:40:Infinity":15,"b:40:72:40:99:40:99:40:109":10},"fnNames":{}}}
,"C:\\Users\\Igor\\Desktop\\Sarak\\X - Trabalho\\Code\\Biblioteca\\Sarak-Lib-UI-Core\\src\\components\\atomic\\Templates\\SarakExpandableMatrix.tsx": {"path":"C:\\Users\\Igor\\Desktop\\Sarak\\X - Trabalho\\Code\\Biblioteca\\Sarak-Lib-UI-Core\\src\\components\\atomic\\Templates\\SarakExpandableMatrix.tsx","statementMap":{"0":{"start":{"line":60,"column":6},"end":{"line":82,"column":null}},"1":{"start":{"line":61,"column":41},"end":{"line":66,"column":null}},"2":{"start":{"line":68,"column":4},"end":{"line":68,"column":null}},"3":{"start":{"line":68,"column":19},"end":{"line":68,"column":null}},"4":{"start":{"line":70,"column":23},"end":{"line":70,"column":null}},"5":{"start":{"line":71,"column":24},"end":{"line":71,"column":null}},"6":{"start":{"line":72,"column":26},"end":{"line":72,"column":null}},"7":{"start":{"line":74,"column":4},"end":{"line":81,"column":null}},"8":{"start":{"line":84,"column":6},"end":{"line":97,"column":null}},"9":{"start":{"line":85,"column":4},"end":{"line":97,"column":null}},"10":{"start":{"line":86,"column":26},"end":{"line":86,"column":47}},"11":{"start":{"line":86,"column":47},"end":{"line":86,"column":59}},"12":{"start":{"line":100,"column":6},"end":{"line":112,"column":null}},"13":{"start":{"line":101,"column":4},"end":{"line":112,"column":null}},"14":{"start":{"line":102,"column":26},"end":{"line":102,"column":47}},"15":{"start":{"line":102,"column":47},"end":{"line":102,"column":59}},"16":{"start":{"line":115,"column":6},"end":{"line":330,"column":null}},"17":{"start":{"line":124,"column":19},"end":{"line":124,"column":null}},"18":{"start":{"line":125,"column":23},"end":{"line":125,"column":null}},"19":{"start":{"line":127,"column":21},"end":{"line":127,"column":null}},"20":{"start":{"line":128,"column":24},"end":{"line":128,"column":null}},"21":{"start":{"line":131,"column":25},"end":{"line":131,"column":null}},"22":{"start":{"line":132,"column":26},"end":{"line":132,"column":null}},"23":{"start":{"line":135,"column":10},"end":{"line":141,"column":null}},"24":{"start":{"line":136,"column":8},"end":{"line":136,"column":null}},"25":{"start":{"line":136,"column":26},"end":{"line":136,"column":null}},"26":{"start":{"line":137,"column":8},"end":{"line":140,"column":null}},"27":{"start":{"line":138,"column":32},"end":{"line":138,"column":null}},"28":{"start":{"line":139,"column":12},"end":{"line":139,"column":null}},"29":{"start":{"line":143,"column":4},"end":{"line":156,"column":null}},"30":{"start":{"line":144,"column":8},"end":{"line":154,"column":null}},"31":{"start":{"line":151,"column":26},"end":{"line":151,"column":null}},"32":{"start":{"line":152,"column":26},"end":{"line":152,"column":null}},"33":{"start":{"line":158,"column":4},"end":{"line":172,"column":null}},"34":{"start":{"line":159,"column":8},"end":{"line":170,"column":null}},"35":{"start":{"line":161,"column":31},"end":{"line":161,"column":null}},"36":{"start":{"line":174,"column":4},"end":{"line":193,"column":null}},"37":{"start":{"line":175,"column":8},"end":{"line":191,"column":null}},"38":{"start":{"line":177,"column":31},"end":{"line":177,"column":null}},"39":{"start":{"line":190,"column":66},"end":{"line":190,"column":96}},"40":{"start":{"line":195,"column":4},"end":{"line":254,"column":null}},"41":{"start":{"line":196,"column":8},"end":{"line":252,"column":null}},"42":{"start":{"line":206,"column":39},"end":{"line":206,"column":null}},"43":{"start":{"line":232,"column":76},"end":{"line":232,"column":106}},"44":{"start":{"line":239,"column":28},"end":{"line":248,"column":null}},"45":{"start":{"line":256,"column":4},"end":{"line":302,"column":null}},"46":{"start":{"line":257,"column":8},"end":{"line":300,"column":null}},"47":{"start":{"line":261,"column":39},"end":{"line":261,"column":null}},"48":{"start":{"line":280,"column":76},"end":{"line":280,"column":105}},"49":{"start":{"line":287,"column":28},"end":{"line":296,"column":null}},"50":{"start":{"line":304,"column":4},"end":{"line":328,"column":null}},"51":{"start":{"line":309,"column":72},"end":{"line":309,"column":101}},"52":{"start":{"line":315,"column":24},"end":{"line":324,"column":null}},"53":{"start":{"line":332,"column":13},"end":{"line":480,"column":null}},"54":{"start":{"line":340,"column":23},"end":{"line":340,"column":null}},"55":{"start":{"line":341,"column":23},"end":{"line":341,"column":null}},"56":{"start":{"line":343,"column":10},"end":{"line":371,"column":null}},"57":{"start":{"line":344,"column":8},"end":{"line":344,"column":null}},"58":{"start":{"line":344,"column":25},"end":{"line":344,"column":null}},"59":{"start":{"line":346,"column":21},"end":{"line":346,"column":null}},"60":{"start":{"line":348,"column":14},"end":{"line":368,"column":null}},"61":{"start":{"line":349,"column":12},"end":{"line":367,"column":null}},"62":{"start":{"line":351,"column":20},"end":{"line":353,"column":null}},"63":{"start":{"line":355,"column":46},"end":{"line":355,"column":null}},"64":{"start":{"line":356,"column":16},"end":{"line":358,"column":null}},"65":{"start":{"line":357,"column":20},"end":{"line":357,"column":null}},"66":{"start":{"line":360,"column":16},"end":{"line":364,"column":null}},"67":{"start":{"line":361,"column":20},"end":{"line":361,"column":null}},"68":{"start":{"line":362,"column":23},"end":{"line":364,"column":null}},"69":{"start":{"line":363,"column":20},"end":{"line":363,"column":null}},"70":{"start":{"line":366,"column":16},"end":{"line":366,"column":null}},"71":{"start":{"line":370,"column":8},"end":{"line":370,"column":null}},"72":{"start":{"line":373,"column":10},"end":{"line":375,"column":null}},"73":{"start":{"line":374,"column":8},"end":{"line":374,"column":null}},"74":{"start":{"line":377,"column":4},"end":{"line":478,"column":null}},"75":{"start":{"line":391,"column":37},"end":{"line":391,"column":null}},"76":{"start":{"line":402,"column":20},"end":{"line":475,"column":null}},"77":{"start":{"line":413,"column":43},"end":{"line":413,"column":null}},"78":{"start":{"line":453,"column":48},"end":{"line":462,"column":null}}},"fnMap":{"0":{"name":"(anonymous_0)","decl":{"start":{"line":60,"column":6},"end":{"line":60,"column":23}},"loc":{"start":{"line":60,"column":104},"end":{"line":82,"column":null}},"line":60},"1":{"name":"(anonymous_1)","decl":{"start":{"line":84,"column":6},"end":{"line":84,"column":77}},"loc":{"start":{"line":85,"column":4},"end":{"line":97,"column":null}},"line":85},"2":{"name":"(anonymous_2)","decl":{"start":{"line":86,"column":8},"end":{"line":86,"column":18}},"loc":{"start":{"line":86,"column":24},"end":{"line":86,"column":null}},"line":86},"3":{"name":"(anonymous_3)","decl":{"start":{"line":100,"column":6},"end":{"line":100,"column":98}},"loc":{"start":{"line":101,"column":4},"end":{"line":112,"column":null}},"line":101},"4":{"name":"(anonymous_4)","decl":{"start":{"line":102,"column":8},"end":{"line":102,"column":18}},"loc":{"start":{"line":102,"column":24},"end":{"line":102,"column":null}},"line":102},"5":{"name":"(anonymous_5)","decl":{"start":{"line":115,"column":6},"end":{"line":115,"column":null}},"loc":{"start":{"line":123,"column":83},"end":{"line":330,"column":null}},"line":123},"6":{"name":"(anonymous_6)","decl":{"start":{"line":135,"column":31},"end":{"line":135,"column":45}},"loc":{"start":{"line":135,"column":45},"end":{"line":141,"column":7}},"line":135},"7":{"name":"(anonymous_7)","decl":{"start":{"line":137,"column":29},"end":{"line":137,"column":36}},"loc":{"start":{"line":137,"column":47},"end":{"line":140,"column":9}},"line":137},"8":{"name":"(anonymous_8)","decl":{"start":{"line":150,"column":22},"end":{"line":150,"column":null}},"loc":{"start":{"line":151,"column":26},"end":{"line":151,"column":null}},"line":151},"9":{"name":"(anonymous_9)","decl":{"start":{"line":151,"column":52},"end":{"line":151,"column":null}},"loc":{"start":{"line":152,"column":26},"end":{"line":152,"column":null}},"line":152},"10":{"name":"(anonymous_10)","decl":{"start":{"line":161,"column":16},"end":{"line":161,"column":31}},"loc":{"start":{"line":161,"column":31},"end":{"line":161,"column":null}},"line":161},"11":{"name":"(anonymous_11)","decl":{"start":{"line":177,"column":16},"end":{"line":177,"column":31}},"loc":{"start":{"line":177,"column":31},"end":{"line":177,"column":null}},"line":177},"12":{"name":"(anonymous_12)","decl":{"start":{"line":190,"column":50},"end":{"line":190,"column":66}},"loc":{"start":{"line":190,"column":66},"end":{"line":190,"column":96}},"line":190},"13":{"name":"(anonymous_13)","decl":{"start":{"line":206,"column":24},"end":{"line":206,"column":39}},"loc":{"start":{"line":206,"column":39},"end":{"line":206,"column":null}},"line":206},"14":{"name":"(anonymous_14)","decl":{"start":{"line":232,"column":60},"end":{"line":232,"column":76}},"loc":{"start":{"line":232,"column":76},"end":{"line":232,"column":106}},"line":232},"15":{"name":"(anonymous_15)","decl":{"start":{"line":238,"column":39},"end":{"line":238,"column":44}},"loc":{"start":{"line":239,"column":28},"end":{"line":248,"column":null}},"line":239},"16":{"name":"(anonymous_16)","decl":{"start":{"line":261,"column":24},"end":{"line":261,"column":39}},"loc":{"start":{"line":261,"column":39},"end":{"line":261,"column":null}},"line":261},"17":{"name":"(anonymous_17)","decl":{"start":{"line":280,"column":60},"end":{"line":280,"column":76}},"loc":{"start":{"line":280,"column":76},"end":{"line":280,"column":105}},"line":280},"18":{"name":"(anonymous_18)","decl":{"start":{"line":286,"column":39},"end":{"line":286,"column":44}},"loc":{"start":{"line":287,"column":28},"end":{"line":296,"column":null}},"line":287},"19":{"name":"(anonymous_19)","decl":{"start":{"line":309,"column":56},"end":{"line":309,"column":72}},"loc":{"start":{"line":309,"column":72},"end":{"line":309,"column":101}},"line":309},"20":{"name":"(anonymous_20)","decl":{"start":{"line":314,"column":35},"end":{"line":314,"column":40}},"loc":{"start":{"line":315,"column":24},"end":{"line":324,"column":null}},"line":315},"21":{"name":"(anonymous_21)","decl":{"start":{"line":332,"column":13},"end":{"line":332,"column":76}},"loc":{"start":{"line":339,"column":6},"end":{"line":480,"column":null}},"line":339},"22":{"name":"(anonymous_22)","decl":{"start":{"line":343,"column":29},"end":{"line":343,"column":43}},"loc":{"start":{"line":343,"column":43},"end":{"line":371,"column":7}},"line":343},"23":{"name":"(anonymous_23)","decl":{"start":{"line":348,"column":14},"end":{"line":348,"column":28}},"loc":{"start":{"line":348,"column":52},"end":{"line":368,"column":null}},"line":348},"24":{"name":"(anonymous_24)","decl":{"start":{"line":349,"column":25},"end":{"line":349,"column":33}},"loc":{"start":{"line":349,"column":47},"end":{"line":367,"column":15}},"line":349},"25":{"name":"(anonymous_25)","decl":{"start":{"line":373,"column":10},"end":{"line":373,"column":26}},"loc":{"start":{"line":373,"column":41},"end":{"line":375,"column":null}},"line":373},"26":{"name":"(anonymous_26)","decl":{"start":{"line":391,"column":20},"end":{"line":391,"column":31}},"loc":{"start":{"line":391,"column":37},"end":{"line":391,"column":null}},"line":391},"27":{"name":"(anonymous_27)","decl":{"start":{"line":401,"column":22},"end":{"line":401,"column":27}},"loc":{"start":{"line":402,"column":20},"end":{"line":475,"column":null}},"line":402},"28":{"name":"(anonymous_28)","decl":{"start":{"line":413,"column":28},"end":{"line":413,"column":43}},"loc":{"start":{"line":413,"column":43},"end":{"line":413,"column":null}},"line":413},"29":{"name":"(anonymous_29)","decl":{"start":{"line":452,"column":62},"end":{"line":452,"column":67}},"loc":{"start":{"line":453,"column":48},"end":{"line":462,"column":null}},"line":453}},"branchMap":{"0":{"loc":{"start":{"line":62,"column":17},"end":{"line":62,"column":null}},"type":"cond-expr","locations":[{"start":{"line":62,"column":31},"end":{"line":62,"column":40}},{"start":{"line":62,"column":40},"end":{"line":62,"column":null}}],"line":62},"1":{"loc":{"start":{"line":64,"column":22},"end":{"line":64,"column":null}},"type":"binary-expr","locations":[{"start":{"line":64,"column":22},"end":{"line":64,"column":39}},{"start":{"line":64,"column":39},"end":{"line":64,"column":null}}],"line":64},"2":{"loc":{"start":{"line":68,"column":4},"end":{"line":68,"column":null}},"type":"if","locations":[{"start":{"line":68,"column":4},"end":{"line":68,"column":null}},{"start":{},"end":{}}],"line":68},"3":{"loc":{"start":{"line":70,"column":23},"end":{"line":70,"column":null}},"type":"cond-expr","locations":[{"start":{"line":70,"column":35},"end":{"line":70,"column":65}},{"start":{"line":70,"column":65},"end":{"line":70,"column":null}}],"line":70},"4":{"loc":{"start":{"line":75,"column":17},"end":{"line":75,"column":null}},"type":"binary-expr","locations":[{"start":{"line":75,"column":17},"end":{"line":75,"column":40}},{"start":{"line":75,"column":40},"end":{"line":75,"column":64}},{"start":{"line":75,"column":64},"end":{"line":75,"column":90}},{"start":{"line":75,"column":90},"end":{"line":75,"column":null}}],"line":75},"5":{"loc":{"start":{"line":76,"column":19},"end":{"line":76,"column":null}},"type":"binary-expr","locations":[{"start":{"line":76,"column":19},"end":{"line":76,"column":44}},{"start":{"line":76,"column":44},"end":{"line":76,"column":70}},{"start":{"line":76,"column":70},"end":{"line":76,"column":98}},{"start":{"line":76,"column":98},"end":{"line":76,"column":null}}],"line":76},"6":{"loc":{"start":{"line":77,"column":19},"end":{"line":77,"column":null}},"type":"binary-expr","locations":[{"start":{"line":77,"column":19},"end":{"line":77,"column":44}},{"start":{"line":77,"column":44},"end":{"line":77,"column":70}},{"start":{"line":77,"column":70},"end":{"line":77,"column":98}},{"start":{"line":77,"column":98},"end":{"line":77,"column":null}}],"line":77},"7":{"loc":{"start":{"line":78,"column":25},"end":{"line":78,"column":null}},"type":"binary-expr","locations":[{"start":{"line":78,"column":25},"end":{"line":78,"column":56}},{"start":{"line":78,"column":56},"end":{"line":78,"column":88}},{"start":{"line":78,"column":88},"end":{"line":78,"column":122}},{"start":{"line":78,"column":122},"end":{"line":78,"column":null}}],"line":78},"8":{"loc":{"start":{"line":79,"column":14},"end":{"line":79,"column":null}},"type":"binary-expr","locations":[{"start":{"line":79,"column":14},"end":{"line":79,"column":34}},{"start":{"line":79,"column":34},"end":{"line":79,"column":55}},{"start":{"line":79,"column":55},"end":{"line":79,"column":null}}],"line":79},"9":{"loc":{"start":{"line":80,"column":22},"end":{"line":80,"column":null}},"type":"binary-expr","locations":[{"start":{"line":80,"column":22},"end":{"line":80,"column":50}},{"start":{"line":80,"column":50},"end":{"line":80,"column":79}},{"start":{"line":80,"column":79},"end":{"line":80,"column":null}}],"line":80},"10":{"loc":{"start":{"line":88,"column":12},"end":{"line":88,"column":null}},"type":"cond-expr","locations":[{"start":{"line":88,"column":22},"end":{"line":88,"column":105}},{"start":{"line":88,"column":105},"end":{"line":88,"column":null}}],"line":88},"11":{"loc":{"start":{"line":94,"column":26},"end":{"line":94,"column":43}},"type":"cond-expr","locations":[{"start":{"line":94,"column":36},"end":{"line":94,"column":41}},{"start":{"line":94,"column":41},"end":{"line":94,"column":43}}],"line":94},"12":{"loc":{"start":{"line":104,"column":12},"end":{"line":104,"column":null}},"type":"cond-expr","locations":[{"start":{"line":104,"column":22},"end":{"line":104,"column":34}},{"start":{"line":104,"column":34},"end":{"line":104,"column":null}}],"line":104},"13":{"loc":{"start":{"line":106,"column":12},"end":{"line":108,"column":null}},"type":"cond-expr","locations":[{"start":{"line":107,"column":14},"end":{"line":107,"column":null}},{"start":{"line":108,"column":14},"end":{"line":108,"column":null}}],"line":106},"14":{"loc":{"start":{"line":111,"column":9},"end":{"line":111,"column":null}},"type":"cond-expr","locations":[{"start":{"line":111,"column":19},"end":{"line":111,"column":73}},{"start":{"line":111,"column":72},"end":{"line":111,"column":null}}],"line":111},"15":{"loc":{"start":{"line":111,"column":32},"end":{"line":111,"column":51}},"type":"cond-expr","locations":[{"start":{"line":111,"column":42},"end":{"line":111,"column":47}},{"start":{"line":111,"column":47},"end":{"line":111,"column":51}}],"line":111},"16":{"loc":{"start":{"line":111,"column":81},"end":{"line":111,"column":100}},"type":"cond-expr","locations":[{"start":{"line":111,"column":91},"end":{"line":111,"column":95}},{"start":{"line":111,"column":95},"end":{"line":111,"column":100}}],"line":111},"17":{"loc":{"start":{"line":128,"column":24},"end":{"line":128,"column":null}},"type":"binary-expr","locations":[{"start":{"line":128,"column":24},"end":{"line":128,"column":41}},{"start":{"line":128,"column":41},"end":{"line":128,"column":null}}],"line":128},"18":{"loc":{"start":{"line":131,"column":25},"end":{"line":131,"column":null}},"type":"binary-expr","locations":[{"start":{"line":131,"column":25},"end":{"line":131,"column":41}},{"start":{"line":131,"column":41},"end":{"line":131,"column":null}}],"line":131},"19":{"loc":{"start":{"line":136,"column":8},"end":{"line":136,"column":null}},"type":"if","locations":[{"start":{"line":136,"column":8},"end":{"line":136,"column":null}},{"start":{},"end":{}}],"line":136},"20":{"loc":{"start":{"line":139,"column":19},"end":{"line":139,"column":null}},"type":"binary-expr","locations":[{"start":{"line":139,"column":19},"end":{"line":139,"column":54}},{"start":{"line":139,"column":54},"end":{"line":139,"column":null}}],"line":139},"21":{"loc":{"start":{"line":143,"column":4},"end":{"line":156,"column":null}},"type":"if","locations":[{"start":{"line":143,"column":4},"end":{"line":156,"column":null}},{"start":{},"end":{}}],"line":143},"22":{"loc":{"start":{"line":158,"column":4},"end":{"line":172,"column":null}},"type":"if","locations":[{"start":{"line":158,"column":4},"end":{"line":172,"column":null}},{"start":{},"end":{}}],"line":158},"23":{"loc":{"start":{"line":163,"column":20},"end":{"line":165,"column":null}},"type":"cond-expr","locations":[{"start":{"line":164,"column":22},"end":{"line":164,"column":null}},{"start":{"line":165,"column":22},"end":{"line":165,"column":null}}],"line":163},"24":{"loc":{"start":{"line":168,"column":17},"end":{"line":169,"column":17}},"type":"binary-expr","locations":[{"start":{"line":168,"column":17},"end":{"line":168,"column":34}},{"start":{"line":168,"column":34},"end":{"line":169,"column":17}}],"line":168},"25":{"loc":{"start":{"line":169,"column":23},"end":{"line":169,"column":50}},"type":"binary-expr","locations":[{"start":{"line":169,"column":23},"end":{"line":169,"column":36}},{"start":{"line":169,"column":36},"end":{"line":169,"column":50}}],"line":169},"26":{"loc":{"start":{"line":174,"column":4},"end":{"line":193,"column":null}},"type":"if","locations":[{"start":{"line":174,"column":4},"end":{"line":193,"column":null}},{"start":{},"end":{}}],"line":174},"27":{"loc":{"start":{"line":179,"column":20},"end":{"line":179,"column":null}},"type":"cond-expr","locations":[{"start":{"line":179,"column":31},"end":{"line":179,"column":99}},{"start":{"line":179,"column":99},"end":{"line":179,"column":null}}],"line":179},"28":{"loc":{"start":{"line":183,"column":87},"end":{"line":183,"column":null}},"type":"cond-expr","locations":[{"start":{"line":183,"column":98},"end":{"line":183,"column":130}},{"start":{"line":183,"column":130},"end":{"line":183,"column":null}}],"line":183},"29":{"loc":{"start":{"line":184,"column":25},"end":{"line":184,"column":null}},"type":"binary-expr","locations":[{"start":{"line":184,"column":25},"end":{"line":184,"column":38}},{"start":{"line":184,"column":38},"end":{"line":184,"column":null}}],"line":184},"30":{"loc":{"start":{"line":186,"column":21},"end":{"line":189,"column":null}},"type":"binary-expr","locations":[{"start":{"line":186,"column":21},"end":{"line":186,"column":null}},{"start":{"line":187,"column":24},"end":{"line":189,"column":null}}],"line":186},"31":{"loc":{"start":{"line":195,"column":4},"end":{"line":254,"column":null}},"type":"if","locations":[{"start":{"line":195,"column":4},"end":{"line":254,"column":null}},{"start":{},"end":{}}],"line":195},"32":{"loc":{"start":{"line":199,"column":20},"end":{"line":201,"column":null}},"type":"cond-expr","locations":[{"start":{"line":200,"column":22},"end":{"line":200,"column":null}},{"start":{"line":201,"column":22},"end":{"line":201,"column":null}}],"line":199},"33":{"loc":{"start":{"line":206,"column":39},"end":{"line":206,"column":null}},"type":"binary-expr","locations":[{"start":{"line":206,"column":39},"end":{"line":206,"column":59}},{"start":{"line":206,"column":59},"end":{"line":206,"column":null}}],"line":206},"34":{"loc":{"start":{"line":207,"column":84},"end":{"line":207,"column":null}},"type":"cond-expr","locations":[{"start":{"line":207,"column":103},"end":{"line":207,"column":122}},{"start":{"line":207,"column":122},"end":{"line":207,"column":null}}],"line":207},"35":{"loc":{"start":{"line":209,"column":25},"end":{"line":215,"column":null}},"type":"binary-expr","locations":[{"start":{"line":209,"column":25},"end":{"line":209,"column":null}},{"start":{"line":210,"column":28},"end":{"line":215,"column":null}}],"line":209},"36":{"loc":{"start":{"line":211,"column":51},"end":{"line":211,"column":74}},"type":"cond-expr","locations":[{"start":{"line":211,"column":66},"end":{"line":211,"column":72}},{"start":{"line":211,"column":72},"end":{"line":211,"column":74}}],"line":211},"37":{"loc":{"start":{"line":217,"column":25},"end":{"line":220,"column":null}},"type":"binary-expr","locations":[{"start":{"line":217,"column":25},"end":{"line":217,"column":null}},{"start":{"line":218,"column":28},"end":{"line":220,"column":null}}],"line":217},"38":{"loc":{"start":{"line":224,"column":33},"end":{"line":224,"column":null}},"type":"binary-expr","locations":[{"start":{"line":224,"column":33},"end":{"line":224,"column":46}},{"start":{"line":224,"column":46},"end":{"line":224,"column":null}}],"line":224},"39":{"loc":{"start":{"line":226,"column":29},"end":{"line":229,"column":null}},"type":"binary-expr","locations":[{"start":{"line":226,"column":29},"end":{"line":226,"column":null}},{"start":{"line":227,"column":32},"end":{"line":229,"column":null}}],"line":226},"40":{"loc":{"start":{"line":231,"column":21},"end":{"line":234,"column":null}},"type":"binary-expr","locations":[{"start":{"line":231,"column":21},"end":{"line":231,"column":null}},{"start":{"line":232,"column":24},"end":{"line":234,"column":null}}],"line":231},"41":{"loc":{"start":{"line":236,"column":17},"end":{"line":252,"column":null}},"type":"binary-expr","locations":[{"start":{"line":236,"column":17},"end":{"line":236,"column":32}},{"start":{"line":236,"column":32},"end":{"line":236,"column":null}},{"start":{"line":237,"column":20},"end":{"line":252,"column":null}}],"line":236},"42":{"loc":{"start":{"line":237,"column":36},"end":{"line":237,"column":null}},"type":"cond-expr","locations":[{"start":{"line":237,"column":57},"end":{"line":237,"column":164}},{"start":{"line":237,"column":164},"end":{"line":237,"column":null}}],"line":237},"43":{"loc":{"start":{"line":256,"column":4},"end":{"line":302,"colum
[...]
nd":{"line":85,"column":null}},"type":"if","locations":[{"start":{"line":79,"column":8},"end":{"line":85,"column":null}},{"start":{"line":82,"column":15},"end":{"line":85,"column":null}}],"line":79}},"s":{"0":3,"1":2,"2":2,"3":2,"4":2,"5":2,"6":0,"7":0,"8":0,"9":0,"10":0,"11":0,"12":2,"13":2,"14":2,"15":2,"16":2,"17":2,"18":0,"19":0,"20":0,"21":0,"22":0,"23":2,"24":0,"25":0,"26":0,"27":0,"28":0,"29":0,"30":0,"31":0,"32":0,"33":0,"34":0,"35":2,"36":2,"37":0,"38":0,"39":2,"40":2,"41":2,"42":2,"43":2,"44":2},"f":{"0":2,"1":0,"2":2,"3":0,"4":0,"5":2,"6":2},"b":{"0":[0,0],"1":[0,0],"2":[0,0],"3":[0,0],"4":[0,0],"5":[0,0],"6":[0,0],"7":[0,2]},"meta":{"lastBranch":8,"lastFunction":7,"lastStatement":45,"seen":{"s:17:13:98:Infinity":0,"f:17:13:17:29":0,"s:25:17:25:Infinity":1,"s:26:23:26:Infinity":2,"s:29:10:29:Infinity":3,"s:30:10:30:Infinity":4,"s:32:10:43:Infinity":5,"f:32:26:32:39":1,"s:33:8:33:Infinity":6,"s:34:8:34:Infinity":7,"s:37:8:37:Infinity":8,"b:37:59:37:71:37:71:37:Infinity":0,"s:38:8:38:Infinity":9,"s:41:8:41:Infinity":10,"b:41:66:41:81:41:81:41:Infinity":1,"s:42:8:42:Infinity":11,"s:46:10:46:Infinity":12,"s:47:10:47:Infinity":13,"s:49:4:52:Infinity":14,"f:49:4:49:20":2,"s:50:8:50:Infinity":15,"s:51:8:51:Infinity":16,"s:54:10:61:Infinity":17,"f:54:25:54:43":3,"b:55:8:60:Infinity:undefined:undefined:undefined:undefined":2,"s:55:8:60:Infinity":18,"s:56:12:56:Infinity":19,"s:57:12:57:Infinity":20,"s:58:12:58:Infinity":21,"s:59:12:59:Infinity":22,"s:63:10:76:Infinity":23,"f:63:19:63:32":4,"b:64:8:64:Infinity:undefined:undefined:undefined:undefined":3,"s:64:8:64:Infinity":24,"s:64:25:64:Infinity":25,"s:66:27:66:Infinity":26,"b:66:56:66:68:66:68:66:Infinity":4,"s:67:22:67:Infinity":27,"s:68:22:68:Infinity":28,"b:71:8:71:Infinity:undefined:undefined:undefined:undefined":5,"s:71:8:71:Infinity":29,"s:71:31:71:Infinity":30,"b:72:8:72:Infinity:undefined:undefined:undefined:undefined":6,"s:72:8:72:Infinity":31,"s:72:31:72:Infinity":32,"s:74:8:74:Infinity":33,"s:75:8:75:Infinity":34,"s:78:4:91:Infinity":35,"f:78:4:78:20":5,"b:79:8:85:Infinity:82:15:85:Infinity":7,"s:79:8:85:Infinity":36,"s:80:12:80:Infinity":37,"s:81:12:81:Infinity":38,"s:83:12:83:Infinity":39,"s:84:12:84:Infinity":40,"s:87:8:90:Infinity":41,"f:87:8:87:21":6,"s:88:12:88:Infinity":42,"s:89:12:89:Infinity":43,"s:93:4:97:Infinity":44},"fnNames":{}}}
,"C:\\Users\\Igor\\Desktop\\Sarak\\X - Trabalho\\Code\\Biblioteca\\Sarak-Lib-UI-Core\\src\\features\\DesignEngine\\utils\\dynamic-categories.ts": {"path":"C:\\Users\\Igor\\Desktop\\Sarak\\X - Trabalho\\Code\\Biblioteca\\Sarak-Lib-UI-Core\\src\\features\\DesignEngine\\utils\\dynamic-categories.ts","statementMap":{"0":{"start":{"line":3,"column":13},"end":{"line":20,"column":null}},"1":{"start":{"line":4,"column":16},"end":{"line":4,"column":null}},"2":{"start":{"line":7,"column":4},"end":{"line":7,"column":null}},"3":{"start":{"line":7,"column":139},"end":{"line":7,"column":null}},"4":{"start":{"line":8,"column":4},"end":{"line":8,"column":null}},"5":{"start":{"line":8,"column":60},"end":{"line":8,"column":null}},"6":{"start":{"line":9,"column":4},"end":{"line":9,"column":null}},"7":{"start":{"line":9,"column":207},"end":{"line":9,"column":null}},"8":{"start":{"line":10,"column":4},"end":{"line":10,"column":null}},"9":{"start":{"line":10,"column":135},"end":{"line":10,"column":null}},"10":{"start":{"line":11,"column":4},"end":{"line":11,"column":null}},"11":{"start":{"line":11,"column":105},"end":{"line":11,"column":null}},"12":{"start":{"line":12,"column":4},"end":{"line":12,"column":null}},"13":{"start":{"line":12,"column":69},"end":{"line":12,"column":null}},"14":{"start":{"line":13,"column":4},"end":{"line":13,"column":null}},"15":{"start":{"line":13,"column":93},"end":{"line":13,"column":null}},"16":{"start":{"line":14,"column":4},"end":{"line":14,"column":null}},"17":{"start":{"line":14,"column":117},"end":{"line":14,"column":null}},"18":{"start":{"line":15,"column":4},"end":{"line":15,"column":null}},"19":{"start":{"line":15,"column":93},"end":{"line":15,"column":null}},"20":{"start":{"line":16,"column":4},"end":{"line":16,"column":null}},"21":{"start":{"line":16,"column":56},"end":{"line":16,"column":null}},"22":{"start":{"line":17,"column":4},"end":{"line":17,"column":null}},"23":{"start":{"line":17,"column":162},"end":{"line":17,"column":null}},"24":{"start":{"line":19,"column":4},"end":{"line":19,"column":null}},"25":{"start":{"line":25,"column":62},"end":{"line":25,"column":null}},"26":{"start":{"line":26,"column":0},"end":{"line":28,"column":null}},"27":{"start":{"line":27,"column":4},"end":{"line":27,"column":null}},"28":{"start":{"line":30,"column":58},"end":{"line":30,"column":null}},"29":{"start":{"line":31,"column":0},"end":{"line":33,"column":null}},"30":{"start":{"line":32,"column":4},"end":{"line":32,"column":null}},"31":{"start":{"line":32,"column":22},"end":{"line":32,"column":54}},"32":{"start":{"line":37,"column":13},"end":{"line":107,"column":null}},"33":{"start":{"line":39,"column":57},"end":{"line":39,"column":null}},"34":{"start":{"line":41,"column":4},"end":{"line":47,"column":null}},"35":{"start":{"line":42,"column":8},"end":{"line":42,"column":null}},"36":{"start":{"line":42,"column":67},"end":{"line":42,"column":null}},"37":{"start":{"line":44,"column":26},"end":{"line":44,"column":null}},"38":{"start":{"line":44,"column":62},"end":{"line":44,"column":81}},"39":{"start":{"line":46,"column":8},"end":{"line":46,"column":null}},"40":{"start":{"line":50,"column":58},"end":{"line":50,"column":null}},"41":{"start":{"line":51,"column":4},"end":{"line":51,"column":null}},"42":{"start":{"line":51,"column":51},"end":{"line":51,"column":65}},"43":{"start":{"line":54,"column":4},"end":{"line":80,"column":null}},"44":{"start":{"line":55,"column":8},"end":{"line":55,"column":null}},"45":{"start":{"line":55,"column":41},"end":{"line":55,"column":null}},"46":{"start":{"line":57,"column":8},"end":{"line":79,"column":null}},"47":{"start":{"line":58,"column":33},"end":{"line":58,"column":null}},"48":{"start":{"line":60,"column":12},"end":{"line":78,"column":null}},"49":{"start":{"line":61,"column":33},"end":{"line":61,"column":null}},"50":{"start":{"line":62,"column":16},"end":{"line":62,"column":null}},"51":{"start":{"line":62,"column":31},"end":{"line":62,"column":null}},"52":{"start":{"line":65,"column":36},"end":{"line":65,"column":null}},"53":{"start":{"line":65,"column":61},"end":{"line":65,"column":79}},"54":{"start":{"line":67,"column":16},"end":{"line":69,"column":null}},"55":{"start":{"line":68,"column":20},"end":{"line":68,"column":null}},"56":{"start":{"line":71,"column":16},"end":{"line":77,"column":null}},"57":{"start":{"line":72,"column":20},"end":{"line":72,"column":null}},"58":{"start":{"line":72,"column":48},"end":{"line":72,"column":null}},"59":{"start":{"line":76,"column":20},"end":{"line":76,"column":null}},"60":{"start":{"line":83,"column":4},"end":{"line":96,"column":null}},"61":{"start":{"line":84,"column":27},"end":{"line":84,"column":null}},"62":{"start":{"line":85,"column":21},"end":{"line":85,"column":null}},"63":{"start":{"line":87,"column":8},"end":{"line":95,"column":null}},"64":{"start":{"line":88,"column":12},"end":{"line":94,"column":null}},"65":{"start":{"line":89,"column":16},"end":{"line":89,"column":null}},"66":{"start":{"line":89,"column":42},"end":{"line":89,"column":null}},"67":{"start":{"line":91,"column":16},"end":{"line":91,"column":null}},"68":{"start":{"line":93,"column":16},"end":{"line":93,"column":null}},"69":{"start":{"line":99,"column":4},"end":{"line":104,"column":null}},"70":{"start":{"line":100,"column":8},"end":{"line":103,"column":null}},"71":{"start":{"line":101,"column":33},"end":{"line":101,"column":null}},"72":{"start":{"line":102,"column":12},"end":{"line":102,"column":null}},"73":{"start":{"line":106,"column":4},"end":{"line":106,"column":null}}},"fnMap":{"0":{"name":"(anonymous_0)","decl":{"start":{"line":3,"column":13},"end":{"line":3,"column":33}},"loc":{"start":{"line":3,"column":65},"end":{"line":20,"column":null}},"line":3},"1":{"name":"(anonymous_1)","decl":{"start":{"line":26,"column":14},"end":{"line":26,"column":22}},"loc":{"start":{"line":26,"column":32},"end":{"line":28,"column":1}},"line":26},"2":{"name":"(anonymous_2)","decl":{"start":{"line":31,"column":37},"end":{"line":31,"column":46}},"loc":{"start":{"line":31,"column":67},"end":{"line":33,"column":1}},"line":31},"3":{"name":"(anonymous_3)","decl":{"start":{"line":32,"column":9},"end":{"line":32,"column":17}},"loc":{"start":{"line":32,"column":22},"end":{"line":32,"column":54}},"line":32},"4":{"name":"(anonymous_4)","decl":{"start":{"line":37,"column":13},"end":{"line":37,"column":35}},"loc":{"start":{"line":37,"column":79},"end":{"line":107,"column":null}},"line":37},"5":{"name":"(anonymous_5)","decl":{"start":{"line":41,"column":16},"end":{"line":41,"column":24}},"loc":{"start":{"line":41,"column":33},"end":{"line":47,"column":5}},"line":41},"6":{"name":"(anonymous_6)","decl":{"start":{"line":44,"column":43},"end":{"line":44,"column":48}},"loc":{"start":{"line":44,"column":62},"end":{"line":44,"column":81}},"line":44},"7":{"name":"(anonymous_7)","decl":{"start":{"line":51,"column":38},"end":{"line":51,"column":46}},"loc":{"start":{"line":51,"column":51},"end":{"line":51,"column":65}},"line":51},"8":{"name":"(anonymous_8)","decl":{"start":{"line":54,"column":17},"end":{"line":54,"column":25}},"loc":{"start":{"line":54,"column":40},"end":{"line":80,"column":5}},"line":54},"9":{"name":"(anonymous_9)","decl":{"start":{"line":57,"column":27},"end":{"line":57,"column":36}},"loc":{"start":{"line":57,"column":47},"end":{"line":79,"column":9}},"line":57},"10":{"name":"(anonymous_10)","decl":{"start":{"line":60,"column":25},"end":{"line":60,"column":33}},"loc":{"start":{"line":60,"column":49},"end":{"line":78,"column":13}},"line":60},"11":{"name":"(anonymous_11)","decl":{"start":{"line":65,"column":49},"end":{"line":65,"column":56}},"loc":{"start":{"line":65,"column":61},"end":{"line":65,"column":79}},"line":65},"12":{"name":"(anonymous_12)","decl":{"start":{"line":71,"column":30},"end":{"line":71,"column":38}},"loc":{"start":{"line":71,"column":45},"end":{"line":77,"column":17}},"line":71},"13":{"name":"(anonymous_13)","decl":{"start":{"line":83,"column":24},"end":{"line":83,"column":32}},"loc":{"start":{"line":83,"column":44},"end":{"line":96,"column":5}},"line":83},"14":{"name":"(anonymous_14)","decl":{"start":{"line":87,"column":13},"end":{"line":87,"column":21}},"loc":{"start":{"line":87,"column":28},"end":{"line":95,"column":9}},"line":87},"15":{"name":"(anonymous_15)","decl":{"start":{"line":99,"column":24},"end":{"line":99,"column":32}},"loc":{"start":{"line":99,"column":44},"end":{"line":104,"column":5}},"line":99},"16":{"name":"(anonymous_16)","decl":{"start":{"line":100,"column":38},"end":{"line":100,"column":46}},"loc":{"start":{"line":100,"column":53},"end":{"line":103,"column":9}},"line":100}},"branchMap":{"0":{"loc":{"start":{"line":7,"column":4},"end":{"line":7,"column":null}},"type":"if","locations":[{"start":{"line":7,"column":4},"end":{"line":7,"column":null}},{"start":{},"end":{}}],"line":7},"1":{"loc":{"start":{"line":8,"column":4},"end":{"line":8,"column":null}},"type":"if","locations":[{"start":{"line":8,"column":4},"end":{"line":8,"column":null}},{"start":{},"end":{}}],"line":8},"2":{"loc":{"start":{"line":9,"column":4},"end":{"line":9,"column":null}},"type":"if","locations":[{"start":{"line":9,"column":4},"end":{"line":9,"column":null}},{"start":{},"end":{}}],"line":9},"3":{"loc":{"start":{"line":10,"column":4},"end":{"line":10,"column":null}},"type":"if","locations":[{"start":{"line":10,"column":4},"end":{"line":10,"column":null}},{"start":{},"end":{}}],"line":10},"4":{"loc":{"start":{"line":11,"column":4},"end":{"line":11,"column":null}},"type":"if","locations":[{"start":{"line":11,"column":4},"end":{"line":11,"column":null}},{"start":{},"end":{}}],"line":11},"5":{"loc":{"start":{"line":12,"column":4},"end":{"line":12,"column":null}},"type":"if","locations":[{"start":{"line":12,"column":4},"end":{"line":12,"column":null}},{"start":{},"end":{}}],"line":12},"6":{"loc":{"start":{"line":13,"column":4},"end":{"line":13,"column":null}},"type":"if","locations":[{"start":{"line":13,"column":4},"end":{"line":13,"column":null}},{"start":{},"end":{}}],"line":13},"7":{"loc":{"start":{"line":14,"column":4},"end":{"line":14,"column":null}},"type":"if","locations":[{"start":{"line":14,"column":4},"end":{"line":14,"column":null}},{"start":{},"end":{}}],"line":14},"8":{"loc":{"start":{"line":15,"column":4},"end":{"line":15,"column":null}},"type":"if","locations":[{"start":{"line":15,"column":4},"end":{"line":15,"column":null}},{"start":{},"end":{}}],"line":15},"9":{"loc":{"start":{"line":16,"column":4},"end":{"line":16,"column":null}},"type":"if","locations":[{"start":{"line":16,"column":4},"end":{"line":16,"column":null}},{"start":{},"end":{}}],"line":16},"10":{"loc":{"start":{"line":17,"column":4},"end":{"line":17,"column":null}},"type":"if","locations":[{"start":{"line":17,"column":4},"end":{"line":17,"column":null}},{"start":{},"end":{}}],"line":17},"11":{"loc":{"start":{"line":42,"column":8},"end":{"line":42,"column":null}},"type":"if","locations":[{"start":{"line":42,"column":8},"end":{"line":42,"column":null}},{"start":{},"end":{}}],"line":42},"12":{"loc":{"start":{"line":42,"column":12},"end":{"line":42,"column":67}},"type":"binary-expr","locations":[{"start":{"line":42,"column":12},"end":{"line":42,"column":33}},{"start":{"line":42,"column":33},"end":{"line":42,"column":67}}],"line":42},"13":{"loc":{"start":{"line":55,"column":8},"end":{"line":55,"column":null}},"type":"if","locations":[{"start":{"line":55,"column":8},"end":{"line":55,"column":null}},{"start":{},"end":{}}],"line":55},"14":{"loc":{"start":{"line":58,"column":33},"end":{"line":58,"column":null}},"type":"binary-expr","locations":[{"start":{"line":58,"column":33},"end":{"line":58,"column":61}},{"start":{"line":58,"column":61},"end":{"line":58,"column":null}}],"line":58},"15":{"loc":{"start":{"line":62,"column":16},"end":{"line":62,"column":null}},"type":"if","locations":[{"start":{"line":62,"column":16},"end":{"line":62,"column":null}},{"start":{},"end":{}}],"line":62},"16":{"loc":{"start":{"line":67,"column":16},"end":{"line":69,"column":null}},"type":"if","locations":[{"start":{"line":67,"column":16},"end":{"line":69,"column":null}},{"start":{},"end":{}}],"line":67},"17":{"loc":{"start":{"line":72,"column":20},"end":{"line":72,"column":null}},"type":"if","locations":[{"start":{"line":72,"column":20},"end":{"line":72,"column":null}},{"start":{},"end":{}}],"line":72},"18":{"loc":{"start":{"line":88,"column":12},"end":{"line":94,"column":null}},"type":"if","locations":[{"start":{"line":88,"column":12},"end":{"line":94,"column":null}},{"start":{},"end":{}}],"line":88},"19":{"loc":{"start":{"line":88,"column":16},"end":{"line":88,"column":64}},"type":"binary-expr","locations":[{"start":{"line":88,"column":16},"end":{"line":88,"column":35}},{"start":{"line":88,"column":35},"end":{"line":88,"column":64}}],"line":88},"20":{"loc":{"start":{"line":89,"column":16},"end":{"line":89,"column":null}},"type":"if","locations":[{"start":{"line":89,"column":16},"end":{"line":89,"column":null}},{"start":{},"end":{}}],"line":89}},"s":{"0":3,"1":0,"2":0,"3":0,"4":0,"5":0,"6":0,"7":0,"8":0,"9":0,"10":0,"11":0,"12":0,"13":0,"14":0,"15":0,"16":0,"17":0,"18":0,"19":0,"20":0,"21":0,"22":0,"23":0,"24":0,"25":3,"26":3,"27":21,"28":3,"29":3,"30":21,"31":33,"32":3,"33":0,"34":0,"35":0,"36":0,"37":0,"38":0,"39":0,"40":0,"41":0,"42":0,"43":0,"44":0,"45":0,"46":0,"47":0,"48":0,"49":0,"50":0,"51":0,"52":0,"53":0,"54":0,"55":0,"56":0,"57":0,"58":0,"59":0,"60":0,"61":0,"62":0,"63":0,"64":0,"65":0,"66":0,"67":0,"68":0,"69":0,"70":0,"71":0,"72":0,"73":0},"f":{"0":0,"1":21,"2":21,"3":33,"4":0,"5":0,"6":0,"7":0,"8":0,"9":0,"10":0,"11":0,"12":0,"13":0,"14":0,"15":0,"16":0},"b":{"0":[0,0],"1":[0,0],"2":[0,0],"3":[0,0],"4":[0,0],"5":[0,0],"6":[0,0],"7":[0,0],"8":[0,0],"9":[0,0],"10":[0,0],"11":[0,0],"12":[0,0],"13":[0,0],"14":[0,0],"15":[0,0],"16":[0,0],"17":[0,0],"18":[0,0],"19":[0,0],"20":[0,0]},"meta":{"lastBranch":21,"lastFunction":17,"lastStatement":74,"seen":{"s:3:13:20:Infinity":0,"f:3:13:3:33":0,"s:4:16:4:Infinity":1,"b:7:4:7:Infinity:undefined:undefined:undefined:undefined":0,"s:7:4:7:Infinity":2,"s:7:139:7:Infinity":3,"b:8:4:8:Infinity:undefined:undefined:undefined:undefined":1,"s:8:4:8:Infinity":4,"s:8:60:8:Infinity":5,"b:9:4:9:Infinity:undefined:undefined:undefined:undefined":2,"s:9:4:9:Infinity":6,"s:9:207:9:Infinity":7,"b:10:4:10:Infinity:undefined:undefined:undefined:undefined":3,"s:10:4:10:Infinity":8,"s:10:135:10:Infinity":9,"b:11:4:11:Infinity:undefined:undefined:undefined:undefined":4,"s:11:4:11:Infinity":10,"s:11:105:11:Infinity":11,"b:12:4:12:Infinity:undefined:undefined:undefined:undefined":5,"s:12:4:12:Infinity":12,"s:12:69:12:Infinity":13,"b:13:4:13:Infinity:undefined:undefined:undefined:undefined":6,"s:13:4:13:Infinity":14,"s:13:93:13:Infinity":15,"b:14:4:14:Infinity:undefined:undefined:undefined:undefined":7,"s:14:4:14:Infinity":16,"s:14:117:14:Infinity":17,"b:15:4:15:Infinity:undefined:undefined:undefined:undefined":8,"s:15:4:15:Infinity":18,"s:15:93:15:Infinity":19,"b:16:4:16:Infinity:undefined:undefined:undefined:undefined":9,"s:16:4:16:Infinity":20,"s:16:56:16:Infinity":21,"b:17:4:17:Infinity:undefined:undefined:undefined:undefined":10,"s:17:4:17:Infinity":22,"s:17:162:17:Infinity":23,"s:19:4:19:Infinity":24,"s:25:62:25:Infinity":25,"s:26:0:28:Infinity":26,"f:26:14:26:22":1,"s:27:4:27:Infinity":27,"s:30:58:30:Infinity":28,"s:31:0:33:Infinity":29,"f:31:37:31:46":2,"s:32:4:32:Infinity":30,"f:32:9:32:17":3,"s:32:22:32:54":31,"s:37:13:107:Infinity":32,"f:37:13:37:35":4,"s:39:57:39:Infinity":33,"s:41:4:47:Infinity":34,"f:41:16:41:24":5,"b:42:8:42:Infinity:undefined:undefined:undefined:undefined":11,"s:42:8:42:Infinity":35,"b:42:12:42:33:42:33:42:67":12,"s:42:67:42:Infinity":36,"s:44:26:44:Infinity":37,"f:44:43:44:48":6,"s:44:62:44:81":38,"s:46:8:46:Infinity":39,"s:50:58:50:Infinity":40,"s:51:4:51:Infinity":41,"f:51:38:51:46":7,"s:51:51:51:65":42,"s:54:4:80:Infinity":43,"f:54:17:54:25":8,"b:55:8:55:Infinity:undefined:undefined:undefined:undefined":13,"s:55:8:55:Infinity":44,"s:55:41:55:Infinity":45,"s:57:8:79:Infinity":46,"f:57:27:57:36":9,"s:58:33:58:Infinity":47,"b:58:33:58:61:58:61:58:Infinity":14,"s:60:12:78:Infinity":48,"f:60:25:60:33":10,"s:61:33:61:Infinity":49,"b:62:16:62:Infinity:undefined:undefined:undefined:undefined":15,"s:62:16:62:Infinity":50,"s:62:31:62:Infinity":51,"s:65:36:65:Infinity":52,"f:65:49:65:56":11,"s:65:61:65:79":53,"b:67:16:69:Infinity:undefined:undefined:undefined:undefined":16,"s:67:16:69:Infinity":54,"s:68:20:68:Infinity":55,"s:71:16:77:Infinity":56,"f:71:30:71:38":12,"b:72:20:72:Infinity:undefined:undefined:undefined:undefined":17,"s:72:20:72:Infinity":57,"s:72:48:72:Infinity":58,"s:76:20:76:Infinity":59,"s:83:4:96:Infinity":60,"f:83:24:83:32":13,"s:84:27:84:Infinity":61,"s:85:21:85:Infinity":62,"s:87:8:95:Infinity":63,"f:87:13:87:21":14,"b:88:12:94:Infinity:undefined:undefined:undefined:undefined":18,"s:88:12:94:Infinity":64,"b:88:16:88:35:88:35:88:64":19,"b:89:16:89:Infinity:undefined:undefined:undefined:undefined":20,"s:89:16:89:Infinity":65,"s:89:42:89:Infinity":66,"s:91:16:91:Infinity":67,"s:93:16:93:Infinity":68,"s:99:4:104:Infinity":69,"f:99:24:99:32":15,"s:100:8:103:Infinity":70,"f:100:38:100:46":16,"s:101:33:101:Infinity":71,"s:102:12:102:Infinity":72,"s:106:4:106:Infinity":73},"fnNames":{}}}
,"C:\\Users\\Igor\\Desktop\\Sarak\\X - Trabalho\\Code\\Biblioteca\\Sarak-Lib-UI-Core\\src\\styles\\sarak-base.css": {"path":"C:\\Users\\Igor\\Desktop\\Sarak\\X - Trabalho\\Code\\Biblioteca\\Sarak-Lib-UI-Core\\src\\styles\\sarak-base.css","statementMap":{},"fnMap":{},"branchMap":{},"s":{},"f":{},"b":{},"meta":{"lastBranch":0,"lastFunction":0,"lastStatement":0,"seen":{},"fnNames":{}}}
}
